{"C:\\src\\MusicTheoryJS\\src\\Modifier.ts": {"path":"C:\\src\\MusicTheoryJS\\src\\Modifier.ts","statementMap":{"0":{"start":{"line":1,"column":0},"end":{"line":1,"column":null}},"1":{"start":{"line":2,"column":3},"end":{"line":2,"column":null}},"2":{"start":{"line":3,"column":3},"end":{"line":3,"column":null}},"3":{"start":{"line":4,"column":3},"end":{"line":4,"column":null}},"4":{"start":{"line":7,"column":22},"end":{"line":21,"column":1}},"5":{"start":{"line":8,"column":3},"end":{"line":20,"column":null}},"6":{"start":{"line":11,"column":9},"end":{"line":11,"column":30}},"7":{"start":{"line":16,"column":9},"end":{"line":16,"column":31}},"8":{"start":{"line":19,"column":9},"end":{"line":19,"column":33}},"9":{"start":{"line":24,"column":9},"end":{"line":24,"column":22}},"10":{"start":{"line":23,"column":0},"end":{"line":23,"column":24}}},"fnMap":{"0":{"name":"(anonymous_0)","decl":{"start":{"line":1,"column":0},"end":{"line":1,"column":5}},"loc":{"start":{"line":1,"column":13},"end":{"line":5,"column":1}}},"1":{"name":"(anonymous_1)","decl":{"start":{"line":7,"column":22},"end":{"line":7,"column":23}},"loc":{"start":{"line":7,"column":53},"end":{"line":21,"column":1}}}},"branchMap":{"0":{"loc":{"start":{"line":1,"column":5},"end":{"line":1,"column":null}},"type":"binary-expr","locations":[{"start":{"line":1,"column":5},"end":{"line":1,"column":13}},{"start":{"line":1,"column":5},"end":{"line":1,"column":null}}]},"1":{"loc":{"start":{"line":8,"column":3},"end":{"line":20,"column":null}},"type":"switch","locations":[{"start":{"line":9,"column":6},"end":{"line":9,"column":15}},{"start":{"line":10,"column":6},"end":{"line":11,"column":30}},{"start":{"line":13,"column":6},"end":{"line":13,"column":15}},{"start":{"line":14,"column":6},"end":{"line":14,"column":15}},{"start":{"line":15,"column":6},"end":{"line":16,"column":31}},{"start":{"line":18,"column":6},"end":{"line":19,"column":33}}]}},"s":{"0":6,"1":6,"2":6,"3":6,"4":6,"5":31517,"6":10506,"7":21007,"8":4,"9":6,"10":6},"f":{"0":6,"1":31517},"b":{"0":[6,6],"1":[10505,10506,10504,21006,21007,4]}}
,"C:\\src\\MusicTheoryJS\\src\\Semitone.ts": {"path":"C:\\src\\MusicTheoryJS\\src\\Semitone.ts","statementMap":{"0":{"start":{"line":6,"column":0},"end":{"line":6,"column":null}},"1":{"start":{"line":7,"column":3},"end":{"line":7,"column":null}},"2":{"start":{"line":8,"column":3},"end":{"line":8,"column":null}},"3":{"start":{"line":9,"column":3},"end":{"line":9,"column":null}},"4":{"start":{"line":10,"column":3},"end":{"line":10,"column":null}},"5":{"start":{"line":11,"column":3},"end":{"line":11,"column":null}},"6":{"start":{"line":12,"column":3},"end":{"line":12,"column":null}},"7":{"start":{"line":13,"column":3},"end":{"line":13,"column":null}},"8":{"start":{"line":14,"column":3},"end":{"line":14,"column":null}},"9":{"start":{"line":15,"column":3},"end":{"line":15,"column":null}},"10":{"start":{"line":16,"column":3},"end":{"line":16,"column":null}},"11":{"start":{"line":17,"column":3},"end":{"line":17,"column":null}},"12":{"start":{"line":18,"column":3},"end":{"line":18,"column":null}},"13":{"start":{"line":19,"column":3},"end":{"line":19,"column":null}},"14":{"start":{"line":20,"column":3},"end":{"line":20,"column":null}},"15":{"start":{"line":21,"column":3},"end":{"line":21,"column":null}},"16":{"start":{"line":22,"column":3},"end":{"line":22,"column":null}},"17":{"start":{"line":23,"column":3},"end":{"line":23,"column":null}},"18":{"start":{"line":24,"column":3},"end":{"line":24,"column":null}},"19":{"start":{"line":25,"column":3},"end":{"line":25,"column":null}},"20":{"start":{"line":26,"column":3},"end":{"line":26,"column":null}},"21":{"start":{"line":27,"column":3},"end":{"line":27,"column":null}},"22":{"start":{"line":36,"column":29},"end":{"line":42,"column":1}},"23":{"start":{"line":37,"column":3},"end":{"line":38,"column":38}},"24":{"start":{"line":38,"column":6},"end":{"line":38,"column":38}},"25":{"start":{"line":39,"column":15},"end":{"line":39,"column":36}},"26":{"start":{"line":41,"column":3},"end":{"line":41,"column":49}},"27":{"start":{"line":45,"column":9},"end":{"line":45,"column":29}},"28":{"start":{"line":44,"column":0},"end":{"line":44,"column":24}}},"fnMap":{"0":{"name":"(anonymous_0)","decl":{"start":{"line":6,"column":0},"end":{"line":6,"column":5}},"loc":{"start":{"line":6,"column":13},"end":{"line":28,"column":1}}},"1":{"name":"(anonymous_1)","decl":{"start":{"line":36,"column":29},"end":{"line":36,"column":30}},"loc":{"start":{"line":36,"column":56},"end":{"line":42,"column":1}}}},"branchMap":{"0":{"loc":{"start":{"line":6,"column":5},"end":{"line":6,"column":null}},"type":"binary-expr","locations":[{"start":{"line":6,"column":5},"end":{"line":6,"column":13}},{"start":{"line":6,"column":5},"end":{"line":6,"column":null}}]},"1":{"loc":{"start":{"line":37,"column":3},"end":{"line":38,"column":38}},"type":"if","locations":[{"start":{"line":37,"column":3},"end":{"line":38,"column":38}}]},"2":{"loc":{"start":{"line":37,"column":7},"end":{"line":37,"column":52}},"type":"binary-expr","locations":[{"start":{"line":37,"column":7},"end":{"line":37,"column":12}},{"start":{"line":37,"column":16},"end":{"line":37,"column":33}},{"start":{"line":37,"column":37},"end":{"line":37,"column":52}}]}},"s":{"0":6,"1":6,"2":6,"3":6,"4":6,"5":6,"6":6,"7":6,"8":6,"9":6,"10":6,"11":6,"12":6,"13":6,"14":6,"15":6,"16":6,"17":6,"18":6,"19":6,"20":6,"21":6,"22":6,"23":42017,"24":2,"25":42015,"26":42015,"27":6,"28":6},"f":{"0":6,"1":42017},"b":{"0":[6,6],"1":[2],"2":[42017,42016,42016]}}
,"C:\\src\\MusicTheoryJS\\src\\Instrument\\Instrument.ts": {"path":"C:\\src\\MusicTheoryJS\\src\\Instrument\\Instrument.ts","statementMap":{"0":{"start":{"line":1,"column":0},"end":{"line":1,"column":30}},"1":{"start":{"line":4,"column":0},"end":{"line":4,"column":26}},"2":{"start":{"line":23,"column":6},"end":{"line":23,"column":39}},"3":{"start":{"line":31,"column":16},"end":{"line":31,"column":21}},"4":{"start":{"line":39,"column":6},"end":{"line":39,"column":64}},"5":{"start":{"line":48,"column":6},"end":{"line":48,"column":67}},"6":{"start":{"line":57,"column":6},"end":{"line":57,"column":52}},"7":{"start":{"line":61,"column":0},"end":{"line":61,"column":26}}},"fnMap":{"0":{"name":"(anonymous_1)","decl":{"start":{"line":22,"column":3},"end":{"line":22,"column":15}},"loc":{"start":{"line":22,"column":35},"end":{"line":24,"column":4}}},"1":{"name":"(anonymous_2)","decl":{"start":{"line":38,"column":3},"end":{"line":38,"column":15}},"loc":{"start":{"line":38,"column":26},"end":{"line":40,"column":4}}},"2":{"name":"(anonymous_3)","decl":{"start":{"line":47,"column":3},"end":{"line":47,"column":13}},"loc":{"start":{"line":47,"column":24},"end":{"line":49,"column":4}}},"3":{"name":"(anonymous_4)","decl":{"start":{"line":56,"column":10},"end":{"line":56,"column":18}},"loc":{"start":{"line":56,"column":18},"end":{"line":58,"column":4}}}},"branchMap":{"0":{"loc":{"start":{"line":22,"column":15},"end":{"line":22,"column":35}},"type":"default-arg","locations":[{"start":{"line":22,"column":32},"end":{"line":22,"column":35}}]}},"s":{"0":1,"1":1,"2":4,"3":4,"4":1,"5":1,"6":0,"7":1},"f":{"0":4,"1":1,"2":1,"3":0},"b":{"0":[3]}}
,"C:\\src\\MusicTheoryJS\\src\\Instrument\\Tuning.ts": {"path":"C:\\src\\MusicTheoryJS\\src\\Instrument\\Tuning.ts","statementMap":{"0":{"start":{"line":2,"column":0},"end":{"line":2,"column":50}},"1":{"start":{"line":3,"column":0},"end":{"line":3,"column":26}},"2":{"start":{"line":19,"column":6},"end":{"line":19,"column":24}},"3":{"start":{"line":20,"column":6},"end":{"line":20,"column":25}},"4":{"start":{"line":28,"column":16},"end":{"line":28,"column":21}},"5":{"start":{"line":35,"column":25},"end":{"line":35,"column":28}},"6":{"start":{"line":38,"column":6},"end":{"line":38,"column":22}},"7":{"start":{"line":47,"column":6},"end":{"line":47,"column":23}},"8":{"start":{"line":48,"column":6},"end":{"line":48,"column":25}},"9":{"start":{"line":57,"column":54},"end":{"line":57,"column":56}},"10":{"start":{"line":60,"column":18},"end":{"line":60,"column":41}},"11":{"start":{"line":61,"column":6},"end":{"line":61,"column":37}},"12":{"start":{"line":69,"column":51},"end":{"line":69,"column":53}},"13":{"start":{"line":72,"column":18},"end":{"line":72,"column":41}},"14":{"start":{"line":73,"column":6},"end":{"line":73,"column":34}},"15":{"start":{"line":82,"column":21},"end":{"line":82,"column":43}},"16":{"start":{"line":83,"column":6},"end":{"line":83,"column":45}},"17":{"start":{"line":84,"column":6},"end":{"line":84,"column":42}},"18":{"start":{"line":93,"column":6},"end":{"line":93,"column":35}},"19":{"start":{"line":97,"column":0},"end":{"line":97,"column":22}}},"fnMap":{"0":{"name":"(anonymous_0)","decl":{"start":{"line":18,"column":3},"end":{"line":18,"column":15}},"loc":{"start":{"line":18,"column":35},"end":{"line":21,"column":4}}},"1":{"name":"(anonymous_1)","decl":{"start":{"line":37,"column":3},"end":{"line":37,"column":14}},"loc":{"start":{"line":37,"column":16},"end":{"line":39,"column":4}}},"2":{"name":"(anonymous_2)","decl":{"start":{"line":46,"column":3},"end":{"line":46,"column":14}},"loc":{"start":{"line":46,"column":30},"end":{"line":49,"column":4}}},"3":{"name":"(anonymous_3)","decl":{"start":{"line":59,"column":10},"end":{"line":59,"column":23}},"loc":{"start":{"line":59,"column":56},"end":{"line":62,"column":4}}},"4":{"name":"(anonymous_4)","decl":{"start":{"line":71,"column":10},"end":{"line":71,"column":20}},"loc":{"start":{"line":71,"column":53},"end":{"line":74,"column":4}}},"5":{"name":"(anonymous_5)","decl":{"start":{"line":81,"column":11},"end":{"line":81,"column":22}},"loc":{"start":{"line":81,"column":22},"end":{"line":85,"column":4}}},"6":{"name":"(anonymous_6)","decl":{"start":{"line":92,"column":10},"end":{"line":92,"column":18}},"loc":{"start":{"line":92,"column":18},"end":{"line":94,"column":4}}}},"branchMap":{"0":{"loc":{"start":{"line":18,"column":15},"end":{"line":18,"column":35}},"type":"default-arg","locations":[{"start":{"line":18,"column":32},"end":{"line":18,"column":35}}]}},"s":{"0":2,"1":2,"2":8,"3":8,"4":8,"5":8,"6":2,"7":2,"8":2,"9":8,"10":2,"11":2,"12":8,"13":3,"14":3,"15":10,"16":10,"17":10,"18":0,"19":2},"f":{"0":8,"1":2,"2":2,"3":2,"4":3,"5":10,"6":0},"b":{"0":[1]}}
,"C:\\src\\MusicTheoryJS\\src\\Instrument\\instrumentTables.ts": {"path":"C:\\src\\MusicTheoryJS\\src\\Instrument\\instrumentTables.ts","statementMap":{"0":{"start":{"line":6,"column":22},"end":{"line":6,"column":24}},"1":{"start":{"line":7,"column":20},"end":{"line":7,"column":22}},"2":{"start":{"line":8,"column":22},"end":{"line":8,"column":24}},"3":{"start":{"line":15,"column":20},"end":{"line":15,"column":115}},"4":{"start":{"line":15,"column":66},"end":{"line":15,"column":115}},"5":{"start":{"line":23,"column":22},"end":{"line":23,"column":106}},"6":{"start":{"line":23,"column":69},"end":{"line":23,"column":106}},"7":{"start":{"line":40,"column":31},"end":{"line":74,"column":1}},"8":{"start":{"line":47,"column":48},"end":{"line":47,"column":50}},"9":{"start":{"line":55,"column":48},"end":{"line":55,"column":50}},"10":{"start":{"line":57,"column":25},"end":{"line":57,"column":26}},"11":{"start":{"line":58,"column":27},"end":{"line":58,"column":28}},"12":{"start":{"line":60,"column":3},"end":{"line":68,"column":null}},"13":{"start":{"line":61,"column":6},"end":{"line":67,"column":null}},"14":{"start":{"line":62,"column":21},"end":{"line":62,"column":46}},"15":{"start":{"line":63,"column":22},"end":{"line":63,"column":53}},"16":{"start":{"line":64,"column":22},"end":{"line":64,"column":51}},"17":{"start":{"line":65,"column":9},"end":{"line":65,"column":31}},"18":{"start":{"line":66,"column":9},"end":{"line":66,"column":31}},"19":{"start":{"line":70,"column":3},"end":{"line":73,"column":5}},"20":{"start":{"line":76,"column":9},"end":{"line":76,"column":21}}},"fnMap":{"0":{"name":"(anonymous_0)","decl":{"start":{"line":15,"column":20},"end":{"line":15,"column":21}},"loc":{"start":{"line":15,"column":66},"end":{"line":15,"column":115}}},"1":{"name":"(anonymous_1)","decl":{"start":{"line":23,"column":22},"end":{"line":23,"column":23}},"loc":{"start":{"line":23,"column":69},"end":{"line":23,"column":106}}},"2":{"name":"(anonymous_2)","decl":{"start":{"line":40,"column":31},"end":{"line":40,"column":32}},"loc":{"start":{"line":40,"column":66},"end":{"line":74,"column":1}}}},"branchMap":{"0":{"loc":{"start":{"line":40,"column":32},"end":{"line":40,"column":54}},"type":"default-arg","locations":[{"start":{"line":40,"column":51},"end":{"line":40,"column":54}}]}},"s":{"0":3,"1":3,"2":3,"3":3,"4":1320,"5":3,"6":1320,"7":3,"8":11,"9":11,"10":11,"11":11,"12":11,"13":110,"14":1320,"15":1320,"16":1320,"17":1320,"18":1320,"19":11,"20":3},"f":{"0":1320,"1":1320,"2":11},"b":{"0":[1]}}
,"C:\\src\\MusicTheoryJS\\src\\Note\\Note.ts": {"path":"C:\\src\\MusicTheoryJS\\src\\Note\\Note.ts","statementMap":{"0":{"start":{"line":2,"column":0},"end":{"line":2,"column":35}},"1":{"start":{"line":3,"column":0},"end":{"line":3,"column":33}},"2":{"start":{"line":4,"column":0},"end":{"line":4,"column":35}},"3":{"start":{"line":5,"column":0},"end":{"line":5,"column":37}},"4":{"start":{"line":7,"column":0},"end":{"line":7,"column":null}},"5":{"start":{"line":287,"column":9},"end":{"line":9,"column":null}},"6":{"start":{"line":287,"column":20},"end":{"line":10,"column":null}},"7":{"start":{"line":287,"column":31},"end":{"line":11,"column":null}},"8":{"start":{"line":287,"column":43},"end":{"line":12,"column":null}},"9":{"start":{"line":16,"column":0},"end":{"line":16,"column":45}},"10":{"start":{"line":17,"column":0},"end":{"line":17,"column":26}},"11":{"start":{"line":37,"column":6},"end":{"line":51,"column":null}},"12":{"start":{"line":38,"column":9},"end":{"line":38,"column":38}},"13":{"start":{"line":39,"column":9},"end":{"line":39,"column":42}},"14":{"start":{"line":40,"column":13},"end":{"line":51,"column":null}},"15":{"start":{"line":41,"column":9},"end":{"line":41,"column":36}},"16":{"start":{"line":42,"column":9},"end":{"line":42,"column":56}},"17":{"start":{"line":43,"column":9},"end":{"line":43,"column":62}},"18":{"start":{"line":44,"column":9},"end":{"line":44,"column":41}},"19":{"start":{"line":48,"column":9},"end":{"line":48,"column":56}},"20":{"start":{"line":49,"column":9},"end":{"line":49,"column":62}},"21":{"start":{"line":50,"column":9},"end":{"line":50,"column":41}},"22":{"start":{"line":59,"column":16},"end":{"line":59,"column":21}},"23":{"start":{"line":66,"column":29},"end":{"line":66,"column":45}},"24":{"start":{"line":67,"column":37},"end":{"line":67,"column":53}},"25":{"start":{"line":70,"column":6},"end":{"line":70,"column":24}},"26":{"start":{"line":81,"column":22},"end":{"line":81,"column":58}},"27":{"start":{"line":82,"column":6},"end":{"line":82,"column":38}},"28":{"start":{"line":83,"column":6},"end":{"line":83,"column":33}},"29":{"start":{"line":84,"column":6},"end":{"line":84,"column":53}},"30":{"start":{"line":92,"column":29},"end":{"line":92,"column":43}},"31":{"start":{"line":95,"column":6},"end":{"line":95,"column":26}},"32":{"start":{"line":104,"column":6},"end":{"line":104,"column":59}},"33":{"start":{"line":114,"column":6},"end":{"line":117,"column":19}},"34":{"start":{"line":127,"column":6},"end":{"line":127,"column":40}},"35":{"start":{"line":128,"column":6},"end":{"line":128,"column":18}},"36":{"start":{"line":138,"column":23},"end":{"line":138,"column":65}},"37":{"start":{"line":139,"column":6},"end":{"line":139,"column":34}},"38":{"start":{"line":139,"column":21},"end":{"line":139,"column":34}},"39":{"start":{"line":142,"column":6},"end":{"line":146,"column":22}},"40":{"start":{"line":146,"column":9},"end":{"line":146,"column":22}},"41":{"start":{"line":149,"column":6},"end":{"line":149,"column":18}},"42":{"start":{"line":159,"column":6},"end":{"line":162,"column":19}},"43":{"start":{"line":172,"column":6},"end":{"line":172,"column":40}},"44":{"start":{"line":173,"column":6},"end":{"line":173,"column":18}},"45":{"start":{"line":183,"column":23},"end":{"line":183,"column":65}},"46":{"start":{"line":184,"column":6},"end":{"line":184,"column":34}},"47":{"start":{"line":184,"column":21},"end":{"line":184,"column":34}},"48":{"start":{"line":187,"column":6},"end":{"line":191,"column":22}},"49":{"start":{"line":191,"column":9},"end":{"line":191,"column":22}},"50":{"start":{"line":194,"column":6},"end":{"line":194,"column":18}},"51":{"start":{"line":203,"column":6},"end":{"line":203,"column":76}},"52":{"start":{"line":212,"column":6},"end":{"line":215,"column":9}},"53":{"start":{"line":224,"column":6},"end":{"line":227,"column":8}},"54":{"start":{"line":237,"column":6},"end":{"line":240,"column":9}},"55":{"start":{"line":244,"column":6},"end":{"line":247,"column":9}},"56":{"start":{"line":251,"column":6},"end":{"line":254,"column":9}},"57":{"start":{"line":258,"column":6},"end":{"line":261,"column":9}},"58":{"start":{"line":265,"column":6},"end":{"line":268,"column":9}},"59":{"start":{"line":272,"column":6},"end":{"line":275,"column":9}},"60":{"start":{"line":279,"column":6},"end":{"line":282,"column":9}},"61":{"start":{"line":286,"column":0},"end":{"line":286,"column":20}}},"fnMap":{"0":{"name":"(anonymous_1)","decl":{"start":{"line":287,"column":9},"end":{"line":287,"column":18}},"loc":{"start":{"line":287,"column":9},"end":{"line":9,"column":null}}},"1":{"name":"(anonymous_2)","decl":{"start":{"line":287,"column":20},"end":{"line":287,"column":29}},"loc":{"start":{"line":287,"column":20},"end":{"line":10,"column":null}}},"2":{"name":"(anonymous_3)","decl":{"start":{"line":287,"column":31},"end":{"line":287,"column":41}},"loc":{"start":{"line":287,"column":31},"end":{"line":11,"column":null}}},"3":{"name":"(anonymous_4)","decl":{"start":{"line":287,"column":43},"end":{"line":287,"column":53}},"loc":{"start":{"line":287,"column":43},"end":{"line":12,"column":null}}},"4":{"name":"(anonymous_5)","decl":{"start":{"line":36,"column":3},"end":{"line":36,"column":15}},"loc":{"start":{"line":36,"column":48},"end":{"line":52,"column":4}}},"5":{"name":"(anonymous_6)","decl":{"start":{"line":69,"column":3},"end":{"line":69,"column":7}},"loc":{"start":{"line":69,"column":15},"end":{"line":71,"column":4}}},"6":{"name":"(anonymous_7)","decl":{"start":{"line":80,"column":3},"end":{"line":80,"column":7}},"loc":{"start":{"line":80,"column":34},"end":{"line":85,"column":4}}},"7":{"name":"(anonymous_8)","decl":{"start":{"line":94,"column":3},"end":{"line":94,"column":7}},"loc":{"start":{"line":94,"column":13},"end":{"line":96,"column":4}}},"8":{"name":"(anonymous_9)","decl":{"start":{"line":103,"column":3},"end":{"line":103,"column":7}},"loc":{"start":{"line":103,"column":28},"end":{"line":105,"column":4}}},"9":{"name":"(anonymous_10)","decl":{"start":{"line":113,"column":10},"end":{"line":113,"column":15}},"loc":{"start":{"line":113,"column":15},"end":{"line":118,"column":4}}},"10":{"name":"(anonymous_11)","decl":{"start":{"line":126,"column":10},"end":{"line":126,"column":17}},"loc":{"start":{"line":126,"column":17},"end":{"line":129,"column":4}}},"11":{"name":"(anonymous_12)","decl":{"start":{"line":136,"column":10},"end":{"line":136,"column":17}},"loc":{"start":{"line":136,"column":17},"end":{"line":150,"column":4}}},"12":{"name":"(anonymous_13)","decl":{"start":{"line":158,"column":10},"end":{"line":158,"column":14}},"loc":{"start":{"line":158,"column":14},"end":{"line":163,"column":4}}},"13":{"name":"(anonymous_14)","decl":{"start":{"line":171,"column":10},"end":{"line":171,"column":17}},"loc":{"start":{"line":171,"column":17},"end":{"line":174,"column":4}}},"14":{"name":"(anonymous_15)","decl":{"start":{"line":181,"column":10},"end":{"line":181,"column":16}},"loc":{"start":{"line":181,"column":16},"end":{"line":195,"column":4}}},"15":{"name":"(anonymous_16)","decl":{"start":{"line":202,"column":10},"end":{"line":202,"column":16}},"loc":{"start":{"line":202,"column":27},"end":{"line":204,"column":4}}},"16":{"name":"(anonymous_17)","decl":{"start":{"line":211,"column":10},"end":{"line":211,"column":14}},"loc":{"start":{"line":211,"column":14},"end":{"line":216,"column":4}}},"17":{"name":"(anonymous_18)","decl":{"start":{"line":223,"column":10},"end":{"line":223,"column":18}},"loc":{"start":{"line":223,"column":18},"end":{"line":228,"column":4}}},"18":{"name":"(anonymous_19)","decl":{"start":{"line":236,"column":3},"end":{"line":236,"column":9}},"loc":{"start":{"line":236,"column":30},"end":{"line":241,"column":4}}},"19":{"name":"(anonymous_20)","decl":{"start":{"line":243,"column":3},"end":{"line":243,"column":9}},"loc":{"start":{"line":243,"column":30},"end":{"line":248,"column":4}}},"20":{"name":"(anonymous_21)","decl":{"start":{"line":250,"column":3},"end":{"line":250,"column":9}},"loc":{"start":{"line":250,"column":30},"end":{"line":255,"column":4}}},"21":{"name":"(anonymous_22)","decl":{"start":{"line":257,"column":3},"end":{"line":257,"column":9}},"loc":{"start":{"line":257,"column":30},"end":{"line":262,"column":4}}},"22":{"name":"(anonymous_23)","decl":{"start":{"line":264,"column":3},"end":{"line":264,"column":9}},"loc":{"start":{"line":264,"column":30},"end":{"line":269,"column":4}}},"23":{"name":"(anonymous_24)","decl":{"start":{"line":271,"column":3},"end":{"line":271,"column":9}},"loc":{"start":{"line":271,"column":30},"end":{"line":276,"column":4}}},"24":{"name":"(anonymous_25)","decl":{"start":{"line":278,"column":3},"end":{"line":278,"column":9}},"loc":{"start":{"line":278,"column":30},"end":{"line":283,"column":4}}}},"branchMap":{"0":{"loc":{"start":{"line":37,"column":6},"end":{"line":51,"column":null}},"type":"if","locations":[{"start":{"line":37,"column":6},"end":{"line":51,"column":null}},{"start":{"line":40,"column":13},"end":{"line":51,"column":null}}]},"1":{"loc":{"start":{"line":40,"column":13},"end":{"line":51,"column":null}},"type":"if","locations":[{"start":{"line":40,"column":13},"end":{"line":51,"column":null}},{"start":{"line":45,"column":13},"end":{"line":51,"column":null}}]},"2":{"loc":{"start":{"line":42,"column":23},"end":{"line":42,"column":55}},"type":"binary-expr","locations":[{"start":{"line":42,"column":23},"end":{"line":42,"column":37}},{"start":{"line":42,"column":41},"end":{"line":42,"column":55}}]},"3":{"loc":{"start":{"line":43,"column":25},"end":{"line":43,"column":61}},"type":"binary-expr","locations":[{"start":{"line":43,"column":25},"end":{"line":43,"column":41}},{"start":{"line":43,"column":45},"end":{"line":43,"column":61}}]},"4":{"loc":{"start":{"line":48,"column":23},"end":{"line":48,"column":55}},"type":"binary-expr","locations":[{"start":{"line":48,"column":23},"end":{"line":48,"column":37}},{"start":{"line":48,"column":41},"end":{"line":48,"column":55}}]},"5":{"loc":{"start":{"line":49,"column":25},"end":{"line":49,"column":61}},"type":"binary-expr","locations":[{"start":{"line":49,"column":25},"end":{"line":49,"column":41}},{"start":{"line":49,"column":45},"end":{"line":49,"column":61}}]},"6":{"loc":{"start":{"line":139,"column":6},"end":{"line":139,"column":34}},"type":"if","locations":[{"start":{"line":139,"column":6},"end":{"line":139,"column":34}}]},"7":{"loc":{"start":{"line":142,"column":6},"end":{"line":146,"column":22}},"type":"if","locations":[{"start":{"line":142,"column":6},"end":{"line":146,"column":22}}]},"8":{"loc":{"start":{"line":184,"column":6},"end":{"line":184,"column":34}},"type":"if","locations":[{"start":{"line":184,"column":6},"end":{"line":184,"column":34}}]},"9":{"loc":{"start":{"line":187,"column":6},"end":{"line":191,"column":22}},"type":"if","locations":[{"start":{"line":187,"column":6},"end":{"line":191,"column":22}}]},"10":{"loc":{"start":{"line":203,"column":13},"end":{"line":203,"column":75}},"type":"binary-expr","locations":[{"start":{"line":203,"column":13},"end":{"line":203,"column":44}},{"start":{"line":203,"column":48},"end":{"line":203,"column":75}}]},"11":{"loc":{"start":{"line":236,"column":12},"end":{"line":236,"column":30}},"type":"default-arg","locations":[{"start":{"line":236,"column":29},"end":{"line":236,"column":30}}]},"12":{"loc":{"start":{"line":243,"column":12},"end":{"line":243,"column":30}},"type":"default-arg","locations":[{"start":{"line":243,"column":29},"end":{"line":243,"column":30}}]},"13":{"loc":{"start":{"line":250,"column":12},"end":{"line":250,"column":30}},"type":"default-arg","locations":[{"start":{"line":250,"column":29},"end":{"line":250,"column":30}}]},"14":{"loc":{"start":{"line":257,"column":12},"end":{"line":257,"column":30}},"type":"default-arg","locations":[{"start":{"line":257,"column":29},"end":{"line":257,"column":30}}]},"15":{"loc":{"start":{"line":264,"column":12},"end":{"line":264,"column":30}},"type":"default-arg","locations":[{"start":{"line":264,"column":29},"end":{"line":264,"column":30}}]},"16":{"loc":{"start":{"line":271,"column":12},"end":{"line":271,"column":30}},"type":"default-arg","locations":[{"start":{"line":271,"column":29},"end":{"line":271,"column":30}}]},"17":{"loc":{"start":{"line":278,"column":12},"end":{"line":278,"column":30}},"type":"default-arg","locations":[{"start":{"line":278,"column":29},"end":{"line":278,"column":30}}]}},"s":{"0":3,"1":3,"2":3,"3":3,"4":3,"5":3,"6":3,"7":3,"8":3,"9":3,"10":3,"11":898,"12":2,"13":2,"14":896,"15":20,"16":20,"17":20,"18":20,"19":876,"20":876,"21":876,"22":898,"23":898,"24":898,"25":102,"26":911,"27":911,"28":911,"29":911,"30":898,"31":65,"32":909,"33":2,"34":5,"35":5,"36":7,"37":7,"38":0,"39":7,"40":2,"41":5,"42":2,"43":5,"44":5,"45":7,"46":7,"47":0,"48":7,"49":2,"50":5,"51":2,"52":10,"53":5,"54":1,"55":1,"56":1,"57":1,"58":1,"59":1,"60":1,"61":3},"f":{"0":0,"1":0,"2":0,"3":0,"4":898,"5":102,"6":911,"7":65,"8":909,"9":2,"10":5,"11":7,"12":2,"13":5,"14":7,"15":2,"16":10,"17":5,"18":1,"19":1,"20":1,"21":1,"22":1,"23":1,"24":1},"b":{"0":[2,896],"1":[20,876],"2":[20,0],"3":[20,0],"4":[876,0],"5":[876,1],"6":[0],"7":[2],"8":[0],"9":[2],"10":[2,2],"11":[1],"12":[1],"13":[0],"14":[0],"15":[0],"16":[0],"17":[0]}}
,"C:\\src\\MusicTheoryJS\\src\\Note\\noteConstants.ts": {"path":"C:\\src\\MusicTheoryJS\\src\\Note\\noteConstants.ts","statementMap":{"0":{"start":{"line":4,"column":27},"end":{"line":4,"column":46}},"1":{"start":{"line":12,"column":9},"end":{"line":12,"column":27}},"2":{"start":{"line":5,"column":18},"end":{"line":5,"column":20}},"3":{"start":{"line":12,"column":29},"end":{"line":12,"column":38}},"4":{"start":{"line":6,"column":18},"end":{"line":6,"column":19}},"5":{"start":{"line":12,"column":40},"end":{"line":12,"column":49}},"6":{"start":{"line":7,"column":19},"end":{"line":7,"column":20}},"7":{"start":{"line":12,"column":51},"end":{"line":12,"column":61}},"8":{"start":{"line":8,"column":19},"end":{"line":8,"column":20}},"9":{"start":{"line":12,"column":63},"end":{"line":12,"column":73}},"10":{"start":{"line":9,"column":23},"end":{"line":9,"column":24}},"11":{"start":{"line":12,"column":75},"end":{"line":12,"column":89}},"12":{"start":{"line":10,"column":25},"end":{"line":10,"column":26}},"13":{"start":{"line":12,"column":91},"end":{"line":12,"column":107}}},"fnMap":{},"branchMap":{},"s":{"0":5,"1":5,"2":5,"3":5,"4":5,"5":5,"6":5,"7":5,"8":5,"9":5,"10":5,"11":5,"12":5,"13":5},"f":{},"b":{}}
,"C:\\src\\MusicTheoryJS\\src\\Note\\noteParser.ts": {"path":"C:\\src\\MusicTheoryJS\\src\\Note\\noteParser.ts","statementMap":{"0":{"start":{"line":2,"column":0},"end":{"line":2,"column":79}},"1":{"start":{"line":3,"column":0},"end":{"line":3,"column":51}},"2":{"start":{"line":4,"column":0},"end":{"line":4,"column":54}},"3":{"start":{"line":5,"column":0},"end":{"line":5,"column":33}},"4":{"start":{"line":6,"column":0},"end":{"line":6,"column":35}},"5":{"start":{"line":13,"column":18},"end":{"line":13,"column":28}},"6":{"start":{"line":14,"column":22},"end":{"line":14,"column":32}},"7":{"start":{"line":15,"column":20},"end":{"line":15,"column":31}},"8":{"start":{"line":22,"column":18},"end":{"line":93,"column":1}},"9":{"start":{"line":26,"column":3},"end":{"line":41,"column":null}},"10":{"start":{"line":27,"column":38},"end":{"line":27,"column":54}},"11":{"start":{"line":28,"column":6},"end":{"line":30,"column":null}},"12":{"start":{"line":29,"column":9},"end":{"line":29,"column":23}},"13":{"start":{"line":32,"column":6},"end":{"line":35,"column":11}},"14":{"start":{"line":33,"column":9},"end":{"line":35,"column":11}},"15":{"start":{"line":37,"column":6},"end":{"line":40,"column":11}},"16":{"start":{"line":38,"column":9},"end":{"line":40,"column":11}},"17":{"start":{"line":43,"column":31},"end":{"line":43,"column":33}},"18":{"start":{"line":44,"column":30},"end":{"line":44,"column":31}},"19":{"start":{"line":45,"column":28},"end":{"line":45,"column":30}},"20":{"start":{"line":47,"column":21},"end":{"line":47,"column":62}},"21":{"start":{"line":48,"column":25},"end":{"line":48,"column":70}},"22":{"start":{"line":49,"column":23},"end":{"line":49,"column":66}},"23":{"start":{"line":52,"column":3},"end":{"line":61,"column":null}},"24":{"start":{"line":53,"column":6},"end":{"line":60,"column":null}},"25":{"start":{"line":55,"column":9},"end":{"line":57,"column":61}},"26":{"start":{"line":56,"column":43},"end":{"line":56,"column":72}},"27":{"start":{"line":57,"column":54},"end":{"line":57,"column":59}},"28":{"start":{"line":59,"column":9},"end":{"line":59,"column":56}},"29":{"start":{"line":63,"column":3},"end":{"line":66,"column":null}},"30":{"start":{"line":64,"column":23},"end":{"line":64,"column":34}},"31":{"start":{"line":65,"column":6},"end":{"line":65,"column":26}},"32":{"start":{"line":68,"column":3},"end":{"line":90,"column":null}},"33":{"start":{"line":69,"column":25},"end":{"line":69,"column":34}},"34":{"start":{"line":70,"column":6},"end":{"line":70,"column":31}},"35":{"start":{"line":72,"column":29},"end":{"line":72,"column":30}},"36":{"start":{"line":73,"column":6},"end":{"line":73,"column":48}},"37":{"start":{"line":73,"column":24},"end":{"line":73,"column":48}},"38":{"start":{"line":75,"column":26},"end":{"line":78,"column":null}},"39":{"start":{"line":80,"column":31},"end":{"line":80,"column":48}},"40":{"start":{"line":82,"column":27},"end":{"line":82,"column":28}},"41":{"start":{"line":83,"column":6},"end":{"line":84,"column":74}},"42":{"start":{"line":84,"column":9},"end":{"line":84,"column":74}},"43":{"start":{"line":86,"column":6},"end":{"line":89,"column":8}},"44":{"start":{"line":92,"column":3},"end":{"line":92,"column":44}},"45":{"start":{"line":100,"column":20},"end":{"line":131,"column":1}},"46":{"start":{"line":101,"column":57},"end":{"line":101,"column":59}},"47":{"start":{"line":103,"column":23},"end":{"line":103,"column":58}},"48":{"start":{"line":104,"column":25},"end":{"line":104,"column":40}},"49":{"start":{"line":106,"column":3},"end":{"line":128,"column":null}},"50":{"start":{"line":107,"column":6},"end":{"line":107,"column":56}},"51":{"start":{"line":108,"column":6},"end":{"line":115,"column":null}},"52":{"start":{"line":109,"column":30},"end":{"line":109,"column":31}},"53":{"start":{"line":113,"column":21},"end":{"line":113,"column":67}},"54":{"start":{"line":114,"column":9},"end":{"line":114,"column":47}},"55":{"start":{"line":116,"column":6},"end":{"line":127,"column":null}},"56":{"start":{"line":116,"column":25},"end":{"line":116,"column":35}},"57":{"start":{"line":117,"column":21},"end":{"line":117,"column":45}},"58":{"start":{"line":118,"column":9},"end":{"line":118,"column":47}},"59":{"start":{"line":119,"column":9},"end":{"line":126,"column":null}},"60":{"start":{"line":120,"column":28},"end":{"line":120,"column":29}},"61":{"start":{"line":124,"column":24},"end":{"line":124,"column":75}},"62":{"start":{"line":125,"column":12},"end":{"line":125,"column":50}},"63":{"start":{"line":130,"column":3},"end":{"line":130,"column":20}},"64":{"start":{"line":138,"column":55},"end":{"line":138,"column":68}},"65":{"start":{"line":140,"column":0},"end":{"line":140,"column":25}}},"fnMap":{"0":{"name":"(anonymous_1)","decl":{"start":{"line":22,"column":18},"end":{"line":22,"column":null}},"loc":{"start":{"line":25,"column":21},"end":{"line":93,"column":1}}},"1":{"name":"(anonymous_2)","decl":{"start":{"line":56,"column":17},"end":{"line":56,"column":18}},"loc":{"start":{"line":56,"column":43},"end":{"line":56,"column":72}}},"2":{"name":"(anonymous_3)","decl":{"start":{"line":57,"column":20},"end":{"line":57,"column":21}},"loc":{"start":{"line":57,"column":54},"end":{"line":57,"column":59}}},"3":{"name":"(anonymous_4)","decl":{"start":{"line":100,"column":20},"end":{"line":100,"column":59}},"loc":{"start":{"line":100,"column":61},"end":{"line":131,"column":1}}}},"branchMap":{"0":{"loc":{"start":{"line":24,"column":3},"end":{"line":24,"column":34}},"type":"default-arg","locations":[{"start":{"line":24,"column":29},"end":{"line":24,"column":34}}]},"1":{"loc":{"start":{"line":28,"column":6},"end":{"line":30,"column":null}},"type":"if","locations":[{"start":{"line":28,"column":6},"end":{"line":30,"column":null}}]},"2":{"loc":{"start":{"line":32,"column":6},"end":{"line":35,"column":11}},"type":"if","locations":[{"start":{"line":32,"column":6},"end":{"line":35,"column":11}}]},"3":{"loc":{"start":{"line":37,"column":6},"end":{"line":40,"column":11}},"type":"if","locations":[{"start":{"line":37,"column":6},"end":{"line":40,"column":11}}]},"4":{"loc":{"start":{"line":52,"column":3},"end":{"line":61,"column":null}},"type":"if","locations":[{"start":{"line":52,"column":3},"end":{"line":61,"column":null}}]},"5":{"loc":{"start":{"line":53,"column":6},"end":{"line":60,"column":null}},"type":"if","locations":[{"start":{"line":53,"column":6},"end":{"line":60,"column":null}},{"start":{"line":58,"column":13},"end":{"line":60,"column":null}}]},"6":{"loc":{"start":{"line":63,"column":3},"end":{"line":66,"column":null}},"type":"if","locations":[{"start":{"line":63,"column":3},"end":{"line":66,"column":null}}]},"7":{"loc":{"start":{"line":68,"column":3},"end":{"line":90,"column":null}},"type":"if","locations":[{"start":{"line":68,"column":3},"end":{"line":90,"column":null}}]},"8":{"loc":{"start":{"line":73,"column":6},"end":{"line":73,"column":48}},"type":"if","locations":[{"start":{"line":73,"column":6},"end":{"line":73,"column":48}}]},"9":{"loc":{"start":{"line":83,"column":6},"end":{"line":84,"column":74}},"type":"if","locations":[{"start":{"line":83,"column":6},"end":{"line":84,"column":74}}]}},"s":{"0":4,"1":4,"2":4,"3":4,"4":4,"5":4,"6":4,"7":4,"8":4,"9":1148,"10":1148,"11":28,"12":23,"13":5,"14":5,"15":1120,"16":0,"17":1125,"18":1125,"19":1125,"20":1125,"21":1125,"22":1125,"23":1125,"24":844,"25":3,"26":6,"27":3,"28":841,"29":1125,"30":1013,"31":1013,"32":1125,"33":1125,"34":1125,"35":1125,"36":1125,"37":844,"38":1125,"39":1125,"40":1125,"41":1125,"42":1013,"43":1125,"44":0,"45":4,"46":4,"47":4,"48":4,"49":4,"50":28,"51":28,"52":28,"53":84,"54":84,"55":28,"56":28,"57":252,"58":252,"59":252,"60":252,"61":756,"62":756,"63":4,"64":4,"65":4},"f":{"0":1148,"1":6,"2":3,"3":4},"b":{"0":[28],"1":[23],"2":[5],"3":[0],"4":[844],"5":[3,841],"6":[1013],"7":[1125],"8":[844],"9":[1013]}}
,"C:\\src\\MusicTheoryJS\\src\\Note\\stringTable.ts": {"path":"C:\\src\\MusicTheoryJS\\src\\Note\\stringTable.ts","statementMap":{"0":{"start":{"line":1,"column":0},"end":{"line":1,"column":99}},"1":{"start":{"line":3,"column":0},"end":{"line":3,"column":33}},"2":{"start":{"line":5,"column":53},"end":{"line":18,"column":2}},"3":{"start":{"line":20,"column":42},"end":{"line":20,"column":107}},"4":{"start":{"line":22,"column":50},"end":{"line":22,"column":115}},"5":{"start":{"line":24,"column":20},"end":{"line":44,"column":1}},"6":{"start":{"line":25,"column":44},"end":{"line":25,"column":46}},"7":{"start":{"line":26,"column":3},"end":{"line":42,"column":null}},"8":{"start":{"line":26,"column":20},"end":{"line":26,"column":29}},"9":{"start":{"line":27,"column":6},"end":{"line":40,"column":null}},"10":{"start":{"line":27,"column":23},"end":{"line":27,"column":32}},"11":{"start":{"line":29,"column":24},"end":{"line":29,"column":26}},"12":{"start":{"line":30,"column":9},"end":{"line":36,"column":null}},"13":{"start":{"line":31,"column":12},"end":{"line":31,"column":27}},"14":{"start":{"line":33,"column":12},"end":{"line":33,"column":86}},"15":{"start":{"line":33,"column":71},"end":{"line":33,"column":86}},"16":{"start":{"line":35,"column":12},"end":{"line":35,"column":86}},"17":{"start":{"line":35,"column":71},"end":{"line":35,"column":86}},"18":{"start":{"line":39,"column":9},"end":{"line":39,"column":68}},"19":{"start":{"line":43,"column":3},"end":{"line":43,"column":16}},"20":{"start":{"line":46,"column":21},"end":{"line":58,"column":1}},"21":{"start":{"line":47,"column":3},"end":{"line":57,"column":null}},"22":{"start":{"line":49,"column":9},"end":{"line":49,"column":41}},"23":{"start":{"line":51,"column":9},"end":{"line":51,"column":49}},"24":{"start":{"line":54,"column":9},"end":{"line":54,"column":52}},"25":{"start":{"line":60,"column":52},"end":{"line":60,"column":65}},"26":{"start":{"line":62,"column":0},"end":{"line":62,"column":32}}},"fnMap":{"0":{"name":"(anonymous_1)","decl":{"start":{"line":24,"column":20},"end":{"line":24,"column":50}},"loc":{"start":{"line":24,"column":52},"end":{"line":44,"column":1}}},"1":{"name":"(anonymous_2)","decl":{"start":{"line":46,"column":21},"end":{"line":46,"column":22}},"loc":{"start":{"line":46,"column":64},"end":{"line":58,"column":1}}}},"branchMap":{"0":{"loc":{"start":{"line":30,"column":9},"end":{"line":36,"column":null}},"type":"if","locations":[{"start":{"line":30,"column":9},"end":{"line":36,"column":null}}]},"1":{"loc":{"start":{"line":33,"column":12},"end":{"line":33,"column":86}},"type":"if","locations":[{"start":{"line":33,"column":12},"end":{"line":33,"column":86}}]},"2":{"loc":{"start":{"line":35,"column":12},"end":{"line":35,"column":86}},"type":"if","locations":[{"start":{"line":35,"column":12},"end":{"line":35,"column":86}}]},"3":{"loc":{"start":{"line":47,"column":3},"end":{"line":57,"column":null}},"type":"switch","locations":[{"start":{"line":48,"column":6},"end":{"line":49,"column":41}},{"start":{"line":50,"column":6},"end":{"line":51,"column":49}},{"start":{"line":52,"column":6},"end":{"line":52,"column":15}},{"start":{"line":53,"column":6},"end":{"line":54,"column":52}}]}},"s":{"0":3,"1":3,"2":3,"3":3,"4":3,"5":3,"6":3,"7":3,"8":3,"9":36,"10":36,"11":432,"12":432,"13":216,"14":216,"15":18,"16":216,"17":18,"18":432,"19":3,"20":3,"21":432,"22":18,"23":18,"24":396,"25":3,"26":3},"f":{"0":3,"1":432},"b":{"0":[216],"1":[18],"2":[18],"3":[18,18,180,396]}}
,"C:\\src\\MusicTheoryJS\\src\\composables\\Identifiable.ts": {"path":"C:\\src\\MusicTheoryJS\\src\\composables\\Identifiable.ts","statementMap":{"0":{"start":{"line":1,"column":0},"end":{"line":1,"column":26}},"1":{"start":{"line":3,"column":31},"end":{"line":15,"column":1}},"2":{"start":{"line":4,"column":3},"end":{"line":14,"column":5}},"3":{"start":{"line":5,"column":6},"end":{"line":13,"column":8}},"4":{"start":{"line":6,"column":9},"end":{"line":6,"column":78}},"5":{"start":{"line":6,"column":49},"end":{"line":6,"column":78}},"6":{"start":{"line":8,"column":9},"end":{"line":10,"column":null}},"7":{"start":{"line":9,"column":12},"end":{"line":9,"column":38}},"8":{"start":{"line":12,"column":9},"end":{"line":12,"column":37}},"9":{"start":{"line":17,"column":0},"end":{"line":17,"column":28}}},"fnMap":{"0":{"name":"(anonymous_0)","decl":{"start":{"line":3,"column":31},"end":{"line":3,"column":34}},"loc":{"start":{"line":3,"column":36},"end":{"line":15,"column":1}}},"1":{"name":"(anonymous_1)","decl":{"start":{"line":4,"column":10},"end":{"line":4,"column":11}},"loc":{"start":{"line":4,"column":26},"end":{"line":14,"column":4}}},"2":{"name":"(anonymous_2)","decl":{"start":{"line":5,"column":28},"end":{"line":5,"column":29}},"loc":{"start":{"line":5,"column":44},"end":{"line":13,"column":7}}}},"branchMap":{"0":{"loc":{"start":{"line":6,"column":9},"end":{"line":6,"column":78}},"type":"if","locations":[{"start":{"line":6,"column":9},"end":{"line":6,"column":78}}]},"1":{"loc":{"start":{"line":8,"column":9},"end":{"line":10,"column":null}},"type":"if","locations":[{"start":{"line":8,"column":9},"end":{"line":10,"column":null}}]}},"s":{"0":1,"1":1,"2":1,"3":1,"4":6,"5":1,"6":6,"7":1,"8":6,"9":1},"f":{"0":1,"1":1,"2":6},"b":{"0":[1],"1":[1]}}
,"C:\\src\\MusicTheoryJS\\src\\scale\\Scale.ts": {"path":"C:\\src\\MusicTheoryJS\\src\\scale\\Scale.ts","statementMap":{"0":{"start":{"line":1,"column":0},"end":{"line":1,"column":35}},"1":{"start":{"line":2,"column":0},"end":{"line":2,"column":33}},"2":{"start":{"line":3,"column":0},"end":{"line":3,"column":35}},"3":{"start":{"line":4,"column":0},"end":{"line":4,"column":null}},"4":{"start":{"line":12,"column":0},"end":{"line":12,"column":58}},"5":{"start":{"line":15,"column":0},"end":{"line":15,"column":32}},"6":{"start":{"line":16,"column":0},"end":{"line":16,"column":46}},"7":{"start":{"line":17,"column":0},"end":{"line":17,"column":26}},"8":{"start":{"line":20,"column":0},"end":{"line":20,"column":39}},"9":{"start":{"line":21,"column":0},"end":{"line":21,"column":35}},"10":{"start":{"line":22,"column":0},"end":{"line":22,"column":35}},"11":{"start":{"line":23,"column":0},"end":{"line":23,"column":39}},"12":{"start":{"line":37,"column":6},"end":{"line":52,"column":null}},"13":{"start":{"line":38,"column":9},"end":{"line":38,"column":48}},"14":{"start":{"line":39,"column":9},"end":{"line":39,"column":37}},"15":{"start":{"line":40,"column":9},"end":{"line":40,"column":38}},"16":{"start":{"line":41,"column":13},"end":{"line":52,"column":null}},"17":{"start":{"line":42,"column":9},"end":{"line":42,"column":37}},"18":{"start":{"line":43,"column":9},"end":{"line":43,"column":74}},"19":{"start":{"line":44,"column":9},"end":{"line":44,"column":51}},"20":{"start":{"line":45,"column":9},"end":{"line":45,"column":55}},"21":{"start":{"line":49,"column":9},"end":{"line":49,"column":74}},"22":{"start":{"line":50,"column":9},"end":{"line":50,"column":51}},"23":{"start":{"line":51,"column":9},"end":{"line":51,"column":55}},"24":{"start":{"line":54,"column":6},"end":{"line":54,"column":27}},"25":{"start":{"line":62,"column":16},"end":{"line":62,"column":21}},"26":{"start":{"line":70,"column":6},"end":{"line":74,"column":8}},"27":{"start":{"line":83,"column":27},"end":{"line":87,"column":8}},"28":{"start":{"line":88,"column":6},"end":{"line":88,"column":74}},"29":{"start":{"line":88,"column":39},"end":{"line":88,"column":74}},"30":{"start":{"line":89,"column":6},"end":{"line":89,"column":19}},"31":{"start":{"line":97,"column":28},"end":{"line":97,"column":29}},"32":{"start":{"line":99,"column":6},"end":{"line":99,"column":23}},"33":{"start":{"line":103,"column":22},"end":{"line":103,"column":55}},"34":{"start":{"line":104,"column":6},"end":{"line":104,"column":51}},"35":{"start":{"line":105,"column":6},"end":{"line":105,"column":32}},"36":{"start":{"line":106,"column":6},"end":{"line":106,"column":27}},"37":{"start":{"line":114,"column":29},"end":{"line":114,"column":43}},"38":{"start":{"line":116,"column":6},"end":{"line":116,"column":26}},"39":{"start":{"line":120,"column":6},"end":{"line":120,"column":58}},"40":{"start":{"line":121,"column":6},"end":{"line":121,"column":27}},"41":{"start":{"line":129,"column":38},"end":{"line":129,"column":40}},"42":{"start":{"line":131,"column":6},"end":{"line":131,"column":28}},"43":{"start":{"line":135,"column":6},"end":{"line":135,"column":29}},"44":{"start":{"line":136,"column":6},"end":{"line":136,"column":32}},"45":{"start":{"line":137,"column":6},"end":{"line":137,"column":27}},"46":{"start":{"line":146,"column":33},"end":{"line":146,"column":35}},"47":{"start":{"line":148,"column":6},"end":{"line":148,"column":25}},"48":{"start":{"line":159,"column":32},"end":{"line":161,"column":null}},"49":{"start":{"line":164,"column":28},"end":{"line":164,"column":30}},"50":{"start":{"line":165,"column":32},"end":{"line":165,"column":40}},"51":{"start":{"line":166,"column":6},"end":{"line":173,"column":null}},"52":{"start":{"line":167,"column":22},"end":{"line":171,"column":11}},"53":{"start":{"line":172,"column":9},"end":{"line":172,"column":26}},"54":{"start":{"line":178,"column":6},"end":{"line":185,"column":null}},"55":{"start":{"line":179,"column":30},"end":{"line":181,"column":null}},"56":{"start":{"line":184,"column":9},"end":{"line":184,"column":32}},"57":{"start":{"line":187,"column":6},"end":{"line":190,"column":null}},"58":{"start":{"line":188,"column":30},"end":{"line":188,"column":68}},"59":{"start":{"line":189,"column":9},"end":{"line":189,"column":29}},"60":{"start":{"line":192,"column":6},"end":{"line":192,"column":26}},"61":{"start":{"line":202,"column":22},"end":{"line":205,"column":null}},"62":{"start":{"line":207,"column":19},"end":{"line":207,"column":51}},"63":{"start":{"line":208,"column":6},"end":{"line":208,"column":51}},"64":{"start":{"line":209,"column":6},"end":{"line":209,"column":18}},"65":{"start":{"line":219,"column":20},"end":{"line":223,"column":8}},"66":{"start":{"line":224,"column":6},"end":{"line":224,"column":19}},"67":{"start":{"line":234,"column":20},"end":{"line":238,"column":8}},"68":{"start":{"line":239,"column":6},"end":{"line":239,"column":19}},"69":{"start":{"line":248,"column":38},"end":{"line":248,"column":39}},"70":{"start":{"line":250,"column":6},"end":{"line":250,"column":54}},"71":{"start":{"line":251,"column":6},"end":{"line":251,"column":39}},"72":{"start":{"line":252,"column":6},"end":{"line":252,"column":27}},"73":{"start":{"line":254,"column":6},"end":{"line":254,"column":18}},"74":{"start":{"line":264,"column":20},"end":{"line":264,"column":31}},"75":{"start":{"line":265,"column":6},"end":{"line":265,"column":27}},"76":{"start":{"line":266,"column":6},"end":{"line":266,"column":19}},"77":{"start":{"line":276,"column":6},"end":{"line":280,"column":null}},"78":{"start":{"line":277,"column":9},"end":{"line":277,"column":48}},"79":{"start":{"line":278,"column":9},"end":{"line":278,"column":35}},"80":{"start":{"line":279,"column":9},"end":{"line":279,"column":30}},"81":{"start":{"line":282,"column":6},"end":{"line":282,"column":18}},"82":{"start":{"line":293,"column":20},"end":{"line":293,"column":31}},"83":{"start":{"line":294,"column":6},"end":{"line":294,"column":22}},"84":{"start":{"line":295,"column":6},"end":{"line":295,"column":19}},"85":{"start":{"line":304,"column":20},"end":{"line":304,"column":31}},"86":{"start":{"line":305,"column":6},"end":{"line":305,"column":45}},"87":{"start":{"line":306,"column":6},"end":{"line":306,"column":19}},"88":{"start":{"line":310,"column":20},"end":{"line":310,"column":31}},"89":{"start":{"line":311,"column":6},"end":{"line":311,"column":45}},"90":{"start":{"line":312,"column":6},"end":{"line":312,"column":19}},"91":{"start":{"line":316,"column":20},"end":{"line":316,"column":31}},"92":{"start":{"line":317,"column":6},"end":{"line":317,"column":47}},"93":{"start":{"line":318,"column":6},"end":{"line":318,"column":19}},"94":{"start":{"line":322,"column":20},"end":{"line":322,"column":31}},"95":{"start":{"line":323,"column":6},"end":{"line":323,"column":45}},"96":{"start":{"line":324,"column":6},"end":{"line":324,"column":19}},"97":{"start":{"line":328,"column":20},"end":{"line":328,"column":31}},"98":{"start":{"line":329,"column":6},"end":{"line":329,"column":49}},"99":{"start":{"line":330,"column":6},"end":{"line":330,"column":19}},"100":{"start":{"line":334,"column":20},"end":{"line":334,"column":31}},"101":{"start":{"line":335,"column":6},"end":{"line":335,"column":46}},"102":{"start":{"line":336,"column":6},"end":{"line":336,"column":19}},"103":{"start":{"line":340,"column":20},"end":{"line":340,"column":31}},"104":{"start":{"line":341,"column":6},"end":{"line":341,"column":46}},"105":{"start":{"line":342,"column":6},"end":{"line":342,"column":19}},"106":{"start":{"line":351,"column":22},"end":{"line":351,"column":37}},"107":{"start":{"line":352,"column":25},"end":{"line":353,"column":null}},"108":{"start":{"line":353,"column":23},"end":{"line":353,"column":49}},"109":{"start":{"line":355,"column":6},"end":{"line":357,"column":null}},"110":{"start":{"line":356,"column":9},"end":{"line":356,"column":61}},"111":{"start":{"line":358,"column":6},"end":{"line":358,"column":66}},"112":{"start":{"line":362,"column":0},"end":{"line":362,"column":21}}},"fnMap":{"0":{"name":"(anonymous_1)","decl":{"start":{"line":36,"column":3},"end":{"line":36,"column":15}},"loc":{"start":{"line":36,"column":49},"end":{"line":55,"column":4}}},"1":{"name":"(anonymous_2)","decl":{"start":{"line":69,"column":10},"end":{"line":69,"column":16}},"loc":{"start":{"line":69,"column":29},"end":{"line":75,"column":4}}},"2":{"name":"(anonymous_3)","decl":{"start":{"line":82,"column":10},"end":{"line":82,"column":14}},"loc":{"start":{"line":82,"column":14},"end":{"line":90,"column":4}}},"3":{"name":"(anonymous_4)","decl":{"start":{"line":98,"column":3},"end":{"line":98,"column":14}},"loc":{"start":{"line":98,"column":17},"end":{"line":100,"column":4}}},"4":{"name":"(anonymous_5)","decl":{"start":{"line":102,"column":3},"end":{"line":102,"column":14}},"loc":{"start":{"line":102,"column":33},"end":{"line":107,"column":4}}},"5":{"name":"(anonymous_6)","decl":{"start":{"line":115,"column":3},"end":{"line":115,"column":14}},"loc":{"start":{"line":115,"column":20},"end":{"line":117,"column":4}}},"6":{"name":"(anonymous_7)","decl":{"start":{"line":119,"column":3},"end":{"line":119,"column":14}},"loc":{"start":{"line":119,"column":34},"end":{"line":122,"column":4}}},"7":{"name":"(anonymous_8)","decl":{"start":{"line":130,"column":3},"end":{"line":130,"column":14}},"loc":{"start":{"line":130,"column":22},"end":{"line":132,"column":4}}},"8":{"name":"(anonymous_9)","decl":{"start":{"line":134,"column":3},"end":{"line":134,"column":14}},"loc":{"start":{"line":134,"column":43},"end":{"line":138,"column":4}}},"9":{"name":"(anonymous_10)","decl":{"start":{"line":147,"column":3},"end":{"line":147,"column":14}},"loc":{"start":{"line":147,"column":19},"end":{"line":149,"column":4}}},"10":{"name":"(anonymous_11)","decl":{"start":{"line":157,"column":13},"end":{"line":157,"column":26}},"loc":{"start":{"line":157,"column":26},"end":{"line":193,"column":4}}},"11":{"name":"(anonymous_12)","decl":{"start":{"line":201,"column":10},"end":{"line":201,"column":16}},"loc":{"start":{"line":201,"column":31},"end":{"line":210,"column":4}}},"12":{"name":"(anonymous_13)","decl":{"start":{"line":218,"column":10},"end":{"line":218,"column":23}},"loc":{"start":{"line":218,"column":23},"end":{"line":225,"column":4}}},"13":{"name":"(anonymous_14)","decl":{"start":{"line":233,"column":10},"end":{"line":233,"column":23}},"loc":{"start":{"line":233,"column":23},"end":{"line":240,"column":4}}},"14":{"name":"(anonymous_15)","decl":{"start":{"line":249,"column":10},"end":{"line":249,"column":15}},"loc":{"start":{"line":249,"column":35},"end":{"line":255,"column":4}}},"15":{"name":"(anonymous_16)","decl":{"start":{"line":263,"column":10},"end":{"line":263,"column":17}},"loc":{"start":{"line":263,"column":37},"end":{"line":267,"column":4}}},"16":{"name":"(anonymous_17)","decl":{"start":{"line":275,"column":10},"end":{"line":275,"column":17}},"loc":{"start":{"line":275,"column":17},"end":{"line":283,"column":4}}},"17":{"name":"(anonymous_18)","decl":{"start":{"line":292,"column":10},"end":{"line":292,"column":19}},"loc":{"start":{"line":292,"column":19},"end":{"line":296,"column":4}}},"18":{"name":"(anonymous_19)","decl":{"start":{"line":303,"column":10},"end":{"line":303,"column":16}},"loc":{"start":{"line":303,"column":16},"end":{"line":307,"column":4}}},"19":{"name":"(anonymous_20)","decl":{"start":{"line":309,"column":10},"end":{"line":309,"column":16}},"loc":{"start":{"line":309,"column":16},"end":{"line":313,"column":4}}},"20":{"name":"(anonymous_21)","decl":{"start":{"line":315,"column":10},"end":{"line":315,"column":18}},"loc":{"start":{"line":315,"column":18},"end":{"line":319,"column":4}}},"21":{"name":"(anonymous_22)","decl":{"start":{"line":321,"column":10},"end":{"line":321,"column":16}},"loc":{"start":{"line":321,"column":16},"end":{"line":325,"column":4}}},"22":{"name":"(anonymous_23)","decl":{"start":{"line":327,"column":10},"end":{"line":327,"column":20}},"loc":{"start":{"line":327,"column":20},"end":{"line":331,"column":4}}},"23":{"name":"(anonymous_24)","decl":{"start":{"line":333,"column":10},"end":{"line":333,"column":17}},"loc":{"start":{"line":333,"column":17},"end":{"line":337,"column":4}}},"24":{"name":"(anonymous_25)","decl":{"start":{"line":339,"column":10},"end":{"line":339,"column":17}},"loc":{"start":{"line":339,"column":17},"end":{"line":343,"column":4}}},"25":{"name":"(anonymous_26)","decl":{"start":{"line":350,"column":10},"end":{"line":350,"column":18}},"loc":{"start":{"line":350,"column":18},"end":{"line":359,"column":4}}},"26":{"name":"(anonymous_27)","decl":{"start":{"line":353,"column":9},"end":{"line":353,"column":10}},"loc":{"start":{"line":353,"column":23},"end":{"line":353,"column":49}}}},"branchMap":{"0":{"loc":{"start":{"line":37,"column":6},"end":{"line":52,"column":null}},"type":"if","locations":[{"start":{"line":37,"column":6},"end":{"line":52,"column":null}},{"start":{"line":41,"column":13},"end":{"line":52,"column":null}}]},"1":{"loc":{"start":{"line":41,"column":13},"end":{"line":52,"column":null}},"type":"if","locations":[{"start":{"line":41,"column":13},"end":{"line":52,"column":null}},{"start":{"line":46,"column":13},"end":{"line":52,"column":null}}]},"2":{"loc":{"start":{"line":43,"column":25},"end":{"line":43,"column":73}},"type":"binary-expr","locations":[{"start":{"line":43,"column":25},"end":{"line":43,"column":47}},{"start":{"line":43,"column":51},"end":{"line":43,"column":73}}]},"3":{"loc":{"start":{"line":44,"column":20},"end":{"line":44,"column":50}},"type":"binary-expr","locations":[{"start":{"line":44,"column":20},"end":{"line":44,"column":30}},{"start":{"line":44,"column":34},"end":{"line":44,"column":50}}]},"4":{"loc":{"start":{"line":45,"column":23},"end":{"line":45,"column":54}},"type":"binary-expr","locations":[{"start":{"line":45,"column":23},"end":{"line":45,"column":36}},{"start":{"line":45,"column":40},"end":{"line":45,"column":54}}]},"5":{"loc":{"start":{"line":49,"column":25},"end":{"line":49,"column":73}},"type":"binary-expr","locations":[{"start":{"line":49,"column":25},"end":{"line":49,"column":47}},{"start":{"line":49,"column":51},"end":{"line":49,"column":73}}]},"6":{"loc":{"start":{"line":50,"column":20},"end":{"line":50,"column":50}},"type":"binary-expr","locations":[{"start":{"line":50,"column":20},"end":{"line":50,"column":30}},{"start":{"line":50,"column":34},"end":{"line":50,"column":50}}]},"7":{"loc":{"start":{"line":51,"column":23},"end":{"line":51,"column":54}},"type":"binary-expr","locations":[{"start":{"line":51,"column":23},"end":{"line":51,"column":36}},{"start":{"line":51,"column":40},"end":{"line":51,"column":54}}]},"8":{"loc":{"start":{"line":71,"column":9},"end":{"line":73,"column":49}},"type":"binary-expr","locations":[{"start":{"line":71,"column":9},"end":{"line":71,"column":33}},{"start":{"line":72,"column":9},"end":{"line":72,"column":39}},{"start":{"line":73,"column":9},"end":{"line":73,"column":49}}]},"9":{"loc":{"start":{"line":88,"column":6},"end":{"line":88,"column":74}},"type":"if","locations":[{"start":{"line":88,"column":6},"end":{"line":88,"column":74}}]},"10":{"loc":{"start":{"line":169,"column":15},"end":{"line":169,"column":77}},"type":"cond-expr","locations":[{"start":{"line":169,"column":33},"end":{"line":169,"column":48}},{"start":{"line":169,"column":53},"end":{"line":169,"column":76}}]},"11":{"loc":{"start":{"line":178,"column":6},"end":{"line":185,"column":null}},"type":"if","locations":[{"start":{"line":178,"column":6},"end":{"line":185,"column":null}}]},"12":{"loc":{"start":{"line":187,"column":6},"end":{"line":190,"column":null}},"type":"if","locations":[{"start":{"line":187,"column":6},"end":{"line":190,"column":null}}]},"13":{"loc":{"start":{"line":249,"column":16},"end":{"line":249,"column":35}},"type":"default-arg","locations":[{"start":{"line":249,"column":34},"end":{"line":249,"column":35}}]},"14":{"loc":{"start":{"line":263,"column":18},"end":{"line":263,"column":37}},"type":"default-arg","locations":[{"start":{"line":263,"column":36},"end":{"line":263,"column":37}}]},"15":{"loc":{"start":{"line":276,"column":6},"end":{"line":280,"column":null}},"type":"if","locations":[{"start":{"line":276,"column":6},"end":{"line":280,"column":null}}]},"16":{"loc":{"start":{"line":355,"column":6},"end":{"line":357,"column":null}},"type":"if","locations":[{"start":{"line":355,"column":6},"end":{"line":357,"column":null}}]}},"s":{"0":1,"1":1,"2":1,"3":1,"4":1,"5":1,"6":1,"7":1,"8":1,"9":1,"10":1,"11":1,"12":23,"13":2,"14":2,"15":2,"16":21,"17":2,"18":2,"19":2,"20":2,"21":19,"22":19,"23":19,"24":23,"25":23,"26":2,"27":1,"28":1,"29":0,"30":1,"31":23,"32":131,"33":24,"34":24,"35":24,"36":24,"37":23,"38":897,"39":48,"40":48,"41":23,"42":10,"43":24,"44":24,"45":24,"46":23,"47":23,"48":121,"49":121,"50":121,"51":121,"52":852,"53":852,"54":121,"55":1,"56":1,"57":121,"58":1,"59":1,"60":121,"61":9,"62":9,"63":9,"64":9,"65":1,"66":1,"67":1,"68":1,"69":23,"70":2,"71":2,"72":2,"73":2,"74":0,"75":0,"76":0,"77":0,"78":0,"79":0,"80":0,"81":0,"82":0,"83":0,"84":0,"85":0,"86":0,"87":0,"88":0,"89":0,"90":0,"91":0,"92":0,"93":0,"94":0,"95":0,"96":0,"97":0,"98":0,"99":0,"100":0,"101":0,"102":0,"103":0,"104":0,"105":0,"106":0,"107":0,"108":0,"109":0,"110":0,"111":0,"112":1},"f":{"0":23,"1":2,"2":1,"3":131,"4":24,"5":897,"6":48,"7":10,"8":24,"9":23,"10":121,"11":9,"12":1,"13":1,"14":2,"15":0,"16":0,"17":0,"18":0,"19":0,"20":0,"21":0,"22":0,"23":0,"24":0,"25":0,"26":0},"b":{"0":[2,21],"1":[2,19],"2":[2,0],"3":[2,1],"4":[2,0],"5":[19,0],"6":[19,17],"7":[19,0],"8":[2,2,2],"9":[0],"10":[121,731],"11":[1],"12":[1],"13":[0],"14":[0],"15":[0],"16":[0]}}
,"C:\\src\\MusicTheoryJS\\src\\scale\\scaleConstants.ts": {"path":"C:\\src\\MusicTheoryJS\\src\\scale\\scaleConstants.ts","statementMap":{"0":{"start":{"line":1,"column":31},"end":{"line":1,"column":52}},"1":{"start":{"line":4,"column":9},"end":{"line":4,"column":31}},"2":{"start":{"line":2,"column":0},"end":{"line":2,"column":38}}},"fnMap":{},"branchMap":{},"s":{"0":1,"1":1,"2":1},"f":{},"b":{}}
,"C:\\src\\MusicTheoryJS\\src\\scale\\scaleParser.ts": {"path":"C:\\src\\MusicTheoryJS\\src\\scale\\scaleParser.ts","statementMap":{"0":{"start":{"line":2,"column":0},"end":{"line":2,"column":null}},"1":{"start":{"line":8,"column":0},"end":{"line":8,"column":51}},"2":{"start":{"line":9,"column":0},"end":{"line":9,"column":54}},"3":{"start":{"line":10,"column":0},"end":{"line":10,"column":33}},"4":{"start":{"line":11,"column":0},"end":{"line":11,"column":35}},"5":{"start":{"line":12,"column":0},"end":{"line":12,"column":46}},"6":{"start":{"line":19,"column":18},"end":{"line":19,"column":40}},"7":{"start":{"line":20,"column":22},"end":{"line":20,"column":44}},"8":{"start":{"line":21,"column":20},"end":{"line":21,"column":43}},"9":{"start":{"line":22,"column":23},"end":{"line":22,"column":44}},"10":{"start":{"line":29,"column":19},"end":{"line":130,"column":1}},"11":{"start":{"line":33,"column":3},"end":{"line":48,"column":null}},"12":{"start":{"line":34,"column":39},"end":{"line":34,"column":57}},"13":{"start":{"line":35,"column":6},"end":{"line":37,"column":null}},"14":{"start":{"line":36,"column":9},"end":{"line":36,"column":23}},"15":{"start":{"line":39,"column":6},"end":{"line":42,"column":11}},"16":{"start":{"line":40,"column":9},"end":{"line":42,"column":11}},"17":{"start":{"line":44,"column":6},"end":{"line":47,"column":11}},"18":{"start":{"line":45,"column":9},"end":{"line":47,"column":11}},"19":{"start":{"line":50,"column":31},"end":{"line":50,"column":33}},"20":{"start":{"line":51,"column":30},"end":{"line":51,"column":31}},"21":{"start":{"line":52,"column":28},"end":{"line":52,"column":30}},"22":{"start":{"line":53,"column":27},"end":{"line":53,"column":29}},"23":{"start":{"line":55,"column":21},"end":{"line":55,"column":63}},"24":{"start":{"line":56,"column":25},"end":{"line":56,"column":71}},"25":{"start":{"line":57,"column":23},"end":{"line":57,"column":67}},"26":{"start":{"line":58,"column":26},"end":{"line":58,"column":73}},"27":{"start":{"line":61,"column":3},"end":{"line":70,"column":null}},"28":{"start":{"line":62,"column":6},"end":{"line":69,"column":null}},"29":{"start":{"line":64,"column":9},"end":{"line":66,"column":61}},"30":{"start":{"line":65,"column":43},"end":{"line":65,"column":72}},"31":{"start":{"line":66,"column":54},"end":{"line":66,"column":59}},"32":{"start":{"line":68,"column":9},"end":{"line":68,"column":56}},"33":{"start":{"line":72,"column":3},"end":{"line":75,"column":null}},"34":{"start":{"line":73,"column":23},"end":{"line":73,"column":34}},"35":{"start":{"line":74,"column":6},"end":{"line":74,"column":26}},"36":{"start":{"line":77,"column":3},"end":{"line":82,"column":null}},"37":{"start":{"line":78,"column":20},"end":{"line":78,"column":43}},"38":{"start":{"line":81,"column":6},"end":{"line":81,"column":24}},"39":{"start":{"line":84,"column":3},"end":{"line":127,"column":null}},"40":{"start":{"line":85,"column":25},"end":{"line":85,"column":34}},"41":{"start":{"line":86,"column":6},"end":{"line":86,"column":31}},"42":{"start":{"line":88,"column":29},"end":{"line":88,"column":30}},"43":{"start":{"line":89,"column":6},"end":{"line":89,"column":48}},"44":{"start":{"line":89,"column":24},"end":{"line":89,"column":48}},"45":{"start":{"line":91,"column":26},"end":{"line":94,"column":null}},"46":{"start":{"line":97,"column":31},"end":{"line":97,"column":48}},"47":{"start":{"line":99,"column":27},"end":{"line":99,"column":28}},"48":{"start":{"line":100,"column":6},"end":{"line":101,"column":74}},"49":{"start":{"line":101,"column":9},"end":{"line":101,"column":74}},"50":{"start":{"line":103,"column":34},"end":{"line":103,"column":35}},"51":{"start":{"line":105,"column":6},"end":{"line":111,"column":null}},"52":{"start":{"line":106,"column":9},"end":{"line":110,"column":11}},"53":{"start":{"line":107,"column":12},"end":{"line":109,"column":71}},"54":{"start":{"line":114,"column":6},"end":{"line":117,"column":null}},"55":{"start":{"line":115,"column":9},"end":{"line":115,"column":52}},"56":{"start":{"line":116,"column":9},"end":{"line":116,"column":75}},"57":{"start":{"line":120,"column":9},"end":{"line":120,"column":67}},"58":{"start":{"line":122,"column":6},"end":{"line":126,"column":8}},"59":{"start":{"line":129,"column":3},"end":{"line":129,"column":46}},"60":{"start":{"line":137,"column":20},"end":{"line":169,"column":1}},"61":{"start":{"line":138,"column":59},"end":{"line":138,"column":61}},"62":{"start":{"line":140,"column":23},"end":{"line":140,"column":58}},"63":{"start":{"line":141,"column":25},"end":{"line":141,"column":40}},"64":{"start":{"line":142,"column":21},"end":{"line":142,"column":48}},"65":{"start":{"line":144,"column":3},"end":{"line":166,"column":null}},"66":{"start":{"line":145,"column":6},"end":{"line":165,"column":null}},"67":{"start":{"line":147,"column":9},"end":{"line":147,"column":79}},"68":{"start":{"line":149,"column":9},"end":{"line":153,"column":null}},"69":{"start":{"line":150,"column":24},"end":{"line":150,"column":57}},"70":{"start":{"line":152,"column":12},"end":{"line":152,"column":52}},"71":{"start":{"line":154,"column":9},"end":{"line":164,"column":null}},"72":{"start":{"line":154,"column":28},"end":{"line":154,"column":38}},"73":{"start":{"line":155,"column":24},"end":{"line":155,"column":61}},"74":{"start":{"line":157,"column":12},"end":{"line":157,"column":52}},"75":{"start":{"line":159,"column":12},"end":{"line":163,"column":null}},"76":{"start":{"line":160,"column":27},"end":{"line":160,"column":70}},"77":{"start":{"line":162,"column":15},"end":{"line":162,"column":55}},"78":{"start":{"line":168,"column":3},"end":{"line":168,"column":21}},"79":{"start":{"line":176,"column":57},"end":{"line":176,"column":70}},"80":{"start":{"line":179,"column":0},"end":{"line":179,"column":26}}},"fnMap":{"0":{"name":"(anonymous_1)","decl":{"start":{"line":29,"column":19},"end":{"line":29,"column":null}},"loc":{"start":{"line":32,"column":22},"end":{"line":130,"column":1}}},"1":{"name":"(anonymous_2)","decl":{"start":{"line":65,"column":17},"end":{"line":65,"column":18}},"loc":{"start":{"line":65,"column":43},"end":{"line":65,"column":72}}},"2":{"name":"(anonymous_3)","decl":{"start":{"line":66,"column":20},"end":{"line":66,"column":21}},"loc":{"start":{"line":66,"column":54},"end":{"line":66,"column":59}}},"3":{"name":"(anonymous_4)","decl":{"start":{"line":106,"column":63},"end":{"line":106,"column":64}},"loc":{"start":{"line":107,"column":12},"end":{"line":109,"column":71}}},"4":{"name":"(anonymous_5)","decl":{"start":{"line":137,"column":20},"end":{"line":137,"column":60}},"loc":{"start":{"line":137,"column":62},"end":{"line":169,"column":1}}}},"branchMap":{"0":{"loc":{"start":{"line":31,"column":3},"end":{"line":31,"column":34}},"type":"default-arg","locations":[{"start":{"line":31,"column":29},"end":{"line":31,"column":34}}]},"1":{"loc":{"start":{"line":35,"column":6},"end":{"line":37,"column":null}},"type":"if","locations":[{"start":{"line":35,"column":6},"end":{"line":37,"column":null}}]},"2":{"loc":{"start":{"line":39,"column":6},"end":{"line":42,"column":11}},"type":"if","locations":[{"start":{"line":39,"column":6},"end":{"line":42,"column":11}}]},"3":{"loc":{"start":{"line":44,"column":6},"end":{"line":47,"column":11}},"type":"if","locations":[{"start":{"line":44,"column":6},"end":{"line":47,"column":11}}]},"4":{"loc":{"start":{"line":61,"column":3},"end":{"line":70,"column":null}},"type":"if","locations":[{"start":{"line":61,"column":3},"end":{"line":70,"column":null}}]},"5":{"loc":{"start":{"line":62,"column":6},"end":{"line":69,"column":null}},"type":"if","locations":[{"start":{"line":62,"column":6},"end":{"line":69,"column":null}},{"start":{"line":67,"column":13},"end":{"line":69,"column":null}}]},"6":{"loc":{"start":{"line":72,"column":3},"end":{"line":75,"column":null}},"type":"if","locations":[{"start":{"line":72,"column":3},"end":{"line":75,"column":null}}]},"7":{"loc":{"start":{"line":77,"column":3},"end":{"line":82,"column":null}},"type":"if","locations":[{"start":{"line":77,"column":3},"end":{"line":82,"column":null}}]},"8":{"loc":{"start":{"line":84,"column":3},"end":{"line":127,"column":null}},"type":"if","locations":[{"start":{"line":84,"column":3},"end":{"line":127,"column":null}}]},"9":{"loc":{"start":{"line":89,"column":6},"end":{"line":89,"column":48}},"type":"if","locations":[{"start":{"line":89,"column":6},"end":{"line":89,"column":48}}]},"10":{"loc":{"start":{"line":100,"column":6},"end":{"line":101,"column":74}},"type":"if","locations":[{"start":{"line":100,"column":6},"end":{"line":101,"column":74}}]},"11":{"loc":{"start":{"line":105,"column":6},"end":{"line":111,"column":null}},"type":"if","locations":[{"start":{"line":105,"column":6},"end":{"line":111,"column":null}}]},"12":{"loc":{"start":{"line":114,"column":6},"end":{"line":117,"column":null}},"type":"if","locations":[{"start":{"line":114,"column":6},"end":{"line":117,"column":null}}]}},"s":{"0":2,"1":2,"2":2,"3":2,"4":2,"5":2,"6":2,"7":2,"8":2,"9":2,"10":2,"11":40888,"12":40888,"13":8,"14":4,"15":4,"16":4,"17":40880,"18":0,"19":40884,"20":40884,"21":40884,"22":40884,"23":40884,"24":40884,"25":40884,"26":40884,"27":40884,"28":30661,"29":0,"30":0,"31":0,"32":30661,"33":40884,"34":36796,"35":36796,"36":40884,"37":34946,"38":34946,"39":40884,"40":40883,"41":40883,"42":40883,"43":40883,"44":30661,"45":40883,"46":40883,"47":40883,"48":40883,"49":36795,"50":40883,"51":40883,"52":34946,"53":1376056,"54":40883,"55":1,"56":1,"57":40882,"58":40882,"59":1,"60":2,"61":2,"62":2,"63":2,"64":2,"65":2,"66":146,"67":1022,"68":1022,"69":3066,"70":3066,"71":1022,"72":1022,"73":9198,"74":9198,"75":9198,"76":27594,"77":27594,"78":2,"79":2,"80":2},"f":{"0":40888,"1":0,"2":0,"3":1376056,"4":2},"b":{"0":[8],"1":[4],"2":[4],"3":[0],"4":[30661],"5":[0,30661],"6":[36796],"7":[34946],"8":[40883],"9":[30661],"10":[36795],"11":[34946],"12":[1]}}
,"C:\\src\\MusicTheoryJS\\src\\scale\\scaleTemplates.ts": {"path":"C:\\src\\MusicTheoryJS\\src\\scale\\scaleTemplates.ts","statementMap":{"0":{"start":{"line":1,"column":52},"end":{"line":108,"column":2}},"1":{"start":{"line":111,"column":0},"end":{"line":111,"column":56}},"2":{"start":{"line":112,"column":0},"end":{"line":112,"column":52}},"3":{"start":{"line":113,"column":0},"end":{"line":113,"column":57}},"4":{"start":{"line":114,"column":0},"end":{"line":114,"column":56}},"5":{"start":{"line":115,"column":0},"end":{"line":115,"column":46}},"6":{"start":{"line":116,"column":0},"end":{"line":116,"column":45}},"7":{"start":{"line":118,"column":0},"end":{"line":120,"column":2}},"8":{"start":{"line":119,"column":3},"end":{"line":119,"column":41}},"9":{"start":{"line":122,"column":0},"end":{"line":122,"column":30}}},"fnMap":{"0":{"name":"(anonymous_0)","decl":{"start":{"line":118,"column":36},"end":{"line":118,"column":37}},"loc":{"start":{"line":119,"column":3},"end":{"line":119,"column":41}}}},"branchMap":{},"s":{"0":2,"1":2,"2":2,"3":2,"4":2,"5":2,"6":2,"7":2,"8":146,"9":2},"f":{"0":146},"b":{}}
,"C:\\src\\MusicTheoryJS\\src\\utils\\clamp.ts": {"path":"C:\\src\\MusicTheoryJS\\src\\utils\\clamp.ts","statementMap":{"0":{"start":{"line":1,"column":14},"end":{"line":2,"column":78}},"1":{"start":{"line":2,"column":2},"end":{"line":2,"column":78}},"2":{"start":{"line":4,"column":0},"end":{"line":4,"column":21}}},"fnMap":{"0":{"name":"(anonymous_0)","decl":{"start":{"line":1,"column":14},"end":{"line":1,"column":15}},"loc":{"start":{"line":2,"column":2},"end":{"line":2,"column":78}}}},"branchMap":{},"s":{"0":6,"1":38775,"2":6},"f":{"0":38775},"b":{}}
,"C:\\src\\MusicTheoryJS\\src\\utils\\clone.ts": {"path":"C:\\src\\MusicTheoryJS\\src\\utils\\clone.ts","statementMap":{"0":{"start":{"line":7,"column":14},"end":{"line":9,"column":1}},"1":{"start":{"line":8,"column":3},"end":{"line":8,"column":42}},"2":{"start":{"line":11,"column":0},"end":{"line":11,"column":21}}},"fnMap":{"0":{"name":"(anonymous_0)","decl":{"start":{"line":7,"column":14},"end":{"line":7,"column":18}},"loc":{"start":{"line":7,"column":31},"end":{"line":9,"column":1}}}},"branchMap":{},"s":{"0":1,"1":21,"2":1},"f":{"0":21},"b":{}}
,"C:\\src\\MusicTheoryJS\\src\\utils\\isEqual.ts": {"path":"C:\\src\\MusicTheoryJS\\src\\utils\\isEqual.ts","statementMap":{"0":{"start":{"line":7,"column":16},"end":{"line":11,"column":1}},"1":{"start":{"line":8,"column":19},"end":{"line":8,"column":36}},"2":{"start":{"line":9,"column":19},"end":{"line":9,"column":36}},"3":{"start":{"line":10,"column":3},"end":{"line":10,"column":30}},"4":{"start":{"line":13,"column":0},"end":{"line":13,"column":23}}},"fnMap":{"0":{"name":"(anonymous_0)","decl":{"start":{"line":7,"column":16},"end":{"line":7,"column":20}},"loc":{"start":{"line":7,"column":43},"end":{"line":11,"column":1}}}},"branchMap":{},"s":{"0":1,"1":2,"2":2,"3":2,"4":1},"f":{"0":2},"b":{}}
,"C:\\src\\MusicTheoryJS\\src\\utils\\shift.ts": {"path":"C:\\src\\MusicTheoryJS\\src\\utils\\shift.ts","statementMap":{"0":{"start":{"line":6,"column":14},"end":{"line":21,"column":1}},"1":{"start":{"line":7,"column":3},"end":{"line":8,"column":70}},"2":{"start":{"line":8,"column":6},"end":{"line":8,"column":70}},"3":{"start":{"line":9,"column":3},"end":{"line":13,"column":null}},"4":{"start":{"line":10,"column":24},"end":{"line":10,"column":63}},"5":{"start":{"line":12,"column":6},"end":{"line":12,"column":27}},"6":{"start":{"line":15,"column":3},"end":{"line":18,"column":null}},"7":{"start":{"line":16,"column":24},"end":{"line":16,"column":43}},"8":{"start":{"line":17,"column":6},"end":{"line":17,"column":24}},"9":{"start":{"line":20,"column":3},"end":{"line":20,"column":14}},"10":{"start":{"line":23,"column":0},"end":{"line":23,"column":21}}},"fnMap":{"0":{"name":"(anonymous_0)","decl":{"start":{"line":6,"column":14},"end":{"line":6,"column":18}},"loc":{"start":{"line":6,"column":53},"end":{"line":21,"column":1}}}},"branchMap":{"0":{"loc":{"start":{"line":6,"column":28},"end":{"line":6,"column":44}},"type":"default-arg","locations":[{"start":{"line":6,"column":43},"end":{"line":6,"column":44}}]},"1":{"loc":{"start":{"line":7,"column":3},"end":{"line":8,"column":70}},"type":"if","locations":[{"start":{"line":7,"column":3},"end":{"line":8,"column":70}}]},"2":{"loc":{"start":{"line":7,"column":7},"end":{"line":7,"column":49}},"type":"binary-expr","locations":[{"start":{"line":7,"column":7},"end":{"line":7,"column":24}},{"start":{"line":7,"column":28},"end":{"line":7,"column":49}}]},"3":{"loc":{"start":{"line":9,"column":3},"end":{"line":13,"column":null}},"type":"if","locations":[{"start":{"line":9,"column":3},"end":{"line":13,"column":null}}]},"4":{"loc":{"start":{"line":15,"column":3},"end":{"line":18,"column":null}},"type":"if","locations":[{"start":{"line":15,"column":3},"end":{"line":18,"column":null}}]}},"s":{"0":2,"1":127,"2":2,"3":125,"4":4,"5":4,"6":125,"7":2,"8":2,"9":125,"10":2},"f":{"0":127},"b":{"0":[1],"1":[2],"2":[127,126],"3":[4],"4":[2]}}
,"C:\\src\\MusicTheoryJS\\src\\utils\\wrap.ts": {"path":"C:\\src\\MusicTheoryJS\\src\\utils\\wrap.ts","statementMap":{"0":{"start":{"line":12,"column":13},"end":{"line":62,"column":1}},"1":{"start":{"line":14,"column":21},"end":{"line":14,"column":26}},"2":{"start":{"line":15,"column":24},"end":{"line":15,"column":29}},"3":{"start":{"line":16,"column":24},"end":{"line":16,"column":29}},"4":{"start":{"line":19,"column":3},"end":{"line":22,"column":null}},"5":{"start":{"line":20,"column":6},"end":{"line":20,"column":21}},"6":{"start":{"line":21,"column":6},"end":{"line":21,"column":21}},"7":{"start":{"line":25,"column":30},"end":{"line":25,"column":40}},"8":{"start":{"line":28,"column":3},"end":{"line":28,"column":24}},"9":{"start":{"line":29,"column":3},"end":{"line":29,"column":24}},"10":{"start":{"line":30,"column":3},"end":{"line":30,"column":21}},"11":{"start":{"line":33,"column":23},"end":{"line":33,"column":47}},"12":{"start":{"line":35,"column":3},"end":{"line":35,"column":47}},"13":{"start":{"line":35,"column":36},"end":{"line":35,"column":47}},"14":{"start":{"line":37,"column":3},"end":{"line":37,"column":48}},"15":{"start":{"line":37,"column":38},"end":{"line":37,"column":48}},"16":{"start":{"line":40,"column":19},"end":{"line":40,"column":20}},"17":{"start":{"line":41,"column":20},"end":{"line":41,"column":21}},"18":{"start":{"line":42,"column":3},"end":{"line":42,"column":49}},"19":{"start":{"line":42,"column":34},"end":{"line":42,"column":49}},"20":{"start":{"line":45,"column":3},"end":{"line":53,"column":null}},"21":{"start":{"line":46,"column":6},"end":{"line":46,"column":46}},"22":{"start":{"line":47,"column":6},"end":{"line":47,"column":31}},"23":{"start":{"line":50,"column":10},"end":{"line":53,"column":null}},"24":{"start":{"line":51,"column":6},"end":{"line":51,"column":46}},"25":{"start":{"line":52,"column":6},"end":{"line":52,"column":31}},"26":{"start":{"line":56,"column":3},"end":{"line":56,"column":21}},"27":{"start":{"line":58,"column":3},"end":{"line":61,"column":5}},"28":{"start":{"line":64,"column":0},"end":{"line":64,"column":20}}},"fnMap":{"0":{"name":"(anonymous_0)","decl":{"start":{"line":12,"column":13},"end":{"line":12,"column":14}},"loc":{"start":{"line":12,"column":76},"end":{"line":62,"column":1}}}},"branchMap":{"0":{"loc":{"start":{"line":19,"column":3},"end":{"line":22,"column":null}},"type":"if","locations":[{"start":{"line":19,"column":3},"end":{"line":22,"column":null}}]},"1":{"loc":{"start":{"line":35,"column":3},"end":{"line":35,"column":47}},"type":"if","locations":[{"start":{"line":35,"column":3},"end":{"line":35,"column":47}}]},"2":{"loc":{"start":{"line":35,"column":7},"end":{"line":35,"column":34}},"type":"binary-expr","locations":[{"start":{"line":35,"column":7},"end":{"line":35,"column":18}},{"start":{"line":35,"column":22},"end":{"line":35,"column":34}}]},"3":{"loc":{"start":{"line":37,"column":3},"end":{"line":37,"column":48}},"type":"if","locations":[{"start":{"line":37,"column":3},"end":{"line":37,"column":48}}]},"4":{"loc":{"start":{"line":37,"column":7},"end":{"line":37,"column":36}},"type":"binary-expr","locations":[{"start":{"line":37,"column":7},"end":{"line":37,"column":18}},{"start":{"line":37,"column":22},"end":{"line":37,"column":36}}]},"5":{"loc":{"start":{"line":42,"column":3},"end":{"line":42,"column":49}},"type":"if","locations":[{"start":{"line":42,"column":3},"end":{"line":42,"column":49}}]},"6":{"loc":{"start":{"line":42,"column":7},"end":{"line":42,"column":32}},"type":"binary-expr","locations":[{"start":{"line":42,"column":7},"end":{"line":42,"column":18}},{"start":{"line":42,"column":22},"end":{"line":42,"column":32}}]},"7":{"loc":{"start":{"line":45,"column":3},"end":{"line":53,"column":null}},"type":"if","locations":[{"start":{"line":45,"column":3},"end":{"line":53,"column":null}},{"start":{"line":50,"column":10},"end":{"line":53,"column":null}}]},"8":{"loc":{"start":{"line":50,"column":10},"end":{"line":53,"column":null}},"type":"if","locations":[{"start":{"line":50,"column":10},"end":{"line":53,"column":null}}]}},"s":{"0":6,"1":43404,"2":43404,"3":43404,"4":43404,"5":1,"6":1,"7":43404,"8":43404,"9":43404,"10":43404,"11":43404,"12":43404,"13":1502,"14":43404,"15":1581,"16":43404,"17":43404,"18":43404,"19":43401,"20":43404,"21":1503,"22":1503,"23":41901,"24":3004,"25":3004,"26":43404,"27":43404,"28":6},"f":{"0":43404},"b":{"0":[1],"1":[1502],"2":[43404,38818],"3":[1581],"4":[43404,4583],"5":[43401],"6":[43404,43403],"7":[1503,41901],"8":[3004]}}
}
