{"C:\\src\\MusicTheoryJS\\src\\Modifier.ts": {"path":"C:\\src\\MusicTheoryJS\\src\\Modifier.ts","statementMap":{"0":{"start":{"line":1,"column":0},"end":{"line":1,"column":null}},"1":{"start":{"line":2,"column":3},"end":{"line":2,"column":null}},"2":{"start":{"line":3,"column":3},"end":{"line":3,"column":null}},"3":{"start":{"line":4,"column":3},"end":{"line":4,"column":null}},"4":{"start":{"line":7,"column":22},"end":{"line":21,"column":1}},"5":{"start":{"line":8,"column":3},"end":{"line":20,"column":null}},"6":{"start":{"line":11,"column":9},"end":{"line":11,"column":30}},"7":{"start":{"line":16,"column":9},"end":{"line":16,"column":31}},"8":{"start":{"line":19,"column":9},"end":{"line":19,"column":33}},"9":{"start":{"line":24,"column":9},"end":{"line":24,"column":22}},"10":{"start":{"line":23,"column":0},"end":{"line":23,"column":24}}},"fnMap":{"0":{"name":"(anonymous_0)","decl":{"start":{"line":1,"column":0},"end":{"line":1,"column":5}},"loc":{"start":{"line":1,"column":13},"end":{"line":5,"column":1}}},"1":{"name":"(anonymous_1)","decl":{"start":{"line":7,"column":22},"end":{"line":7,"column":23}},"loc":{"start":{"line":7,"column":53},"end":{"line":21,"column":1}}}},"branchMap":{"0":{"loc":{"start":{"line":1,"column":5},"end":{"line":1,"column":null}},"type":"binary-expr","locations":[{"start":{"line":1,"column":5},"end":{"line":1,"column":13}},{"start":{"line":1,"column":5},"end":{"line":1,"column":null}}]},"1":{"loc":{"start":{"line":8,"column":3},"end":{"line":20,"column":null}},"type":"switch","locations":[{"start":{"line":9,"column":6},"end":{"line":9,"column":15}},{"start":{"line":10,"column":6},"end":{"line":11,"column":30}},{"start":{"line":13,"column":6},"end":{"line":13,"column":15}},{"start":{"line":14,"column":6},"end":{"line":14,"column":15}},{"start":{"line":15,"column":6},"end":{"line":16,"column":31}},{"start":{"line":18,"column":6},"end":{"line":19,"column":33}}]}},"s":{"0":6,"1":6,"2":6,"3":6,"4":6,"5":31517,"6":10506,"7":21007,"8":4,"9":6,"10":6},"f":{"0":6,"1":31517},"b":{"0":[6,6],"1":[10505,10506,10504,21006,21007,4]}}
,"C:\\src\\MusicTheoryJS\\src\\Semitone.ts": {"path":"C:\\src\\MusicTheoryJS\\src\\Semitone.ts","statementMap":{"0":{"start":{"line":6,"column":0},"end":{"line":6,"column":null}},"1":{"start":{"line":7,"column":3},"end":{"line":7,"column":null}},"2":{"start":{"line":8,"column":3},"end":{"line":8,"column":null}},"3":{"start":{"line":9,"column":3},"end":{"line":9,"column":null}},"4":{"start":{"line":10,"column":3},"end":{"line":10,"column":null}},"5":{"start":{"line":11,"column":3},"end":{"line":11,"column":null}},"6":{"start":{"line":12,"column":3},"end":{"line":12,"column":null}},"7":{"start":{"line":13,"column":3},"end":{"line":13,"column":null}},"8":{"start":{"line":14,"column":3},"end":{"line":14,"column":null}},"9":{"start":{"line":15,"column":3},"end":{"line":15,"column":null}},"10":{"start":{"line":16,"column":3},"end":{"line":16,"column":null}},"11":{"start":{"line":17,"column":3},"end":{"line":17,"column":null}},"12":{"start":{"line":18,"column":3},"end":{"line":18,"column":null}},"13":{"start":{"line":19,"column":3},"end":{"line":19,"column":null}},"14":{"start":{"line":20,"column":3},"end":{"line":20,"column":null}},"15":{"start":{"line":21,"column":3},"end":{"line":21,"column":null}},"16":{"start":{"line":22,"column":3},"end":{"line":22,"column":null}},"17":{"start":{"line":23,"column":3},"end":{"line":23,"column":null}},"18":{"start":{"line":24,"column":3},"end":{"line":24,"column":null}},"19":{"start":{"line":25,"column":3},"end":{"line":25,"column":null}},"20":{"start":{"line":26,"column":3},"end":{"line":26,"column":null}},"21":{"start":{"line":27,"column":3},"end":{"line":27,"column":null}},"22":{"start":{"line":36,"column":29},"end":{"line":42,"column":1}},"23":{"start":{"line":37,"column":3},"end":{"line":38,"column":38}},"24":{"start":{"line":38,"column":6},"end":{"line":38,"column":38}},"25":{"start":{"line":39,"column":15},"end":{"line":39,"column":36}},"26":{"start":{"line":41,"column":3},"end":{"line":41,"column":49}},"27":{"start":{"line":45,"column":9},"end":{"line":45,"column":29}},"28":{"start":{"line":44,"column":0},"end":{"line":44,"column":24}}},"fnMap":{"0":{"name":"(anonymous_0)","decl":{"start":{"line":6,"column":0},"end":{"line":6,"column":5}},"loc":{"start":{"line":6,"column":13},"end":{"line":28,"column":1}}},"1":{"name":"(anonymous_1)","decl":{"start":{"line":36,"column":29},"end":{"line":36,"column":30}},"loc":{"start":{"line":36,"column":56},"end":{"line":42,"column":1}}}},"branchMap":{"0":{"loc":{"start":{"line":6,"column":5},"end":{"line":6,"column":null}},"type":"binary-expr","locations":[{"start":{"line":6,"column":5},"end":{"line":6,"column":13}},{"start":{"line":6,"column":5},"end":{"line":6,"column":null}}]},"1":{"loc":{"start":{"line":37,"column":3},"end":{"line":38,"column":38}},"type":"if","locations":[{"start":{"line":37,"column":3},"end":{"line":38,"column":38}}]},"2":{"loc":{"start":{"line":37,"column":7},"end":{"line":37,"column":52}},"type":"binary-expr","locations":[{"start":{"line":37,"column":7},"end":{"line":37,"column":12}},{"start":{"line":37,"column":16},"end":{"line":37,"column":33}},{"start":{"line":37,"column":37},"end":{"line":37,"column":52}}]}},"s":{"0":6,"1":6,"2":6,"3":6,"4":6,"5":6,"6":6,"7":6,"8":6,"9":6,"10":6,"11":6,"12":6,"13":6,"14":6,"15":6,"16":6,"17":6,"18":6,"19":6,"20":6,"21":6,"22":6,"23":42017,"24":2,"25":42015,"26":42015,"27":6,"28":6},"f":{"0":6,"1":42017},"b":{"0":[6,6],"1":[2],"2":[42017,42016,42016]}}
,"C:\\src\\MusicTheoryJS\\src\\Instrument\\Instrument.ts": {"path":"C:\\src\\MusicTheoryJS\\src\\Instrument\\Instrument.ts","statementMap":{"0":{"start":{"line":1,"column":0},"end":{"line":1,"column":30}},"1":{"start":{"line":4,"column":0},"end":{"line":4,"column":26}},"2":{"start":{"line":23,"column":6},"end":{"line":23,"column":39}},"3":{"start":{"line":31,"column":16},"end":{"line":31,"column":21}},"4":{"start":{"line":39,"column":6},"end":{"line":39,"column":64}},"5":{"start":{"line":48,"column":6},"end":{"line":48,"column":67}},"6":{"start":{"line":57,"column":6},"end":{"line":57,"column":52}},"7":{"start":{"line":61,"column":0},"end":{"line":61,"column":26}}},"fnMap":{"0":{"name":"(anonymous_1)","decl":{"start":{"line":22,"column":3},"end":{"line":22,"column":15}},"loc":{"start":{"line":22,"column":35},"end":{"line":24,"column":4}}},"1":{"name":"(anonymous_2)","decl":{"start":{"line":38,"column":3},"end":{"line":38,"column":15}},"loc":{"start":{"line":38,"column":26},"end":{"line":40,"column":4}}},"2":{"name":"(anonymous_3)","decl":{"start":{"line":47,"column":3},"end":{"line":47,"column":13}},"loc":{"start":{"line":47,"column":24},"end":{"line":49,"column":4}}},"3":{"name":"(anonymous_4)","decl":{"start":{"line":56,"column":10},"end":{"line":56,"column":18}},"loc":{"start":{"line":56,"column":18},"end":{"line":58,"column":4}}}},"branchMap":{"0":{"loc":{"start":{"line":22,"column":15},"end":{"line":22,"column":35}},"type":"default-arg","locations":[{"start":{"line":22,"column":32},"end":{"line":22,"column":35}}]}},"s":{"0":1,"1":1,"2":4,"3":4,"4":1,"5":1,"6":0,"7":1},"f":{"0":4,"1":1,"2":1,"3":0},"b":{"0":[3]}}
,"C:\\src\\MusicTheoryJS\\src\\Instrument\\Tuning.ts": {"path":"C:\\src\\MusicTheoryJS\\src\\Instrument\\Tuning.ts","statementMap":{"0":{"start":{"line":2,"column":0},"end":{"line":2,"column":50}},"1":{"start":{"line":3,"column":0},"end":{"line":3,"column":26}},"2":{"start":{"line":19,"column":6},"end":{"line":19,"column":24}},"3":{"start":{"line":20,"column":6},"end":{"line":20,"column":25}},"4":{"start":{"line":28,"column":16},"end":{"line":28,"column":21}},"5":{"start":{"line":35,"column":25},"end":{"line":35,"column":28}},"6":{"start":{"line":38,"column":6},"end":{"line":38,"column":22}},"7":{"start":{"line":47,"column":6},"end":{"line":47,"column":23}},"8":{"start":{"line":48,"column":6},"end":{"line":48,"column":25}},"9":{"start":{"line":57,"column":54},"end":{"line":57,"column":56}},"10":{"start":{"line":60,"column":18},"end":{"line":60,"column":41}},"11":{"start":{"line":61,"column":6},"end":{"line":61,"column":37}},"12":{"start":{"line":69,"column":51},"end":{"line":69,"column":53}},"13":{"start":{"line":72,"column":18},"end":{"line":72,"column":41}},"14":{"start":{"line":73,"column":6},"end":{"line":73,"column":34}},"15":{"start":{"line":82,"column":21},"end":{"line":82,"column":43}},"16":{"start":{"line":83,"column":6},"end":{"line":83,"column":45}},"17":{"start":{"line":84,"column":6},"end":{"line":84,"column":42}},"18":{"start":{"line":93,"column":6},"end":{"line":93,"column":35}},"19":{"start":{"line":97,"column":0},"end":{"line":97,"column":22}}},"fnMap":{"0":{"name":"(anonymous_0)","decl":{"start":{"line":18,"column":3},"end":{"line":18,"column":15}},"loc":{"start":{"line":18,"column":35},"end":{"line":21,"column":4}}},"1":{"name":"(anonymous_1)","decl":{"start":{"line":37,"column":3},"end":{"line":37,"column":14}},"loc":{"start":{"line":37,"column":16},"end":{"line":39,"column":4}}},"2":{"name":"(anonymous_2)","decl":{"start":{"line":46,"column":3},"end":{"line":46,"column":14}},"loc":{"start":{"line":46,"column":30},"end":{"line":49,"column":4}}},"3":{"name":"(anonymous_3)","decl":{"start":{"line":59,"column":10},"end":{"line":59,"column":23}},"loc":{"start":{"line":59,"column":56},"end":{"line":62,"column":4}}},"4":{"name":"(anonymous_4)","decl":{"start":{"line":71,"column":10},"end":{"line":71,"column":20}},"loc":{"start":{"line":71,"column":53},"end":{"line":74,"column":4}}},"5":{"name":"(anonymous_5)","decl":{"start":{"line":81,"column":11},"end":{"line":81,"column":22}},"loc":{"start":{"line":81,"column":22},"end":{"line":85,"column":4}}},"6":{"name":"(anonymous_6)","decl":{"start":{"line":92,"column":10},"end":{"line":92,"column":18}},"loc":{"start":{"line":92,"column":18},"end":{"line":94,"column":4}}}},"branchMap":{"0":{"loc":{"start":{"line":18,"column":15},"end":{"line":18,"column":35}},"type":"default-arg","locations":[{"start":{"line":18,"column":32},"end":{"line":18,"column":35}}]}},"s":{"0":2,"1":2,"2":8,"3":8,"4":8,"5":8,"6":2,"7":2,"8":2,"9":8,"10":2,"11":2,"12":8,"13":3,"14":3,"15":10,"16":10,"17":10,"18":0,"19":2},"f":{"0":8,"1":2,"2":2,"3":2,"4":3,"5":10,"6":0},"b":{"0":[1]}}
,"C:\\src\\MusicTheoryJS\\src\\Instrument\\instrumentTables.ts": {"path":"C:\\src\\MusicTheoryJS\\src\\Instrument\\instrumentTables.ts","statementMap":{"0":{"start":{"line":6,"column":22},"end":{"line":6,"column":24}},"1":{"start":{"line":7,"column":20},"end":{"line":7,"column":22}},"2":{"start":{"line":8,"column":22},"end":{"line":8,"column":24}},"3":{"start":{"line":15,"column":20},"end":{"line":15,"column":115}},"4":{"start":{"line":15,"column":66},"end":{"line":15,"column":115}},"5":{"start":{"line":23,"column":22},"end":{"line":23,"column":106}},"6":{"start":{"line":23,"column":69},"end":{"line":23,"column":106}},"7":{"start":{"line":40,"column":31},"end":{"line":74,"column":1}},"8":{"start":{"line":47,"column":48},"end":{"line":47,"column":50}},"9":{"start":{"line":55,"column":48},"end":{"line":55,"column":50}},"10":{"start":{"line":57,"column":25},"end":{"line":57,"column":26}},"11":{"start":{"line":58,"column":27},"end":{"line":58,"column":28}},"12":{"start":{"line":60,"column":3},"end":{"line":68,"column":null}},"13":{"start":{"line":61,"column":6},"end":{"line":67,"column":null}},"14":{"start":{"line":62,"column":21},"end":{"line":62,"column":46}},"15":{"start":{"line":63,"column":22},"end":{"line":63,"column":53}},"16":{"start":{"line":64,"column":22},"end":{"line":64,"column":51}},"17":{"start":{"line":65,"column":9},"end":{"line":65,"column":31}},"18":{"start":{"line":66,"column":9},"end":{"line":66,"column":31}},"19":{"start":{"line":70,"column":3},"end":{"line":73,"column":5}},"20":{"start":{"line":76,"column":9},"end":{"line":76,"column":21}}},"fnMap":{"0":{"name":"(anonymous_0)","decl":{"start":{"line":15,"column":20},"end":{"line":15,"column":21}},"loc":{"start":{"line":15,"column":66},"end":{"line":15,"column":115}}},"1":{"name":"(anonymous_1)","decl":{"start":{"line":23,"column":22},"end":{"line":23,"column":23}},"loc":{"start":{"line":23,"column":69},"end":{"line":23,"column":106}}},"2":{"name":"(anonymous_2)","decl":{"start":{"line":40,"column":31},"end":{"line":40,"column":32}},"loc":{"start":{"line":40,"column":66},"end":{"line":74,"column":1}}}},"branchMap":{"0":{"loc":{"start":{"line":40,"column":32},"end":{"line":40,"column":54}},"type":"default-arg","locations":[{"start":{"line":40,"column":51},"end":{"line":40,"column":54}}]}},"s":{"0":3,"1":3,"2":3,"3":3,"4":1320,"5":3,"6":1320,"7":3,"8":11,"9":11,"10":11,"11":11,"12":11,"13":110,"14":1320,"15":1320,"16":1320,"17":1320,"18":1320,"19":11,"20":3},"f":{"0":1320,"1":1320,"2":11},"b":{"0":[1]}}
,"C:\\src\\MusicTheoryJS\\src\\Note\\Note.ts": {"path":"C:\\src\\MusicTheoryJS\\src\\Note\\Note.ts","statementMap":{"0":{"start":{"line":2,"column":0},"end":{"line":2,"column":35}},"1":{"start":{"line":3,"column":0},"end":{"line":3,"column":33}},"2":{"start":{"line":4,"column":0},"end":{"line":4,"column":35}},"3":{"start":{"line":5,"column":0},"end":{"line":5,"column":37}},"4":{"start":{"line":7,"column":0},"end":{"line":7,"column":null}},"5":{"start":{"line":287,"column":9},"end":{"line":9,"column":null}},"6":{"start":{"line":287,"column":20},"end":{"line":10,"column":null}},"7":{"start":{"line":287,"column":31},"end":{"line":11,"column":null}},"8":{"start":{"line":287,"column":43},"end":{"line":12,"column":null}},"9":{"start":{"line":16,"column":0},"end":{"line":16,"column":45}},"10":{"start":{"line":17,"column":0},"end":{"line":17,"column":26}},"11":{"start":{"line":37,"column":6},"end":{"line":51,"column":null}},"12":{"start":{"line":38,"column":9},"end":{"line":38,"column":38}},"13":{"start":{"line":39,"column":9},"end":{"line":39,"column":42}},"14":{"start":{"line":40,"column":13},"end":{"line":51,"column":null}},"15":{"start":{"line":41,"column":9},"end":{"line":41,"column":36}},"16":{"start":{"line":42,"column":9},"end":{"line":42,"column":56}},"17":{"start":{"line":43,"column":9},"end":{"line":43,"column":62}},"18":{"start":{"line":44,"column":9},"end":{"line":44,"column":41}},"19":{"start":{"line":48,"column":9},"end":{"line":48,"column":56}},"20":{"start":{"line":49,"column":9},"end":{"line":49,"column":62}},"21":{"start":{"line":50,"column":9},"end":{"line":50,"column":41}},"22":{"start":{"line":59,"column":16},"end":{"line":59,"column":21}},"23":{"start":{"line":66,"column":29},"end":{"line":66,"column":45}},"24":{"start":{"line":67,"column":37},"end":{"line":67,"column":53}},"25":{"start":{"line":70,"column":6},"end":{"line":70,"column":24}},"26":{"start":{"line":81,"column":22},"end":{"line":81,"column":58}},"27":{"start":{"line":82,"column":6},"end":{"line":82,"column":38}},"28":{"start":{"line":83,"column":6},"end":{"line":83,"column":33}},"29":{"start":{"line":84,"column":6},"end":{"line":84,"column":53}},"30":{"start":{"line":92,"column":29},"end":{"line":92,"column":43}},"31":{"start":{"line":95,"column":6},"end":{"line":95,"column":26}},"32":{"start":{"line":104,"column":6},"end":{"line":104,"column":59}},"33":{"start":{"line":114,"column":6},"end":{"line":117,"column":19}},"34":{"start":{"line":127,"column":6},"end":{"line":127,"column":40}},"35":{"start":{"line":128,"column":6},"end":{"line":128,"column":18}},"36":{"start":{"line":138,"column":23},"end":{"line":138,"column":65}},"37":{"start":{"line":139,"column":6},"end":{"line":139,"column":34}},"38":{"start":{"line":139,"column":21},"end":{"line":139,"column":34}},"39":{"start":{"line":142,"column":6},"end":{"line":146,"column":22}},"40":{"start":{"line":146,"column":9},"end":{"line":146,"column":22}},"41":{"start":{"line":149,"column":6},"end":{"line":149,"column":18}},"42":{"start":{"line":159,"column":6},"end":{"line":162,"column":19}},"43":{"start":{"line":172,"column":6},"end":{"line":172,"column":40}},"44":{"start":{"line":173,"column":6},"end":{"line":173,"column":18}},"45":{"start":{"line":183,"column":23},"end":{"line":183,"column":65}},"46":{"start":{"line":184,"column":6},"end":{"line":184,"column":34}},"47":{"start":{"line":184,"column":21},"end":{"line":184,"column":34}},"48":{"start":{"line":187,"column":6},"end":{"line":191,"column":22}},"49":{"start":{"line":191,"column":9},"end":{"line":191,"column":22}},"50":{"start":{"line":194,"column":6},"end":{"line":194,"column":18}},"51":{"start":{"line":203,"column":6},"end":{"line":203,"column":76}},"52":{"start":{"line":212,"column":6},"end":{"line":215,"column":9}},"53":{"start":{"line":224,"column":6},"end":{"line":227,"column":8}},"54":{"start":{"line":237,"column":6},"end":{"line":240,"column":9}},"55":{"start":{"line":244,"column":6},"end":{"line":247,"column":9}},"56":{"start":{"line":251,"column":6},"end":{"line":254,"column":9}},"57":{"start":{"line":258,"column":6},"end":{"line":261,"column":9}},"58":{"start":{"line":265,"column":6},"end":{"line":268,"column":9}},"59":{"start":{"line":272,"column":6},"end":{"line":275,"column":9}},"60":{"start":{"line":279,"column":6},"end":{"line":282,"column":9}},"61":{"start":{"line":286,"column":0},"end":{"line":286,"column":20}}},"fnMap":{"0":{"name":"(anonymous_1)","decl":{"start":{"line":287,"column":9},"end":{"line":287,"column":18}},"loc":{"start":{"line":287,"column":9},"end":{"line":9,"column":null}}},"1":{"name":"(anonymous_2)","decl":{"start":{"line":287,"column":20},"end":{"line":287,"column":29}},"loc":{"start":{"line":287,"column":20},"end":{"line":10,"column":null}}},"2":{"name":"(anonymous_3)","decl":{"start":{"line":287,"column":31},"end":{"line":287,"column":41}},"loc":{"start":{"line":287,"column":31},"end":{"line":11,"column":null}}},"3":{"name":"(anonymous_4)","decl":{"start":{"line":287,"column":43},"end":{"line":287,"column":53}},"loc":{"start":{"line":287,"column":43},"end":{"line":12,"column":null}}},"4":{"name":"(anonymous_5)","decl":{"start":{"line":36,"column":3},"end":{"line":36,"column":15}},"loc":{"start":{"line":36,"column":48},"end":{"line":52,"column":4}}},"5":{"name":"(anonymous_6)","decl":{"start":{"line":69,"column":3},"end":{"line":69,"column":7}},"loc":{"start":{"line":69,"column":15},"end":{"line":71,"column":4}}},"6":{"name":"(anonymous_7)","decl":{"start":{"line":80,"column":3},"end":{"line":80,"column":7}},"loc":{"start":{"line":80,"column":34},"end":{"line":85,"column":4}}},"7":{"name":"(anonymous_8)","decl":{"start":{"line":94,"column":3},"end":{"line":94,"column":7}},"loc":{"start":{"line":94,"column":13},"end":{"line":96,"column":4}}},"8":{"name":"(anonymous_9)","decl":{"start":{"line":103,"column":3},"end":{"line":103,"column":7}},"loc":{"start":{"line":103,"column":28},"end":{"line":105,"column":4}}},"9":{"name":"(anonymous_10)","decl":{"start":{"line":113,"column":10},"end":{"line":113,"column":15}},"loc":{"start":{"line":113,"column":15},"end":{"line":118,"column":4}}},"10":{"name":"(anonymous_11)","decl":{"start":{"line":126,"column":10},"end":{"line":126,"column":17}},"loc":{"start":{"line":126,"column":17},"end":{"line":129,"column":4}}},"11":{"name":"(anonymous_12)","decl":{"start":{"line":136,"column":10},"end":{"line":136,"column":17}},"loc":{"start":{"line":136,"column":17},"end":{"line":150,"column":4}}},"12":{"name":"(anonymous_13)","decl":{"start":{"line":158,"column":10},"end":{"line":158,"column":14}},"loc":{"start":{"line":158,"column":14},"end":{"line":163,"column":4}}},"13":{"name":"(anonymous_14)","decl":{"start":{"line":171,"column":10},"end":{"line":171,"column":17}},"loc":{"start":{"line":171,"column":17},"end":{"line":174,"column":4}}},"14":{"name":"(anonymous_15)","decl":{"start":{"line":181,"column":10},"end":{"line":181,"column":16}},"loc":{"start":{"line":181,"column":16},"end":{"line":195,"column":4}}},"15":{"name":"(anonymous_16)","decl":{"start":{"line":202,"column":10},"end":{"line":202,"column":16}},"loc":{"start":{"line":202,"column":27},"end":{"line":204,"column":4}}},"16":{"name":"(anonymous_17)","decl":{"start":{"line":211,"column":10},"end":{"line":211,"column":14}},"loc":{"start":{"line":211,"column":14},"end":{"line":216,"column":4}}},"17":{"name":"(anonymous_18)","decl":{"start":{"line":223,"column":10},"end":{"line":223,"column":18}},"loc":{"start":{"line":223,"column":18},"end":{"line":228,"column":4}}},"18":{"name":"(anonymous_19)","decl":{"start":{"line":236,"column":3},"end":{"line":236,"column":9}},"loc":{"start":{"line":236,"column":30},"end":{"line":241,"column":4}}},"19":{"name":"(anonymous_20)","decl":{"start":{"line":243,"column":3},"end":{"line":243,"column":9}},"loc":{"start":{"line":243,"column":30},"end":{"line":248,"column":4}}},"20":{"name":"(anonymous_21)","decl":{"start":{"line":250,"column":3},"end":{"line":250,"column":9}},"loc":{"start":{"line":250,"column":30},"end":{"line":255,"column":4}}},"21":{"name":"(anonymous_22)","decl":{"start":{"line":257,"column":3},"end":{"line":257,"column":9}},"loc":{"start":{"line":257,"column":30},"end":{"line":262,"column":4}}},"22":{"name":"(anonymous_23)","decl":{"start":{"line":264,"column":3},"end":{"line":264,"column":9}},"loc":{"start":{"line":264,"column":30},"end":{"line":269,"column":4}}},"23":{"name":"(anonymous_24)","decl":{"start":{"line":271,"column":3},"end":{"line":271,"column":9}},"loc":{"start":{"line":271,"column":30},"end":{"line":276,"column":4}}},"24":{"name":"(anonymous_25)","decl":{"start":{"line":278,"column":3},"end":{"line":278,"column":9}},"loc":{"start":{"line":278,"column":30},"end":{"line":283,"column":4}}}},"branchMap":{"0":{"loc":{"start":{"line":37,"column":6},"end":{"line":51,"column":null}},"type":"if","locations":[{"start":{"line":37,"column":6},"end":{"line":51,"column":null}},{"start":{"line":40,"column":13},"end":{"line":51,"column":null}}]},"1":{"loc":{"start":{"line":40,"column":13},"end":{"line":51,"column":null}},"type":"if","locations":[{"start":{"line":40,"column":13},"end":{"line":51,"column":null}},{"start":{"line":45,"column":13},"end":{"line":51,"column":null}}]},"2":{"loc":{"start":{"line":42,"column":23},"end":{"line":42,"column":55}},"type":"binary-expr","locations":[{"start":{"line":42,"column":23},"end":{"line":42,"column":37}},{"start":{"line":42,"column":41},"end":{"line":42,"column":55}}]},"3":{"loc":{"start":{"line":43,"column":25},"end":{"line":43,"column":61}},"type":"binary-expr","locations":[{"start":{"line":43,"column":25},"end":{"line":43,"column":41}},{"start":{"line":43,"column":45},"end":{"line":43,"column":61}}]},"4":{"loc":{"start":{"line":48,"column":23},"end":{"line":48,"column":55}},"type":"binary-expr","locations":[{"start":{"line":48,"column":23},"end":{"line":48,"column":37}},{"start":{"line":48,"column":41},"end":{"line":48,"column":55}}]},"5":{"loc":{"start":{"line":49,"column":25},"end":{"line":49,"column":61}},"type":"binary-expr","locations":[{"start":{"line":49,"column":25},"end":{"line":49,"column":41}},{"start":{"line":49,"column":45},"end":{"line":49,"column":61}}]},"6":{"loc":{"start":{"line":139,"column":6},"end":{"line":139,"column":34}},"type":"if","locations":[{"start":{"line":139,"column":6},"end":{"line":139,"column":34}}]},"7":{"loc":{"start":{"line":142,"column":6},"end":{"line":146,"column":22}},"type":"if","locations":[{"start":{"line":142,"column":6},"end":{"line":146,"column":22}}]},"8":{"loc":{"start":{"line":184,"column":6},"end":{"line":184,"column":34}},"type":"if","locations":[{"start":{"line":184,"column":6},"end":{"line":184,"column":34}}]},"9":{"loc":{"start":{"line":187,"column":6},"end":{"line":191,"column":22}},"type":"if","locations":[{"start":{"line":187,"column":6},"end":{"line":191,"column":22}}]},"10":{"loc":{"start":{"line":203,"column":13},"end":{"line":203,"column":75}},"type":"binary-expr","locations":[{"start":{"line":203,"column":13},"end":{"line":203,"column":44}},{"start":{"line":203,"column":48},"end":{"line":203,"column":75}}]},"11":{"loc":{"start":{"line":236,"column":12},"end":{"line":236,"column":30}},"type":"default-arg","locations":[{"start":{"line":236,"column":29},"end":{"line":236,"column":30}}]},"12":{"loc":{"start":{"line":243,"column":12},"end":{"line":243,"column":30}},"type":"default-arg","locations":[{"start":{"line":243,"column":29},"end":{"line":243,"column":30}}]},"13":{"loc":{"start":{"line":250,"column":12},"end":{"line":250,"column":30}},"type":"default-arg","locations":[{"start":{"line":250,"column":29},"end":{"line":250,"column":30}}]},"14":{"loc":{"start":{"line":257,"column":12},"end":{"line":257,"column":30}},"type":"default-arg","locations":[{"start":{"line":257,"column":29},"end":{"line":257,"column":30}}]},"15":{"loc":{"start":{"line":264,"column":12},"end":{"line":264,"column":30}},"type":"default-arg","locations":[{"start":{"line":264,"column":29},"end":{"line":264,"column":30}}]},"16":{"loc":{"start":{"line":271,"column":12},"end":{"line":271,"column":30}},"type":"default-arg","locations":[{"start":{"line":271,"column":29},"end":{"line":271,"column":30}}]},"17":{"loc":{"start":{"line":278,"column":12},"end":{"line":278,"column":30}},"type":"default-arg","locations":[{"start":{"line":278,"column":29},"end":{"line":278,"column":30}}]}},"s":{"0":3,"1":3,"2":3,"3":3,"4":3,"5":3,"6":3,"7":3,"8":3,"9":3,"10":3,"11":182,"12":2,"13":2,"14":180,"15":20,"16":20,"17":20,"18":20,"19":160,"20":160,"21":160,"22":182,"23":182,"24":182,"25":63,"26":195,"27":195,"28":195,"29":195,"30":182,"31":28,"32":184,"33":2,"34":5,"35":5,"36":7,"37":7,"38":0,"39":7,"40":2,"41":5,"42":2,"43":5,"44":5,"45":7,"46":7,"47":0,"48":7,"49":2,"50":5,"51":2,"52":1,"53":5,"54":1,"55":1,"56":1,"57":1,"58":1,"59":1,"60":1,"61":3},"f":{"0":0,"1":0,"2":0,"3":0,"4":182,"5":63,"6":195,"7":28,"8":184,"9":2,"10":5,"11":7,"12":2,"13":5,"14":7,"15":2,"16":1,"17":5,"18":1,"19":1,"20":1,"21":1,"22":1,"23":1,"24":1},"b":{"0":[2,180],"1":[20,160],"2":[20,0],"3":[20,0],"4":[160,0],"5":[160,1],"6":[0],"7":[2],"8":[0],"9":[2],"10":[2,2],"11":[1],"12":[1],"13":[0],"14":[0],"15":[0],"16":[0],"17":[0]}}
,"C:\\src\\MusicTheoryJS\\src\\Note\\noteConstants.ts": {"path":"C:\\src\\MusicTheoryJS\\src\\Note\\noteConstants.ts","statementMap":{"0":{"start":{"line":4,"column":27},"end":{"line":4,"column":46}},"1":{"start":{"line":12,"column":9},"end":{"line":12,"column":27}},"2":{"start":{"line":5,"column":18},"end":{"line":5,"column":20}},"3":{"start":{"line":12,"column":29},"end":{"line":12,"column":38}},"4":{"start":{"line":6,"column":18},"end":{"line":6,"column":19}},"5":{"start":{"line":12,"column":40},"end":{"line":12,"column":49}},"6":{"start":{"line":7,"column":19},"end":{"line":7,"column":20}},"7":{"start":{"line":12,"column":51},"end":{"line":12,"column":61}},"8":{"start":{"line":8,"column":19},"end":{"line":8,"column":20}},"9":{"start":{"line":12,"column":63},"end":{"line":12,"column":73}},"10":{"start":{"line":9,"column":23},"end":{"line":9,"column":24}},"11":{"start":{"line":12,"column":75},"end":{"line":12,"column":89}},"12":{"start":{"line":10,"column":25},"end":{"line":10,"column":26}},"13":{"start":{"line":12,"column":91},"end":{"line":12,"column":107}}},"fnMap":{},"branchMap":{},"s":{"0":5,"1":5,"2":5,"3":5,"4":5,"5":5,"6":5,"7":5,"8":5,"9":5,"10":5,"11":5,"12":5,"13":5},"f":{},"b":{}}
,"C:\\src\\MusicTheoryJS\\src\\Note\\noteParser.ts": {"path":"C:\\src\\MusicTheoryJS\\src\\Note\\noteParser.ts","statementMap":{"0":{"start":{"line":2,"column":0},"end":{"line":2,"column":79}},"1":{"start":{"line":3,"column":0},"end":{"line":3,"column":51}},"2":{"start":{"line":4,"column":0},"end":{"line":4,"column":54}},"3":{"start":{"line":5,"column":0},"end":{"line":5,"column":33}},"4":{"start":{"line":6,"column":0},"end":{"line":6,"column":35}},"5":{"start":{"line":13,"column":18},"end":{"line":13,"column":28}},"6":{"start":{"line":14,"column":22},"end":{"line":14,"column":32}},"7":{"start":{"line":15,"column":20},"end":{"line":15,"column":31}},"8":{"start":{"line":22,"column":18},"end":{"line":93,"column":1}},"9":{"start":{"line":26,"column":3},"end":{"line":41,"column":null}},"10":{"start":{"line":27,"column":38},"end":{"line":27,"column":54}},"11":{"start":{"line":28,"column":6},"end":{"line":30,"column":null}},"12":{"start":{"line":29,"column":9},"end":{"line":29,"column":23}},"13":{"start":{"line":32,"column":6},"end":{"line":35,"column":11}},"14":{"start":{"line":33,"column":9},"end":{"line":35,"column":11}},"15":{"start":{"line":37,"column":6},"end":{"line":40,"column":11}},"16":{"start":{"line":38,"column":9},"end":{"line":40,"column":11}},"17":{"start":{"line":43,"column":31},"end":{"line":43,"column":33}},"18":{"start":{"line":44,"column":30},"end":{"line":44,"column":31}},"19":{"start":{"line":45,"column":28},"end":{"line":45,"column":30}},"20":{"start":{"line":47,"column":21},"end":{"line":47,"column":62}},"21":{"start":{"line":48,"column":25},"end":{"line":48,"column":70}},"22":{"start":{"line":49,"column":23},"end":{"line":49,"column":66}},"23":{"start":{"line":52,"column":3},"end":{"line":61,"column":null}},"24":{"start":{"line":53,"column":6},"end":{"line":60,"column":null}},"25":{"start":{"line":55,"column":9},"end":{"line":57,"column":61}},"26":{"start":{"line":56,"column":43},"end":{"line":56,"column":72}},"27":{"start":{"line":57,"column":54},"end":{"line":57,"column":59}},"28":{"start":{"line":59,"column":9},"end":{"line":59,"column":56}},"29":{"start":{"line":63,"column":3},"end":{"line":66,"column":null}},"30":{"start":{"line":64,"column":23},"end":{"line":64,"column":34}},"31":{"start":{"line":65,"column":6},"end":{"line":65,"column":26}},"32":{"start":{"line":68,"column":3},"end":{"line":90,"column":null}},"33":{"start":{"line":69,"column":25},"end":{"line":69,"column":34}},"34":{"start":{"line":70,"column":6},"end":{"line":70,"column":31}},"35":{"start":{"line":72,"column":29},"end":{"line":72,"column":30}},"36":{"start":{"line":73,"column":6},"end":{"line":73,"column":48}},"37":{"start":{"line":73,"column":24},"end":{"line":73,"column":48}},"38":{"start":{"line":75,"column":26},"end":{"line":78,"column":null}},"39":{"start":{"line":80,"column":31},"end":{"line":80,"column":48}},"40":{"start":{"line":82,"column":27},"end":{"line":82,"column":28}},"41":{"start":{"line":83,"column":6},"end":{"line":84,"column":74}},"42":{"start":{"line":84,"column":9},"end":{"line":84,"column":74}},"43":{"start":{"line":86,"column":6},"end":{"line":89,"column":8}},"44":{"start":{"line":92,"column":3},"end":{"line":92,"column":44}},"45":{"start":{"line":100,"column":20},"end":{"line":131,"column":1}},"46":{"start":{"line":101,"column":57},"end":{"line":101,"column":59}},"47":{"start":{"line":103,"column":23},"end":{"line":103,"column":58}},"48":{"start":{"line":104,"column":25},"end":{"line":104,"column":40}},"49":{"start":{"line":106,"column":3},"end":{"line":128,"column":null}},"50":{"start":{"line":107,"column":6},"end":{"line":107,"column":56}},"51":{"start":{"line":108,"column":6},"end":{"line":115,"column":null}},"52":{"start":{"line":109,"column":30},"end":{"line":109,"column":31}},"53":{"start":{"line":113,"column":21},"end":{"line":113,"column":67}},"54":{"start":{"line":114,"column":9},"end":{"line":114,"column":47}},"55":{"start":{"line":116,"column":6},"end":{"line":127,"column":null}},"56":{"start":{"line":116,"column":25},"end":{"line":116,"column":35}},"57":{"start":{"line":117,"column":21},"end":{"line":117,"column":45}},"58":{"start":{"line":118,"column":9},"end":{"line":118,"column":47}},"59":{"start":{"line":119,"column":9},"end":{"line":126,"column":null}},"60":{"start":{"line":120,"column":28},"end":{"line":120,"column":29}},"61":{"start":{"line":124,"column":24},"end":{"line":124,"column":75}},"62":{"start":{"line":125,"column":12},"end":{"line":125,"column":50}},"63":{"start":{"line":130,"column":3},"end":{"line":130,"column":20}},"64":{"start":{"line":138,"column":55},"end":{"line":138,"column":68}},"65":{"start":{"line":140,"column":0},"end":{"line":140,"column":25}}},"fnMap":{"0":{"name":"(anonymous_1)","decl":{"start":{"line":22,"column":18},"end":{"line":22,"column":null}},"loc":{"start":{"line":25,"column":21},"end":{"line":93,"column":1}}},"1":{"name":"(anonymous_2)","decl":{"start":{"line":56,"column":17},"end":{"line":56,"column":18}},"loc":{"start":{"line":56,"column":43},"end":{"line":56,"column":72}}},"2":{"name":"(anonymous_3)","decl":{"start":{"line":57,"column":20},"end":{"line":57,"column":21}},"loc":{"start":{"line":57,"column":54},"end":{"line":57,"column":59}}},"3":{"name":"(anonymous_4)","decl":{"start":{"line":100,"column":20},"end":{"line":100,"column":59}},"loc":{"start":{"line":100,"column":61},"end":{"line":131,"column":1}}}},"branchMap":{"0":{"loc":{"start":{"line":24,"column":3},"end":{"line":24,"column":34}},"type":"default-arg","locations":[{"start":{"line":24,"column":29},"end":{"line":24,"column":34}}]},"1":{"loc":{"start":{"line":28,"column":6},"end":{"line":30,"column":null}},"type":"if","locations":[{"start":{"line":28,"column":6},"end":{"line":30,"column":null}}]},"2":{"loc":{"start":{"line":32,"column":6},"end":{"line":35,"column":11}},"type":"if","locations":[{"start":{"line":32,"column":6},"end":{"line":35,"column":11}}]},"3":{"loc":{"start":{"line":37,"column":6},"end":{"line":40,"column":11}},"type":"if","locations":[{"start":{"line":37,"column":6},"end":{"line":40,"column":11}}]},"4":{"loc":{"start":{"line":52,"column":3},"end":{"line":61,"column":null}},"type":"if","locations":[{"start":{"line":52,"column":3},"end":{"line":61,"column":null}}]},"5":{"loc":{"start":{"line":53,"column":6},"end":{"line":60,"column":null}},"type":"if","locations":[{"start":{"line":53,"column":6},"end":{"line":60,"column":null}},{"start":{"line":58,"column":13},"end":{"line":60,"column":null}}]},"6":{"loc":{"start":{"line":63,"column":3},"end":{"line":66,"column":null}},"type":"if","locations":[{"start":{"line":63,"column":3},"end":{"line":66,"column":null}}]},"7":{"loc":{"start":{"line":68,"column":3},"end":{"line":90,"column":null}},"type":"if","locations":[{"start":{"line":68,"column":3},"end":{"line":90,"column":null}}]},"8":{"loc":{"start":{"line":73,"column":6},"end":{"line":73,"column":48}},"type":"if","locations":[{"start":{"line":73,"column":6},"end":{"line":73,"column":48}}]},"9":{"loc":{"start":{"line":83,"column":6},"end":{"line":84,"column":74}},"type":"if","locations":[{"start":{"line":83,"column":6},"end":{"line":84,"column":74}}]}},"s":{"0":4,"1":4,"2":4,"3":4,"4":4,"5":4,"6":4,"7":4,"8":4,"9":1148,"10":1148,"11":28,"12":23,"13":5,"14":5,"15":1120,"16":0,"17":1125,"18":1125,"19":1125,"20":1125,"21":1125,"22":1125,"23":1125,"24":844,"25":3,"26":6,"27":3,"28":841,"29":1125,"30":1013,"31":1013,"32":1125,"33":1125,"34":1125,"35":1125,"36":1125,"37":844,"38":1125,"39":1125,"40":1125,"41":1125,"42":1013,"43":1125,"44":0,"45":4,"46":4,"47":4,"48":4,"49":4,"50":28,"51":28,"52":28,"53":84,"54":84,"55":28,"56":28,"57":252,"58":252,"59":252,"60":252,"61":756,"62":756,"63":4,"64":4,"65":4},"f":{"0":1148,"1":6,"2":3,"3":4},"b":{"0":[28],"1":[23],"2":[5],"3":[0],"4":[844],"5":[3,841],"6":[1013],"7":[1125],"8":[844],"9":[1013]}}
,"C:\\src\\MusicTheoryJS\\src\\Note\\stringTable.ts": {"path":"C:\\src\\MusicTheoryJS\\src\\Note\\stringTable.ts","statementMap":{"0":{"start":{"line":1,"column":0},"end":{"line":1,"column":99}},"1":{"start":{"line":3,"column":0},"end":{"line":3,"column":33}},"2":{"start":{"line":5,"column":53},"end":{"line":18,"column":2}},"3":{"start":{"line":20,"column":42},"end":{"line":20,"column":107}},"4":{"start":{"line":22,"column":50},"end":{"line":22,"column":115}},"5":{"start":{"line":24,"column":20},"end":{"line":44,"column":1}},"6":{"start":{"line":25,"column":44},"end":{"line":25,"column":46}},"7":{"start":{"line":26,"column":3},"end":{"line":42,"column":null}},"8":{"start":{"line":26,"column":20},"end":{"line":26,"column":29}},"9":{"start":{"line":27,"column":6},"end":{"line":40,"column":null}},"10":{"start":{"line":27,"column":23},"end":{"line":27,"column":32}},"11":{"start":{"line":29,"column":24},"end":{"line":29,"column":26}},"12":{"start":{"line":30,"column":9},"end":{"line":36,"column":null}},"13":{"start":{"line":31,"column":12},"end":{"line":31,"column":27}},"14":{"start":{"line":33,"column":12},"end":{"line":33,"column":86}},"15":{"start":{"line":33,"column":71},"end":{"line":33,"column":86}},"16":{"start":{"line":35,"column":12},"end":{"line":35,"column":86}},"17":{"start":{"line":35,"column":71},"end":{"line":35,"column":86}},"18":{"start":{"line":39,"column":9},"end":{"line":39,"column":68}},"19":{"start":{"line":43,"column":3},"end":{"line":43,"column":16}},"20":{"start":{"line":46,"column":21},"end":{"line":58,"column":1}},"21":{"start":{"line":47,"column":3},"end":{"line":57,"column":null}},"22":{"start":{"line":49,"column":9},"end":{"line":49,"column":41}},"23":{"start":{"line":51,"column":9},"end":{"line":51,"column":49}},"24":{"start":{"line":54,"column":9},"end":{"line":54,"column":52}},"25":{"start":{"line":60,"column":52},"end":{"line":60,"column":65}},"26":{"start":{"line":62,"column":0},"end":{"line":62,"column":32}}},"fnMap":{"0":{"name":"(anonymous_1)","decl":{"start":{"line":24,"column":20},"end":{"line":24,"column":50}},"loc":{"start":{"line":24,"column":52},"end":{"line":44,"column":1}}},"1":{"name":"(anonymous_2)","decl":{"start":{"line":46,"column":21},"end":{"line":46,"column":22}},"loc":{"start":{"line":46,"column":64},"end":{"line":58,"column":1}}}},"branchMap":{"0":{"loc":{"start":{"line":30,"column":9},"end":{"line":36,"column":null}},"type":"if","locations":[{"start":{"line":30,"column":9},"end":{"line":36,"column":null}}]},"1":{"loc":{"start":{"line":33,"column":12},"end":{"line":33,"column":86}},"type":"if","locations":[{"start":{"line":33,"column":12},"end":{"line":33,"column":86}}]},"2":{"loc":{"start":{"line":35,"column":12},"end":{"line":35,"column":86}},"type":"if","locations":[{"start":{"line":35,"column":12},"end":{"line":35,"column":86}}]},"3":{"loc":{"start":{"line":47,"column":3},"end":{"line":57,"column":null}},"type":"switch","locations":[{"start":{"line":48,"column":6},"end":{"line":49,"column":41}},{"start":{"line":50,"column":6},"end":{"line":51,"column":49}},{"start":{"line":52,"column":6},"end":{"line":52,"column":15}},{"start":{"line":53,"column":6},"end":{"line":54,"column":52}}]}},"s":{"0":3,"1":3,"2":3,"3":3,"4":3,"5":3,"6":3,"7":3,"8":3,"9":36,"10":36,"11":432,"12":432,"13":216,"14":216,"15":18,"16":216,"17":18,"18":432,"19":3,"20":3,"21":432,"22":18,"23":18,"24":396,"25":3,"26":3},"f":{"0":3,"1":432},"b":{"0":[216],"1":[18],"2":[18],"3":[18,18,180,396]}}
,"C:\\src\\MusicTheoryJS\\src\\composables\\Identifiable.ts": {"path":"C:\\src\\MusicTheoryJS\\src\\composables\\Identifiable.ts","statementMap":{"0":{"start":{"line":1,"column":0},"end":{"line":1,"column":26}},"1":{"start":{"line":3,"column":31},"end":{"line":15,"column":1}},"2":{"start":{"line":4,"column":3},"end":{"line":14,"column":5}},"3":{"start":{"line":5,"column":6},"end":{"line":13,"column":8}},"4":{"start":{"line":6,"column":9},"end":{"line":6,"column":78}},"5":{"start":{"line":6,"column":49},"end":{"line":6,"column":78}},"6":{"start":{"line":8,"column":9},"end":{"line":10,"column":null}},"7":{"start":{"line":9,"column":12},"end":{"line":9,"column":38}},"8":{"start":{"line":12,"column":9},"end":{"line":12,"column":37}},"9":{"start":{"line":17,"column":0},"end":{"line":17,"column":28}}},"fnMap":{"0":{"name":"(anonymous_0)","decl":{"start":{"line":3,"column":31},"end":{"line":3,"column":34}},"loc":{"start":{"line":3,"column":36},"end":{"line":15,"column":1}}},"1":{"name":"(anonymous_1)","decl":{"start":{"line":4,"column":10},"end":{"line":4,"column":11}},"loc":{"start":{"line":4,"column":26},"end":{"line":14,"column":4}}},"2":{"name":"(anonymous_2)","decl":{"start":{"line":5,"column":28},"end":{"line":5,"column":29}},"loc":{"start":{"line":5,"column":44},"end":{"line":13,"column":7}}}},"branchMap":{"0":{"loc":{"start":{"line":6,"column":9},"end":{"line":6,"column":78}},"type":"if","locations":[{"start":{"line":6,"column":9},"end":{"line":6,"column":78}}]},"1":{"loc":{"start":{"line":8,"column":9},"end":{"line":10,"column":null}},"type":"if","locations":[{"start":{"line":8,"column":9},"end":{"line":10,"column":null}}]}},"s":{"0":1,"1":1,"2":1,"3":1,"4":6,"5":1,"6":6,"7":1,"8":6,"9":1},"f":{"0":1,"1":1,"2":6},"b":{"0":[1],"1":[1]}}
,"C:\\src\\MusicTheoryJS\\src\\scale\\Scale.ts": {"path":"C:\\src\\MusicTheoryJS\\src\\scale\\Scale.ts","statementMap":{"0":{"start":{"line":1,"column":0},"end":{"line":1,"column":35}},"1":{"start":{"line":2,"column":0},"end":{"line":2,"column":33}},"2":{"start":{"line":3,"column":0},"end":{"line":3,"column":35}},"3":{"start":{"line":4,"column":0},"end":{"line":4,"column":null}},"4":{"start":{"line":12,"column":0},"end":{"line":12,"column":58}},"5":{"start":{"line":15,"column":0},"end":{"line":15,"column":32}},"6":{"start":{"line":16,"column":0},"end":{"line":16,"column":46}},"7":{"start":{"line":17,"column":0},"end":{"line":17,"column":26}},"8":{"start":{"line":20,"column":0},"end":{"line":20,"column":39}},"9":{"start":{"line":21,"column":0},"end":{"line":21,"column":35}},"10":{"start":{"line":35,"column":6},"end":{"line":50,"column":null}},"11":{"start":{"line":36,"column":9},"end":{"line":36,"column":48}},"12":{"start":{"line":37,"column":9},"end":{"line":37,"column":37}},"13":{"start":{"line":38,"column":9},"end":{"line":38,"column":38}},"14":{"start":{"line":39,"column":13},"end":{"line":50,"column":null}},"15":{"start":{"line":40,"column":9},"end":{"line":40,"column":37}},"16":{"start":{"line":41,"column":9},"end":{"line":41,"column":67}},"17":{"start":{"line":42,"column":9},"end":{"line":42,"column":51}},"18":{"start":{"line":43,"column":9},"end":{"line":43,"column":55}},"19":{"start":{"line":47,"column":9},"end":{"line":47,"column":67}},"20":{"start":{"line":48,"column":9},"end":{"line":48,"column":51}},"21":{"start":{"line":49,"column":9},"end":{"line":49,"column":55}},"22":{"start":{"line":52,"column":6},"end":{"line":52,"column":27}},"23":{"start":{"line":60,"column":16},"end":{"line":60,"column":21}},"24":{"start":{"line":68,"column":6},"end":{"line":72,"column":8}},"25":{"start":{"line":81,"column":27},"end":{"line":85,"column":8}},"26":{"start":{"line":86,"column":6},"end":{"line":86,"column":74}},"27":{"start":{"line":86,"column":39},"end":{"line":86,"column":74}},"28":{"start":{"line":87,"column":6},"end":{"line":87,"column":19}},"29":{"start":{"line":95,"column":28},"end":{"line":95,"column":29}},"30":{"start":{"line":97,"column":6},"end":{"line":97,"column":23}},"31":{"start":{"line":101,"column":22},"end":{"line":101,"column":55}},"32":{"start":{"line":102,"column":6},"end":{"line":102,"column":51}},"33":{"start":{"line":103,"column":6},"end":{"line":103,"column":32}},"34":{"start":{"line":104,"column":6},"end":{"line":104,"column":27}},"35":{"start":{"line":112,"column":29},"end":{"line":112,"column":43}},"36":{"start":{"line":114,"column":6},"end":{"line":114,"column":26}},"37":{"start":{"line":118,"column":6},"end":{"line":118,"column":58}},"38":{"start":{"line":119,"column":6},"end":{"line":119,"column":27}},"39":{"start":{"line":127,"column":38},"end":{"line":127,"column":40}},"40":{"start":{"line":129,"column":6},"end":{"line":129,"column":28}},"41":{"start":{"line":133,"column":6},"end":{"line":133,"column":29}},"42":{"start":{"line":134,"column":6},"end":{"line":134,"column":32}},"43":{"start":{"line":135,"column":6},"end":{"line":135,"column":27}},"44":{"start":{"line":144,"column":33},"end":{"line":144,"column":35}},"45":{"start":{"line":146,"column":6},"end":{"line":146,"column":25}},"46":{"start":{"line":157,"column":32},"end":{"line":157,"column":77}},"47":{"start":{"line":159,"column":20},"end":{"line":159,"column":22}},"48":{"start":{"line":160,"column":24},"end":{"line":160,"column":32}},"49":{"start":{"line":161,"column":6},"end":{"line":167,"column":null}},"50":{"start":{"line":162,"column":22},"end":{"line":165,"column":11}},"51":{"start":{"line":166,"column":9},"end":{"line":166,"column":26}},"52":{"start":{"line":170,"column":6},"end":{"line":177,"column":null}},"53":{"start":{"line":171,"column":30},"end":{"line":173,"column":null}},"54":{"start":{"line":176,"column":9},"end":{"line":176,"column":32}},"55":{"start":{"line":179,"column":6},"end":{"line":182,"column":null}},"56":{"start":{"line":180,"column":30},"end":{"line":180,"column":68}},"57":{"start":{"line":181,"column":9},"end":{"line":181,"column":29}},"58":{"start":{"line":184,"column":6},"end":{"line":184,"column":26}},"59":{"start":{"line":194,"column":22},"end":{"line":197,"column":null}},"60":{"start":{"line":199,"column":19},"end":{"line":199,"column":44}},"61":{"start":{"line":200,"column":6},"end":{"line":200,"column":51}},"62":{"start":{"line":201,"column":6},"end":{"line":201,"column":18}},"63":{"start":{"line":211,"column":20},"end":{"line":215,"column":8}},"64":{"start":{"line":216,"column":6},"end":{"line":216,"column":19}},"65":{"start":{"line":226,"column":20},"end":{"line":230,"column":8}},"66":{"start":{"line":231,"column":6},"end":{"line":231,"column":19}},"67":{"start":{"line":240,"column":30},"end":{"line":240,"column":31}},"68":{"start":{"line":242,"column":6},"end":{"line":242,"column":54}},"69":{"start":{"line":243,"column":6},"end":{"line":243,"column":39}},"70":{"start":{"line":244,"column":6},"end":{"line":244,"column":27}},"71":{"start":{"line":246,"column":6},"end":{"line":246,"column":18}},"72":{"start":{"line":256,"column":20},"end":{"line":256,"column":31}},"73":{"start":{"line":257,"column":6},"end":{"line":257,"column":27}},"74":{"start":{"line":258,"column":6},"end":{"line":258,"column":19}},"75":{"start":{"line":268,"column":6},"end":{"line":272,"column":null}},"76":{"start":{"line":269,"column":9},"end":{"line":269,"column":48}},"77":{"start":{"line":270,"column":9},"end":{"line":270,"column":35}},"78":{"start":{"line":271,"column":9},"end":{"line":271,"column":30}},"79":{"start":{"line":274,"column":6},"end":{"line":274,"column":18}},"80":{"start":{"line":285,"column":20},"end":{"line":285,"column":31}},"81":{"start":{"line":286,"column":6},"end":{"line":286,"column":22}},"82":{"start":{"line":287,"column":6},"end":{"line":287,"column":19}},"83":{"start":{"line":296,"column":20},"end":{"line":296,"column":31}},"84":{"start":{"line":297,"column":6},"end":{"line":297,"column":45}},"85":{"start":{"line":298,"column":6},"end":{"line":298,"column":19}},"86":{"start":{"line":302,"column":20},"end":{"line":302,"column":31}},"87":{"start":{"line":303,"column":6},"end":{"line":303,"column":45}},"88":{"start":{"line":304,"column":6},"end":{"line":304,"column":19}},"89":{"start":{"line":308,"column":20},"end":{"line":308,"column":31}},"90":{"start":{"line":309,"column":6},"end":{"line":309,"column":47}},"91":{"start":{"line":310,"column":6},"end":{"line":310,"column":19}},"92":{"start":{"line":314,"column":20},"end":{"line":314,"column":31}},"93":{"start":{"line":315,"column":6},"end":{"line":315,"column":45}},"94":{"start":{"line":316,"column":6},"end":{"line":316,"column":19}},"95":{"start":{"line":320,"column":20},"end":{"line":320,"column":31}},"96":{"start":{"line":321,"column":6},"end":{"line":321,"column":49}},"97":{"start":{"line":322,"column":6},"end":{"line":322,"column":19}},"98":{"start":{"line":326,"column":20},"end":{"line":326,"column":31}},"99":{"start":{"line":327,"column":6},"end":{"line":327,"column":46}},"100":{"start":{"line":328,"column":6},"end":{"line":328,"column":19}},"101":{"start":{"line":332,"column":20},"end":{"line":332,"column":31}},"102":{"start":{"line":333,"column":6},"end":{"line":333,"column":46}},"103":{"start":{"line":334,"column":6},"end":{"line":334,"column":19}},"104":{"start":{"line":343,"column":22},"end":{"line":343,"column":37}},"105":{"start":{"line":344,"column":25},"end":{"line":345,"column":null}},"106":{"start":{"line":345,"column":23},"end":{"line":345,"column":49}},"107":{"start":{"line":347,"column":6},"end":{"line":349,"column":null}},"108":{"start":{"line":348,"column":9},"end":{"line":348,"column":61}},"109":{"start":{"line":350,"column":6},"end":{"line":350,"column":66}},"110":{"start":{"line":354,"column":0},"end":{"line":354,"column":21}}},"fnMap":{"0":{"name":"(anonymous_1)","decl":{"start":{"line":34,"column":3},"end":{"line":34,"column":15}},"loc":{"start":{"line":34,"column":49},"end":{"line":53,"column":4}}},"1":{"name":"(anonymous_2)","decl":{"start":{"line":67,"column":10},"end":{"line":67,"column":16}},"loc":{"start":{"line":67,"column":29},"end":{"line":73,"column":4}}},"2":{"name":"(anonymous_3)","decl":{"start":{"line":80,"column":10},"end":{"line":80,"column":14}},"loc":{"start":{"line":80,"column":14},"end":{"line":88,"column":4}}},"3":{"name":"(anonymous_4)","decl":{"start":{"line":96,"column":3},"end":{"line":96,"column":14}},"loc":{"start":{"line":96,"column":17},"end":{"line":98,"column":4}}},"4":{"name":"(anonymous_5)","decl":{"start":{"line":100,"column":3},"end":{"line":100,"column":14}},"loc":{"start":{"line":100,"column":33},"end":{"line":105,"column":4}}},"5":{"name":"(anonymous_6)","decl":{"start":{"line":113,"column":3},"end":{"line":113,"column":14}},"loc":{"start":{"line":113,"column":20},"end":{"line":115,"column":4}}},"6":{"name":"(anonymous_7)","decl":{"start":{"line":117,"column":3},"end":{"line":117,"column":14}},"loc":{"start":{"line":117,"column":34},"end":{"line":120,"column":4}}},"7":{"name":"(anonymous_8)","decl":{"start":{"line":128,"column":3},"end":{"line":128,"column":14}},"loc":{"start":{"line":128,"column":22},"end":{"line":130,"column":4}}},"8":{"name":"(anonymous_9)","decl":{"start":{"line":132,"column":3},"end":{"line":132,"column":14}},"loc":{"start":{"line":132,"column":43},"end":{"line":136,"column":4}}},"9":{"name":"(anonymous_10)","decl":{"start":{"line":145,"column":3},"end":{"line":145,"column":14}},"loc":{"start":{"line":145,"column":19},"end":{"line":147,"column":4}}},"10":{"name":"(anonymous_11)","decl":{"start":{"line":155,"column":13},"end":{"line":155,"column":26}},"loc":{"start":{"line":155,"column":26},"end":{"line":185,"column":4}}},"11":{"name":"(anonymous_12)","decl":{"start":{"line":193,"column":10},"end":{"line":193,"column":16}},"loc":{"start":{"line":193,"column":31},"end":{"line":202,"column":4}}},"12":{"name":"(anonymous_13)","decl":{"start":{"line":210,"column":10},"end":{"line":210,"column":23}},"loc":{"start":{"line":210,"column":23},"end":{"line":217,"column":4}}},"13":{"name":"(anonymous_14)","decl":{"start":{"line":225,"column":10},"end":{"line":225,"column":23}},"loc":{"start":{"line":225,"column":23},"end":{"line":232,"column":4}}},"14":{"name":"(anonymous_15)","decl":{"start":{"line":241,"column":10},"end":{"line":241,"column":15}},"loc":{"start":{"line":241,"column":35},"end":{"line":247,"column":4}}},"15":{"name":"(anonymous_16)","decl":{"start":{"line":255,"column":10},"end":{"line":255,"column":17}},"loc":{"start":{"line":255,"column":37},"end":{"line":259,"column":4}}},"16":{"name":"(anonymous_17)","decl":{"start":{"line":267,"column":10},"end":{"line":267,"column":17}},"loc":{"start":{"line":267,"column":17},"end":{"line":275,"column":4}}},"17":{"name":"(anonymous_18)","decl":{"start":{"line":284,"column":10},"end":{"line":284,"column":19}},"loc":{"start":{"line":284,"column":19},"end":{"line":288,"column":4}}},"18":{"name":"(anonymous_19)","decl":{"start":{"line":295,"column":10},"end":{"line":295,"column":16}},"loc":{"start":{"line":295,"column":16},"end":{"line":299,"column":4}}},"19":{"name":"(anonymous_20)","decl":{"start":{"line":301,"column":10},"end":{"line":301,"column":16}},"loc":{"start":{"line":301,"column":16},"end":{"line":305,"column":4}}},"20":{"name":"(anonymous_21)","decl":{"start":{"line":307,"column":10},"end":{"line":307,"column":18}},"loc":{"start":{"line":307,"column":18},"end":{"line":311,"column":4}}},"21":{"name":"(anonymous_22)","decl":{"start":{"line":313,"column":10},"end":{"line":313,"column":16}},"loc":{"start":{"line":313,"column":16},"end":{"line":317,"column":4}}},"22":{"name":"(anonymous_23)","decl":{"start":{"line":319,"column":10},"end":{"line":319,"column":20}},"loc":{"start":{"line":319,"column":20},"end":{"line":323,"column":4}}},"23":{"name":"(anonymous_24)","decl":{"start":{"line":325,"column":10},"end":{"line":325,"column":17}},"loc":{"start":{"line":325,"column":17},"end":{"line":329,"column":4}}},"24":{"name":"(anonymous_25)","decl":{"start":{"line":331,"column":10},"end":{"line":331,"column":17}},"loc":{"start":{"line":331,"column":17},"end":{"line":335,"column":4}}},"25":{"name":"(anonymous_26)","decl":{"start":{"line":342,"column":10},"end":{"line":342,"column":18}},"loc":{"start":{"line":342,"column":18},"end":{"line":351,"column":4}}},"26":{"name":"(anonymous_27)","decl":{"start":{"line":345,"column":9},"end":{"line":345,"column":10}},"loc":{"start":{"line":345,"column":23},"end":{"line":345,"column":49}}}},"branchMap":{"0":{"loc":{"start":{"line":35,"column":6},"end":{"line":50,"column":null}},"type":"if","locations":[{"start":{"line":35,"column":6},"end":{"line":50,"column":null}},{"start":{"line":39,"column":13},"end":{"line":50,"column":null}}]},"1":{"loc":{"start":{"line":39,"column":13},"end":{"line":50,"column":null}},"type":"if","locations":[{"start":{"line":39,"column":13},"end":{"line":50,"column":null}},{"start":{"line":44,"column":13},"end":{"line":50,"column":null}}]},"2":{"loc":{"start":{"line":41,"column":25},"end":{"line":41,"column":66}},"type":"binary-expr","locations":[{"start":{"line":41,"column":25},"end":{"line":41,"column":40}},{"start":{"line":41,"column":44},"end":{"line":41,"column":66}}]},"3":{"loc":{"start":{"line":42,"column":20},"end":{"line":42,"column":50}},"type":"binary-expr","locations":[{"start":{"line":42,"column":20},"end":{"line":42,"column":30}},{"start":{"line":42,"column":34},"end":{"line":42,"column":50}}]},"4":{"loc":{"start":{"line":43,"column":23},"end":{"line":43,"column":54}},"type":"binary-expr","locations":[{"start":{"line":43,"column":23},"end":{"line":43,"column":36}},{"start":{"line":43,"column":40},"end":{"line":43,"column":54}}]},"5":{"loc":{"start":{"line":47,"column":25},"end":{"line":47,"column":66}},"type":"binary-expr","locations":[{"start":{"line":47,"column":25},"end":{"line":47,"column":40}},{"start":{"line":47,"column":44},"end":{"line":47,"column":66}}]},"6":{"loc":{"start":{"line":48,"column":20},"end":{"line":48,"column":50}},"type":"binary-expr","locations":[{"start":{"line":48,"column":20},"end":{"line":48,"column":30}},{"start":{"line":48,"column":34},"end":{"line":48,"column":50}}]},"7":{"loc":{"start":{"line":49,"column":23},"end":{"line":49,"column":54}},"type":"binary-expr","locations":[{"start":{"line":49,"column":23},"end":{"line":49,"column":36}},{"start":{"line":49,"column":40},"end":{"line":49,"column":54}}]},"8":{"loc":{"start":{"line":69,"column":9},"end":{"line":71,"column":43}},"type":"binary-expr","locations":[{"start":{"line":69,"column":9},"end":{"line":69,"column":33}},{"start":{"line":70,"column":9},"end":{"line":70,"column":39}},{"start":{"line":71,"column":9},"end":{"line":71,"column":43}}]},"9":{"loc":{"start":{"line":86,"column":6},"end":{"line":86,"column":74}},"type":"if","locations":[{"start":{"line":86,"column":6},"end":{"line":86,"column":74}}]},"10":{"loc":{"start":{"line":170,"column":6},"end":{"line":177,"column":null}},"type":"if","locations":[{"start":{"line":170,"column":6},"end":{"line":177,"column":null}}]},"11":{"loc":{"start":{"line":179,"column":6},"end":{"line":182,"column":null}},"type":"if","locations":[{"start":{"line":179,"column":6},"end":{"line":182,"column":null}}]},"12":{"loc":{"start":{"line":241,"column":16},"end":{"line":241,"column":35}},"type":"default-arg","locations":[{"start":{"line":241,"column":34},"end":{"line":241,"column":35}}]},"13":{"loc":{"start":{"line":255,"column":18},"end":{"line":255,"column":37}},"type":"default-arg","locations":[{"start":{"line":255,"column":36},"end":{"line":255,"column":37}}]},"14":{"loc":{"start":{"line":268,"column":6},"end":{"line":272,"column":null}},"type":"if","locations":[{"start":{"line":268,"column":6},"end":{"line":272,"column":null}}]},"15":{"loc":{"start":{"line":347,"column":6},"end":{"line":349,"column":null}},"type":"if","locations":[{"start":{"line":347,"column":6},"end":{"line":349,"column":null}}]}},"s":{"0":1,"1":1,"2":1,"3":1,"4":1,"5":1,"6":1,"7":1,"8":1,"9":1,"10":4,"11":1,"12":1,"13":1,"14":3,"15":2,"16":2,"17":2,"18":2,"19":1,"20":1,"21":1,"22":4,"23":4,"24":0,"25":0,"26":0,"27":0,"28":0,"29":4,"30":23,"31":4,"32":4,"33":4,"34":4,"35":4,"36":152,"37":8,"38":8,"39":4,"40":3,"41":4,"42":4,"43":4,"44":4,"45":0,"46":20,"47":20,"48":20,"49":20,"50":145,"51":145,"52":20,"53":0,"54":0,"55":20,"56":0,"57":0,"58":20,"59":0,"60":0,"61":0,"62":0,"63":0,"64":0,"65":0,"66":0,"67":4,"68":0,"69":0,"70":0,"71":0,"72":0,"73":0,"74":0,"75":0,"76":0,"77":0,"78":0,"79":0,"80":0,"81":0,"82":0,"83":0,"84":0,"85":0,"86":0,"87":0,"88":0,"89":0,"90":0,"91":0,"92":0,"93":0,"94":0,"95":0,"96":0,"97":0,"98":0,"99":0,"100":0,"101":0,"102":0,"103":0,"104":0,"105":0,"106":0,"107":0,"108":0,"109":0,"110":1},"f":{"0":4,"1":0,"2":0,"3":23,"4":4,"5":152,"6":8,"7":3,"8":4,"9":0,"10":20,"11":0,"12":0,"13":0,"14":0,"15":0,"16":0,"17":0,"18":0,"19":0,"20":0,"21":0,"22":0,"23":0,"24":0,"25":0,"26":0},"b":{"0":[1,3],"1":[2,1],"2":[2,0],"3":[2,1],"4":[2,0],"5":[1,0],"6":[1,1],"7":[1,0],"8":[0,0,0],"9":[0],"10":[0],"11":[0],"12":[0],"13":[0],"14":[0],"15":[0]}}
,"C:\\src\\MusicTheoryJS\\src\\scale\\scaleConstants.ts": {"path":"C:\\src\\MusicTheoryJS\\src\\scale\\scaleConstants.ts","statementMap":{"0":{"start":{"line":1,"column":31},"end":{"line":1,"column":52}},"1":{"start":{"line":3,"column":9},"end":{"line":3,"column":31}}},"fnMap":{},"branchMap":{},"s":{"0":1,"1":1},"f":{},"b":{}}
,"C:\\src\\MusicTheoryJS\\src\\scale\\scaleParser.ts": {"path":"C:\\src\\MusicTheoryJS\\src\\scale\\scaleParser.ts","statementMap":{"0":{"start":{"line":2,"column":0},"end":{"line":2,"column":null}},"1":{"start":{"line":8,"column":0},"end":{"line":8,"column":51}},"2":{"start":{"line":9,"column":0},"end":{"line":9,"column":54}},"3":{"start":{"line":10,"column":0},"end":{"line":10,"column":33}},"4":{"start":{"line":11,"column":0},"end":{"line":11,"column":35}},"5":{"start":{"line":12,"column":0},"end":{"line":12,"column":46}},"6":{"start":{"line":19,"column":18},"end":{"line":19,"column":40}},"7":{"start":{"line":20,"column":22},"end":{"line":20,"column":44}},"8":{"start":{"line":21,"column":20},"end":{"line":21,"column":43}},"9":{"start":{"line":22,"column":23},"end":{"line":22,"column":44}},"10":{"start":{"line":29,"column":19},"end":{"line":130,"column":1}},"11":{"start":{"line":33,"column":3},"end":{"line":48,"column":null}},"12":{"start":{"line":34,"column":39},"end":{"line":34,"column":57}},"13":{"start":{"line":35,"column":6},"end":{"line":37,"column":null}},"14":{"start":{"line":36,"column":9},"end":{"line":36,"column":23}},"15":{"start":{"line":39,"column":6},"end":{"line":42,"column":11}},"16":{"start":{"line":40,"column":9},"end":{"line":42,"column":11}},"17":{"start":{"line":44,"column":6},"end":{"line":47,"column":11}},"18":{"start":{"line":45,"column":9},"end":{"line":47,"column":11}},"19":{"start":{"line":50,"column":31},"end":{"line":50,"column":33}},"20":{"start":{"line":51,"column":30},"end":{"line":51,"column":31}},"21":{"start":{"line":52,"column":28},"end":{"line":52,"column":30}},"22":{"start":{"line":53,"column":27},"end":{"line":53,"column":29}},"23":{"start":{"line":55,"column":21},"end":{"line":55,"column":63}},"24":{"start":{"line":56,"column":25},"end":{"line":56,"column":71}},"25":{"start":{"line":57,"column":23},"end":{"line":57,"column":67}},"26":{"start":{"line":58,"column":26},"end":{"line":58,"column":73}},"27":{"start":{"line":61,"column":3},"end":{"line":70,"column":null}},"28":{"start":{"line":62,"column":6},"end":{"line":69,"column":null}},"29":{"start":{"line":64,"column":9},"end":{"line":66,"column":61}},"30":{"start":{"line":65,"column":43},"end":{"line":65,"column":72}},"31":{"start":{"line":66,"column":54},"end":{"line":66,"column":59}},"32":{"start":{"line":68,"column":9},"end":{"line":68,"column":56}},"33":{"start":{"line":72,"column":3},"end":{"line":75,"column":null}},"34":{"start":{"line":73,"column":23},"end":{"line":73,"column":34}},"35":{"start":{"line":74,"column":6},"end":{"line":74,"column":26}},"36":{"start":{"line":77,"column":3},"end":{"line":82,"column":null}},"37":{"start":{"line":78,"column":20},"end":{"line":78,"column":43}},"38":{"start":{"line":81,"column":6},"end":{"line":81,"column":24}},"39":{"start":{"line":84,"column":3},"end":{"line":127,"column":null}},"40":{"start":{"line":85,"column":25},"end":{"line":85,"column":34}},"41":{"start":{"line":86,"column":6},"end":{"line":86,"column":31}},"42":{"start":{"line":88,"column":29},"end":{"line":88,"column":30}},"43":{"start":{"line":89,"column":6},"end":{"line":89,"column":48}},"44":{"start":{"line":89,"column":24},"end":{"line":89,"column":48}},"45":{"start":{"line":91,"column":26},"end":{"line":94,"column":null}},"46":{"start":{"line":97,"column":31},"end":{"line":97,"column":48}},"47":{"start":{"line":99,"column":27},"end":{"line":99,"column":28}},"48":{"start":{"line":100,"column":6},"end":{"line":101,"column":74}},"49":{"start":{"line":101,"column":9},"end":{"line":101,"column":74}},"50":{"start":{"line":103,"column":34},"end":{"line":103,"column":35}},"51":{"start":{"line":105,"column":6},"end":{"line":111,"column":null}},"52":{"start":{"line":106,"column":9},"end":{"line":110,"column":11}},"53":{"start":{"line":107,"column":12},"end":{"line":109,"column":71}},"54":{"start":{"line":114,"column":6},"end":{"line":117,"column":null}},"55":{"start":{"line":115,"column":9},"end":{"line":115,"column":52}},"56":{"start":{"line":116,"column":9},"end":{"line":116,"column":75}},"57":{"start":{"line":120,"column":9},"end":{"line":120,"column":67}},"58":{"start":{"line":122,"column":6},"end":{"line":126,"column":8}},"59":{"start":{"line":129,"column":3},"end":{"line":129,"column":46}},"60":{"start":{"line":137,"column":20},"end":{"line":169,"column":1}},"61":{"start":{"line":138,"column":59},"end":{"line":138,"column":61}},"62":{"start":{"line":140,"column":23},"end":{"line":140,"column":58}},"63":{"start":{"line":141,"column":25},"end":{"line":141,"column":40}},"64":{"start":{"line":142,"column":21},"end":{"line":142,"column":48}},"65":{"start":{"line":144,"column":3},"end":{"line":166,"column":null}},"66":{"start":{"line":145,"column":6},"end":{"line":165,"column":null}},"67":{"start":{"line":147,"column":9},"end":{"line":147,"column":79}},"68":{"start":{"line":149,"column":9},"end":{"line":153,"column":null}},"69":{"start":{"line":150,"column":24},"end":{"line":150,"column":57}},"70":{"start":{"line":152,"column":12},"end":{"line":152,"column":52}},"71":{"start":{"line":154,"column":9},"end":{"line":164,"column":null}},"72":{"start":{"line":154,"column":28},"end":{"line":154,"column":38}},"73":{"start":{"line":155,"column":24},"end":{"line":155,"column":61}},"74":{"start":{"line":157,"column":12},"end":{"line":157,"column":52}},"75":{"start":{"line":159,"column":12},"end":{"line":163,"column":null}},"76":{"start":{"line":160,"column":27},"end":{"line":160,"column":70}},"77":{"start":{"line":162,"column":15},"end":{"line":162,"column":55}},"78":{"start":{"line":168,"column":3},"end":{"line":168,"column":21}},"79":{"start":{"line":176,"column":57},"end":{"line":176,"column":70}},"80":{"start":{"line":179,"column":0},"end":{"line":179,"column":26}}},"fnMap":{"0":{"name":"(anonymous_1)","decl":{"start":{"line":29,"column":19},"end":{"line":29,"column":null}},"loc":{"start":{"line":32,"column":22},"end":{"line":130,"column":1}}},"1":{"name":"(anonymous_2)","decl":{"start":{"line":65,"column":17},"end":{"line":65,"column":18}},"loc":{"start":{"line":65,"column":43},"end":{"line":65,"column":72}}},"2":{"name":"(anonymous_3)","decl":{"start":{"line":66,"column":20},"end":{"line":66,"column":21}},"loc":{"start":{"line":66,"column":54},"end":{"line":66,"column":59}}},"3":{"name":"(anonymous_4)","decl":{"start":{"line":106,"column":63},"end":{"line":106,"column":64}},"loc":{"start":{"line":107,"column":12},"end":{"line":109,"column":71}}},"4":{"name":"(anonymous_5)","decl":{"start":{"line":137,"column":20},"end":{"line":137,"column":60}},"loc":{"start":{"line":137,"column":62},"end":{"line":169,"column":1}}}},"branchMap":{"0":{"loc":{"start":{"line":31,"column":3},"end":{"line":31,"column":34}},"type":"default-arg","locations":[{"start":{"line":31,"column":29},"end":{"line":31,"column":34}}]},"1":{"loc":{"start":{"line":35,"column":6},"end":{"line":37,"column":null}},"type":"if","locations":[{"start":{"line":35,"column":6},"end":{"line":37,"column":null}}]},"2":{"loc":{"start":{"line":39,"column":6},"end":{"line":42,"column":11}},"type":"if","locations":[{"start":{"line":39,"column":6},"end":{"line":42,"column":11}}]},"3":{"loc":{"start":{"line":44,"column":6},"end":{"line":47,"column":11}},"type":"if","locations":[{"start":{"line":44,"column":6},"end":{"line":47,"column":11}}]},"4":{"loc":{"start":{"line":61,"column":3},"end":{"line":70,"column":null}},"type":"if","locations":[{"start":{"line":61,"column":3},"end":{"line":70,"column":null}}]},"5":{"loc":{"start":{"line":62,"column":6},"end":{"line":69,"column":null}},"type":"if","locations":[{"start":{"line":62,"column":6},"end":{"line":69,"column":null}},{"start":{"line":67,"column":13},"end":{"line":69,"column":null}}]},"6":{"loc":{"start":{"line":72,"column":3},"end":{"line":75,"column":null}},"type":"if","locations":[{"start":{"line":72,"column":3},"end":{"line":75,"column":null}}]},"7":{"loc":{"start":{"line":77,"column":3},"end":{"line":82,"column":null}},"type":"if","locations":[{"start":{"line":77,"column":3},"end":{"line":82,"column":null}}]},"8":{"loc":{"start":{"line":84,"column":3},"end":{"line":127,"column":null}},"type":"if","locations":[{"start":{"line":84,"column":3},"end":{"line":127,"column":null}}]},"9":{"loc":{"start":{"line":89,"column":6},"end":{"line":89,"column":48}},"type":"if","locations":[{"start":{"line":89,"column":6},"end":{"line":89,"column":48}}]},"10":{"loc":{"start":{"line":100,"column":6},"end":{"line":101,"column":74}},"type":"if","locations":[{"start":{"line":100,"column":6},"end":{"line":101,"column":74}}]},"11":{"loc":{"start":{"line":105,"column":6},"end":{"line":111,"column":null}},"type":"if","locations":[{"start":{"line":105,"column":6},"end":{"line":111,"column":null}}]},"12":{"loc":{"start":{"line":114,"column":6},"end":{"line":117,"column":null}},"type":"if","locations":[{"start":{"line":114,"column":6},"end":{"line":117,"column":null}}]}},"s":{"0":2,"1":2,"2":2,"3":2,"4":2,"5":2,"6":2,"7":2,"8":2,"9":2,"10":2,"11":40888,"12":40888,"13":8,"14":4,"15":4,"16":4,"17":40880,"18":0,"19":40884,"20":40884,"21":40884,"22":40884,"23":40884,"24":40884,"25":40884,"26":40884,"27":40884,"28":30661,"29":0,"30":0,"31":0,"32":30661,"33":40884,"34":36796,"35":36796,"36":40884,"37":34946,"38":34946,"39":40884,"40":40883,"41":40883,"42":40883,"43":40883,"44":30661,"45":40883,"46":40883,"47":40883,"48":40883,"49":36795,"50":40883,"51":40883,"52":34946,"53":1376056,"54":40883,"55":1,"56":1,"57":40882,"58":40882,"59":1,"60":2,"61":2,"62":2,"63":2,"64":2,"65":2,"66":146,"67":1022,"68":1022,"69":3066,"70":3066,"71":1022,"72":1022,"73":9198,"74":9198,"75":9198,"76":27594,"77":27594,"78":2,"79":2,"80":2},"f":{"0":40888,"1":0,"2":0,"3":1376056,"4":2},"b":{"0":[8],"1":[4],"2":[4],"3":[0],"4":[30661],"5":[0,30661],"6":[36796],"7":[34946],"8":[40883],"9":[30661],"10":[36795],"11":[34946],"12":[1]}}
,"C:\\src\\MusicTheoryJS\\src\\scale\\scaleTemplates.ts": {"path":"C:\\src\\MusicTheoryJS\\src\\scale\\scaleTemplates.ts","statementMap":{"0":{"start":{"line":1,"column":52},"end":{"line":108,"column":2}},"1":{"start":{"line":111,"column":0},"end":{"line":111,"column":56}},"2":{"start":{"line":112,"column":0},"end":{"line":112,"column":52}},"3":{"start":{"line":113,"column":0},"end":{"line":113,"column":57}},"4":{"start":{"line":114,"column":0},"end":{"line":114,"column":56}},"5":{"start":{"line":115,"column":0},"end":{"line":115,"column":46}},"6":{"start":{"line":116,"column":0},"end":{"line":116,"column":45}},"7":{"start":{"line":118,"column":0},"end":{"line":118,"column":30}}},"fnMap":{},"branchMap":{},"s":{"0":2,"1":2,"2":2,"3":2,"4":2,"5":2,"6":2,"7":2},"f":{},"b":{}}
,"C:\\src\\MusicTheoryJS\\src\\utils\\clamp.ts": {"path":"C:\\src\\MusicTheoryJS\\src\\utils\\clamp.ts","statementMap":{"0":{"start":{"line":1,"column":14},"end":{"line":2,"column":78}},"1":{"start":{"line":2,"column":2},"end":{"line":2,"column":78}},"2":{"start":{"line":4,"column":0},"end":{"line":4,"column":21}}},"fnMap":{"0":{"name":"(anonymous_0)","decl":{"start":{"line":1,"column":14},"end":{"line":1,"column":15}},"loc":{"start":{"line":2,"column":2},"end":{"line":2,"column":78}}}},"branchMap":{},"s":{"0":6,"1":38010,"2":6},"f":{"0":38010},"b":{}}
,"C:\\src\\MusicTheoryJS\\src\\utils\\shift.ts": {"path":"C:\\src\\MusicTheoryJS\\src\\utils\\shift.ts","statementMap":{"0":{"start":{"line":6,"column":14},"end":{"line":21,"column":1}},"1":{"start":{"line":7,"column":3},"end":{"line":8,"column":70}},"2":{"start":{"line":8,"column":6},"end":{"line":8,"column":70}},"3":{"start":{"line":9,"column":3},"end":{"line":13,"column":null}},"4":{"start":{"line":10,"column":24},"end":{"line":10,"column":63}},"5":{"start":{"line":12,"column":6},"end":{"line":12,"column":27}},"6":{"start":{"line":15,"column":3},"end":{"line":18,"column":null}},"7":{"start":{"line":16,"column":24},"end":{"line":16,"column":43}},"8":{"start":{"line":17,"column":6},"end":{"line":17,"column":24}},"9":{"start":{"line":20,"column":3},"end":{"line":20,"column":14}},"10":{"start":{"line":23,"column":0},"end":{"line":23,"column":21}}},"fnMap":{"0":{"name":"(anonymous_0)","decl":{"start":{"line":6,"column":14},"end":{"line":6,"column":18}},"loc":{"start":{"line":6,"column":53},"end":{"line":21,"column":1}}}},"branchMap":{"0":{"loc":{"start":{"line":6,"column":28},"end":{"line":6,"column":44}},"type":"default-arg","locations":[{"start":{"line":6,"column":43},"end":{"line":6,"column":44}}]},"1":{"loc":{"start":{"line":7,"column":3},"end":{"line":8,"column":70}},"type":"if","locations":[{"start":{"line":7,"column":3},"end":{"line":8,"column":70}}]},"2":{"loc":{"start":{"line":7,"column":7},"end":{"line":7,"column":49}},"type":"binary-expr","locations":[{"start":{"line":7,"column":7},"end":{"line":7,"column":24}},{"start":{"line":7,"column":28},"end":{"line":7,"column":49}}]},"3":{"loc":{"start":{"line":9,"column":3},"end":{"line":13,"column":null}},"type":"if","locations":[{"start":{"line":9,"column":3},"end":{"line":13,"column":null}}]},"4":{"loc":{"start":{"line":15,"column":3},"end":{"line":18,"column":null}},"type":"if","locations":[{"start":{"line":15,"column":3},"end":{"line":18,"column":null}}]}},"s":{"0":2,"1":24,"2":2,"3":22,"4":2,"5":2,"6":22,"7":0,"8":0,"9":22,"10":2},"f":{"0":24},"b":{"0":[1],"1":[2],"2":[24,23],"3":[2],"4":[0]}}
,"C:\\src\\MusicTheoryJS\\src\\utils\\wrap.ts": {"path":"C:\\src\\MusicTheoryJS\\src\\utils\\wrap.ts","statementMap":{"0":{"start":{"line":12,"column":13},"end":{"line":62,"column":1}},"1":{"start":{"line":14,"column":21},"end":{"line":14,"column":26}},"2":{"start":{"line":15,"column":24},"end":{"line":15,"column":29}},"3":{"start":{"line":16,"column":24},"end":{"line":16,"column":29}},"4":{"start":{"line":19,"column":3},"end":{"line":22,"column":null}},"5":{"start":{"line":20,"column":6},"end":{"line":20,"column":21}},"6":{"start":{"line":21,"column":6},"end":{"line":21,"column":21}},"7":{"start":{"line":25,"column":30},"end":{"line":25,"column":40}},"8":{"start":{"line":28,"column":3},"end":{"line":28,"column":24}},"9":{"start":{"line":29,"column":3},"end":{"line":29,"column":24}},"10":{"start":{"line":30,"column":3},"end":{"line":30,"column":21}},"11":{"start":{"line":33,"column":23},"end":{"line":33,"column":47}},"12":{"start":{"line":35,"column":3},"end":{"line":35,"column":47}},"13":{"start":{"line":35,"column":36},"end":{"line":35,"column":47}},"14":{"start":{"line":37,"column":3},"end":{"line":37,"column":48}},"15":{"start":{"line":37,"column":38},"end":{"line":37,"column":48}},"16":{"start":{"line":40,"column":19},"end":{"line":40,"column":20}},"17":{"start":{"line":41,"column":20},"end":{"line":41,"column":21}},"18":{"start":{"line":42,"column":3},"end":{"line":42,"column":49}},"19":{"start":{"line":42,"column":34},"end":{"line":42,"column":49}},"20":{"start":{"line":45,"column":3},"end":{"line":53,"column":null}},"21":{"start":{"line":46,"column":6},"end":{"line":46,"column":46}},"22":{"start":{"line":47,"column":6},"end":{"line":47,"column":31}},"23":{"start":{"line":50,"column":10},"end":{"line":53,"column":null}},"24":{"start":{"line":51,"column":6},"end":{"line":51,"column":46}},"25":{"start":{"line":52,"column":6},"end":{"line":52,"column":31}},"26":{"start":{"line":56,"column":3},"end":{"line":56,"column":21}},"27":{"start":{"line":58,"column":3},"end":{"line":61,"column":5}},"28":{"start":{"line":64,"column":0},"end":{"line":64,"column":20}}},"fnMap":{"0":{"name":"(anonymous_0)","decl":{"start":{"line":12,"column":13},"end":{"line":12,"column":14}},"loc":{"start":{"line":12,"column":76},"end":{"line":62,"column":1}}}},"branchMap":{"0":{"loc":{"start":{"line":19,"column":3},"end":{"line":22,"column":null}},"type":"if","locations":[{"start":{"line":19,"column":3},"end":{"line":22,"column":null}}]},"1":{"loc":{"start":{"line":35,"column":3},"end":{"line":35,"column":47}},"type":"if","locations":[{"start":{"line":35,"column":3},"end":{"line":35,"column":47}}]},"2":{"loc":{"start":{"line":35,"column":7},"end":{"line":35,"column":34}},"type":"binary-expr","locations":[{"start":{"line":35,"column":7},"end":{"line":35,"column":18}},{"start":{"line":35,"column":22},"end":{"line":35,"column":34}}]},"3":{"loc":{"start":{"line":37,"column":3},"end":{"line":37,"column":48}},"type":"if","locations":[{"start":{"line":37,"column":3},"end":{"line":37,"column":48}}]},"4":{"loc":{"start":{"line":37,"column":7},"end":{"line":37,"column":36}},"type":"binary-expr","locations":[{"start":{"line":37,"column":7},"end":{"line":37,"column":18}},{"start":{"line":37,"column":22},"end":{"line":37,"column":36}}]},"5":{"loc":{"start":{"line":42,"column":3},"end":{"line":42,"column":49}},"type":"if","locations":[{"start":{"line":42,"column":3},"end":{"line":42,"column":49}}]},"6":{"loc":{"start":{"line":42,"column":7},"end":{"line":42,"column":32}},"type":"binary-expr","locations":[{"start":{"line":42,"column":7},"end":{"line":42,"column":18}},{"start":{"line":42,"column":22},"end":{"line":42,"column":32}}]},"7":{"loc":{"start":{"line":45,"column":3},"end":{"line":53,"column":null}},"type":"if","locations":[{"start":{"line":45,"column":3},"end":{"line":53,"column":null}},{"start":{"line":50,"column":10},"end":{"line":53,"column":null}}]},"8":{"loc":{"start":{"line":50,"column":10},"end":{"line":53,"column":null}},"type":"if","locations":[{"start":{"line":50,"column":10},"end":{"line":53,"column":null}}]}},"s":{"0":6,"1":42659,"2":42659,"3":42659,"4":42659,"5":1,"6":1,"7":42659,"8":42659,"9":42659,"10":42659,"11":42659,"12":42659,"13":1502,"14":42659,"15":1555,"16":42659,"17":42659,"18":42659,"19":42656,"20":42659,"21":1503,"22":1503,"23":41156,"24":3025,"25":3025,"26":42659,"27":42659,"28":6},"f":{"0":42659},"b":{"0":[1],"1":[1502],"2":[42659,38078],"3":[1555],"4":[42659,4578],"5":[42656],"6":[42659,42658],"7":[1503,41156],"8":[3025]}}
}
