TN:
SF:src\Modifier.ts
FN:5,(anonymous_0)
FN:15,(anonymous_1)
FNF:2
FNH:2
FNDA:7,(anonymous_0)
FNDA:18,(anonymous_1)
DA:5,7
DA:6,7
DA:7,7
DA:8,7
DA:15,7
DA:16,18
DA:19,7
DA:24,7
DA:27,4
DA:31,7
DA:32,7
LF:11
LH:11
BRDA:5,0,0,7
BRDA:5,0,1,7
BRDA:16,1,0,6
BRDA:16,1,1,7
BRDA:16,1,2,4
BRDA:16,1,3,6
BRDA:16,1,4,7
BRDA:16,1,5,4
BRF:8
BRH:8
end_of_record
TN:
SF:src\Semitone.ts
FN:6,(anonymous_0)
FN:53,(anonymous_1)
FN:67,(anonymous_2)
FN:72,(anonymous_3)
FNF:4
FNH:2
FNDA:7,(anonymous_0)
FNDA:23,(anonymous_1)
FNDA:0,(anonymous_2)
FNDA:0,(anonymous_3)
DA:6,7
DA:7,7
DA:8,7
DA:9,7
DA:10,7
DA:11,7
DA:12,7
DA:13,7
DA:14,7
DA:15,7
DA:16,7
DA:17,7
DA:18,7
DA:19,7
DA:20,7
DA:21,7
DA:22,7
DA:23,7
DA:24,7
DA:25,7
DA:26,7
DA:27,7
DA:33,7
DA:53,7
DA:54,23
DA:55,2
DA:56,21
DA:58,21
DA:67,7
DA:71,0
DA:72,0
DA:73,0
DA:74,0
DA:75,0
DA:76,0
DA:77,0
DA:78,0
DA:81,0
DA:84,7
DA:85,7
LF:40
LH:31
BRDA:6,0,0,7
BRDA:6,0,1,7
BRDA:54,1,0,2
BRDA:54,2,0,23
BRDA:54,2,1,22
BRDA:54,2,2,22
BRDA:75,3,0,0
BRDA:76,4,0,0
BRDA:78,5,0,0
BRF:9
BRH:6
end_of_record
TN:
SF:src\Chord\Chord.ts
FN:112,(anonymous_1)
FN:154,(anonymous_2)
FN:168,(anonymous_3)
FN:187,(anonymous_4)
FN:199,(anonymous_5)
FN:217,(anonymous_6)
FN:228,(anonymous_7)
FN:245,(anonymous_8)
FN:312,(anonymous_9)
FN:331,(anonymous_10)
FN:343,(anonymous_11)
FN:372,(anonymous_12)
FN:389,(anonymous_13)
FN:407,(anonymous_14)
FN:426,(anonymous_15)
FN:463,(anonymous_16)
FN:475,(anonymous_17)
FN:501,(anonymous_18)
FN:537,(anonymous_19)
FN:551,(anonymous_20)
FN:573,(anonymous_21)
FN:609,(anonymous_22)
FN:623,(anonymous_23)
FN:645,(anonymous_24)
FN:681,(anonymous_25)
FN:695,(anonymous_26)
FN:717,(anonymous_27)
FN:755,(anonymous_28)
FN:768,(anonymous_29)
FN:800,(anonymous_30)
FN:831,(anonymous_31)
FNF:31
FNH:30
FNDA:41,(anonymous_1)
FNDA:18,(anonymous_2)
FNDA:42,(anonymous_3)
FNDA:6,(anonymous_4)
FNDA:1,(anonymous_5)
FNDA:18,(anonymous_6)
FNDA:42,(anonymous_7)
FNDA:19,(anonymous_8)
FNDA:1,(anonymous_9)
FNDA:3,(anonymous_10)
FNDA:3,(anonymous_11)
FNDA:1,(anonymous_12)
FNDA:6,(anonymous_13)
FNDA:2,(anonymous_14)
FNDA:2,(anonymous_15)
FNDA:1,(anonymous_16)
FNDA:2,(anonymous_17)
FNDA:9,(anonymous_18)
FNDA:1,(anonymous_19)
FNDA:2,(anonymous_20)
FNDA:3,(anonymous_21)
FNDA:1,(anonymous_22)
FNDA:2,(anonymous_23)
FNDA:7,(anonymous_24)
FNDA:1,(anonymous_25)
FNDA:2,(anonymous_26)
FNDA:3,(anonymous_27)
FNDA:1,(anonymous_28)
FNDA:2,(anonymous_29)
FNDA:2,(anonymous_30)
FNDA:0,(anonymous_31)
DA:2,1
DA:4,1
DA:5,1
DA:6,1
DA:7,1
DA:10,1
DA:13,1
DA:14,1
DA:15,1
DA:16,1
DA:113,41
DA:114,4
DA:115,4
DA:116,4
DA:117,37
DA:118,3
DA:119,3
DA:120,3
DA:121,3
DA:123,34
DA:124,34
DA:125,34
DA:128,41
DA:130,41
DA:141,41
DA:146,41
DA:155,18
DA:170,42
DA:171,42
DA:172,42
DA:173,42
DA:179,41
DA:188,6
DA:200,1
DA:201,1
DA:202,1
DA:208,41
DA:218,18
DA:229,42
DA:230,42
DA:231,42
DA:237,41
DA:246,19
DA:313,1
DA:314,1
DA:321,41
DA:322,41
DA:332,3
DA:333,3
DA:334,3
DA:336,3
DA:344,3
DA:345,3
DA:346,9
DA:347,9
DA:348,9
DA:349,1
DA:350,1
DA:352,8
DA:354,9
DA:355,9
DA:356,9
DA:357,9
DA:358,9
DA:361,3
DA:373,1
DA:374,1
DA:375,3
DA:377,1
DA:390,6
DA:408,2
DA:427,2
DA:428,2
DA:429,4
DA:430,0
DA:431,0
DA:433,4
DA:434,4
DA:435,2
DA:436,2
DA:437,2
DA:442,2
DA:443,0
DA:445,2
DA:448,2
DA:450,2
DA:464,1
DA:476,2
DA:477,5
DA:478,1
DA:479,0
DA:482,4
DA:483,1
DA:488,1
DA:502,9
DA:503,9
DA:504,18
DA:505,9
DA:506,9
DA:508,9
DA:509,9
DA:510,0
DA:511,0
DA:512,0
DA:517,9
DA:518,0
DA:520,9
DA:523,9
DA:525,9
DA:538,1
DA:552,2
DA:553,5
DA:554,1
DA:555,1
DA:560,1
DA:574,3
DA:575,3
DA:576,9
DA:577,3
DA:578,3
DA:580,6
DA:581,6
DA:582,0
DA:583,0
DA:584,0
DA:589,3
DA:590,0
DA:592,3
DA:595,3
DA:597,3
DA:610,1
DA:624,2
DA:625,6
DA:626,1
DA:627,1
DA:632,1
DA:646,7
DA:647,7
DA:648,21
DA:649,7
DA:650,7
DA:652,14
DA:653,14
DA:654,3
DA:655,0
DA:656,0
DA:661,7
DA:662,0
DA:664,7
DA:667,7
DA:669,7
DA:682,1
DA:696,2
DA:697,6
DA:698,1
DA:699,1
DA:704,1
DA:718,3
DA:719,3
DA:721,3
DA:722,3
DA:723,9
DA:724,0
DA:725,0
DA:727,9
DA:728,9
DA:729,6
DA:730,0
DA:731,0
DA:736,3
DA:737,3
DA:739,0
DA:742,3
DA:744,3
DA:756,1
DA:769,2
DA:770,2
DA:771,2
DA:772,2
DA:773,7
DA:774,3
DA:775,1
DA:776,2
DA:777,1
DA:778,1
DA:779,1
DA:784,2
DA:801,2
DA:802,2
DA:803,0
DA:805,2
DA:808,2
DA:813,2
DA:814,2
DA:816,2
DA:832,0
DA:836,1
LF:197
LH:175
BRDA:113,0,0,4
BRDA:113,0,1,37
BRDA:117,1,0,3
BRDA:117,1,1,34
BRDA:119,2,0,3
BRDA:119,2,1,0
BRDA:120,3,0,3
BRDA:120,3,1,0
BRDA:121,4,0,3
BRDA:121,4,1,0
BRDA:123,5,0,34
BRDA:123,5,1,8
BRDA:124,6,0,34
BRDA:124,6,1,0
BRDA:125,7,0,34
BRDA:125,7,1,0
BRDA:332,8,0,3
BRDA:348,9,0,1
BRDA:348,9,1,8
BRDA:409,10,0,2
BRDA:409,10,1,2
BRDA:409,10,2,2
BRDA:429,11,0,0
BRDA:434,12,0,2
BRDA:435,13,0,2
BRDA:435,14,0,2
BRDA:435,14,1,0
BRDA:442,15,0,0
BRDA:442,15,1,2
BRDA:477,16,0,1
BRDA:477,16,1,4
BRDA:478,17,0,0
BRDA:478,18,0,1
BRDA:478,18,1,1
BRDA:478,19,0,1
BRDA:478,19,1,0
BRDA:478,20,0,1
BRDA:478,20,1,0
BRDA:482,21,0,1
BRDA:504,22,0,9
BRDA:509,23,0,0
BRDA:510,24,0,0
BRDA:510,25,0,0
BRDA:510,25,1,0
BRDA:517,26,0,0
BRDA:517,26,1,9
BRDA:553,27,0,1
BRDA:554,28,0,1
BRDA:554,29,0,1
BRDA:554,29,1,1
BRDA:554,30,0,1
BRDA:554,30,1,0
BRDA:554,31,0,1
BRDA:554,31,1,0
BRDA:576,32,0,3
BRDA:581,33,0,0
BRDA:582,34,0,0
BRDA:582,35,0,0
BRDA:582,35,1,0
BRDA:589,36,0,0
BRDA:589,36,1,3
BRDA:625,37,0,1
BRDA:626,38,0,1
BRDA:626,39,0,1
BRDA:626,39,1,1
BRDA:626,40,0,1
BRDA:626,40,1,0
BRDA:626,41,0,1
BRDA:626,41,1,0
BRDA:648,42,0,7
BRDA:653,43,0,3
BRDA:654,44,0,0
BRDA:654,45,0,3
BRDA:654,45,1,0
BRDA:661,46,0,0
BRDA:661,46,1,7
BRDA:697,47,0,1
BRDA:698,48,0,1
BRDA:698,49,0,1
BRDA:698,49,1,1
BRDA:698,50,0,1
BRDA:698,50,1,0
BRDA:698,51,0,1
BRDA:698,51,1,0
BRDA:723,52,0,0
BRDA:728,53,0,6
BRDA:729,54,0,0
BRDA:729,55,0,6
BRDA:729,55,1,0
BRDA:736,56,0,3
BRDA:736,56,1,0
BRDA:773,57,0,3
BRDA:774,58,0,1
BRDA:774,58,1,2
BRDA:774,59,0,3
BRDA:774,59,1,1
BRDA:774,60,0,3
BRDA:774,60,1,0
BRDA:774,61,0,1
BRDA:774,61,1,0
BRDA:776,62,0,1
BRDA:776,62,1,1
BRDA:776,63,0,2
BRDA:776,63,1,1
BRDA:776,64,0,2
BRDA:776,64,1,0
BRDA:776,65,0,1
BRDA:776,65,1,0
BRDA:778,66,0,1
BRDA:778,67,0,1
BRDA:778,67,1,1
BRDA:778,68,0,1
BRDA:778,68,1,0
BRDA:778,69,0,1
BRDA:778,69,1,0
BRDA:784,70,0,2
BRDA:784,70,1,1
BRDA:784,70,2,1
BRDA:802,71,0,0
BRDA:802,71,1,2
BRF:120
BRH:79
end_of_record
TN:
SF:src\Chord\ChordConstants.ts
FNF:0
FNH:0
DA:1,1
DA:3,1
DA:4,1
DA:6,1
LF:4
LH:4
BRF:0
BRH:0
end_of_record
TN:
SF:src\Chord\chordNameParser.ts
FN:28,(anonymous_7)
FN:55,(anonymous_8)
FN:56,(anonymous_9)
FN:129,(anonymous_10)
FN:219,(anonymous_11)
FN:239,(anonymous_12)
FN:240,(anonymous_13)
FN:253,(anonymous_14)
FNF:8
FNH:4
FNDA:3,(anonymous_7)
FNDA:0,(anonymous_8)
FNDA:0,(anonymous_9)
FNDA:0,(anonymous_10)
FNDA:3,(anonymous_11)
FNDA:1,(anonymous_12)
FNDA:1,(anonymous_13)
FNDA:0,(anonymous_14)
DA:1,1
DA:7,1
DA:8,1
DA:9,1
DA:10,1
DA:13,1
DA:15,1
DA:22,1
DA:23,1
DA:24,1
DA:25,1
DA:26,1
DA:28,1
DA:29,3
DA:30,3
DA:31,3
DA:32,2
DA:38,1
DA:39,1
DA:40,1
DA:41,1
DA:42,1
DA:44,1
DA:45,1
DA:46,1
DA:47,1
DA:48,1
DA:51,1
DA:52,0
DA:54,0
DA:55,0
DA:56,0
DA:58,0
DA:62,1
DA:63,1
DA:64,1
DA:67,1
DA:69,1
DA:72,1
DA:73,0
DA:76,1
DA:78,1
DA:79,1
DA:80,1
DA:82,1
DA:83,1
DA:85,1
DA:91,1
DA:93,1
DA:94,1
DA:95,1
DA:97,1
DA:99,1
DA:100,0
DA:101,0
DA:102,0
DA:103,0
DA:104,0
DA:105,0
DA:106,0
DA:109,0
DA:111,0
DA:112,0
DA:113,0
DA:115,0
DA:119,1
DA:126,0
DA:129,1
DA:130,0
DA:132,0
DA:133,0
DA:134,0
DA:135,0
DA:197,0
DA:198,0
DA:199,0
DA:200,0
DA:201,0
DA:202,0
DA:203,0
DA:204,0
DA:205,0
DA:206,0
DA:207,0
DA:214,0
DA:217,1
DA:219,1
DA:220,3
DA:221,0
DA:224,3
DA:231,1
DA:232,1
DA:234,0
DA:239,1
DA:241,1
DA:242,0
DA:243,0
DA:244,0
DA:249,0
DA:254,0
DA:257,1
LF:101
LH:58
BRDA:31,0,0,2
BRDA:51,1,0,0
BRDA:52,2,0,0
BRDA:52,2,1,0
BRDA:62,3,0,1
BRDA:67,4,0,1
BRDA:72,5,0,0
BRDA:78,6,0,1
BRDA:83,7,0,0
BRDA:94,8,0,1
BRDA:101,9,0,0
BRDA:101,9,1,0
BRDA:101,10,0,0
BRDA:101,10,1,0
BRDA:104,11,0,0
BRDA:111,12,0,0
BRDA:111,12,1,0
BRDA:220,13,0,0
BRDA:231,14,0,1
BRDA:231,14,1,0
BRDA:231,15,0,1
BRDA:231,15,1,1
BRDA:241,16,0,0
BRDA:241,17,0,1
BRDA:241,17,1,1
BRDA:243,18,0,0
BRF:26
BRH:10
end_of_record
TN:
SF:src\Chord\chordTemplates.ts
FN:63,(anonymous_0)
FNF:1
FNH:1
FNDA:41,(anonymous_0)
DA:7,1
DA:8,1
DA:9,1
DA:15,1
DA:63,1
DA:64,41
DA:67,1
LF:7
LH:7
BRF:0
BRH:0
end_of_record
TN:
SF:src\Instrument\Instrument.ts
FN:23,(anonymous_1)
FN:34,(anonymous_2)
FN:38,(anonymous_3)
FN:47,(anonymous_4)
FN:56,(anonymous_5)
FN:65,(anonymous_6)
FNF:6
FNH:3
FNDA:4,(anonymous_1)
FNDA:0,(anonymous_2)
FNDA:0,(anonymous_3)
FNDA:1,(anonymous_4)
FNDA:1,(anonymous_5)
FNDA:0,(anonymous_6)
DA:1,1
DA:4,1
DA:24,4
DA:32,4
DA:35,0
DA:39,0
DA:48,1
DA:57,1
DA:66,0
DA:70,1
LF:10
LH:7
BRDA:23,0,0,3
BRF:1
BRH:1
end_of_record
TN:
SF:src\Instrument\Tuning.ts
FN:19,(anonymous_0)
FN:31,(anonymous_1)
FN:35,(anonymous_2)
FN:46,(anonymous_3)
FN:55,(anonymous_4)
FN:68,(anonymous_5)
FN:80,(anonymous_6)
FN:90,(anonymous_7)
FN:101,(anonymous_8)
FNF:9
FNH:6
FNDA:8,(anonymous_0)
FNDA:0,(anonymous_1)
FNDA:0,(anonymous_2)
FNDA:2,(anonymous_3)
FNDA:2,(anonymous_4)
FNDA:2,(anonymous_5)
FNDA:3,(anonymous_6)
FNDA:10,(anonymous_7)
FNDA:0,(anonymous_8)
DA:2,2
DA:3,2
DA:20,8
DA:21,8
DA:29,8
DA:32,0
DA:36,0
DA:44,8
DA:47,2
DA:56,2
DA:57,2
DA:66,8
DA:69,2
DA:70,2
DA:78,8
DA:81,3
DA:82,3
DA:91,10
DA:92,10
DA:93,10
DA:102,0
DA:106,2
LF:22
LH:19
BRDA:19,0,0,1
BRF:1
BRH:1
end_of_record
TN:
SF:src\Instrument\instrumentTables.ts
FN:15,(anonymous_0)
FN:24,(anonymous_1)
FN:42,(anonymous_2)
FNF:3
FNH:3
FNDA:1320,(anonymous_0)
FNDA:1320,(anonymous_1)
FNDA:11,(anonymous_2)
DA:6,3
DA:7,3
DA:8,3
DA:15,3
DA:16,1320
DA:24,3
DA:25,1320
DA:42,3
DA:49,11
DA:57,11
DA:59,11
DA:60,11
DA:62,11
DA:63,110
DA:64,1320
DA:65,1320
DA:66,1320
DA:67,1320
DA:68,1320
DA:72,11
DA:78,3
LF:21
LH:21
BRDA:42,0,0,1
BRF:1
BRH:1
end_of_record
TN:
SF:src\Note\Note.ts
FN:289,(anonymous_1)
FN:289,(anonymous_2)
FN:289,(anonymous_3)
FN:289,(anonymous_4)
FN:37,(anonymous_5)
FN:70,(anonymous_6)
FN:81,(anonymous_7)
FN:95,(anonymous_8)
FN:104,(anonymous_9)
FN:114,(anonymous_10)
FN:127,(anonymous_11)
FN:137,(anonymous_12)
FN:159,(anonymous_13)
FN:172,(anonymous_14)
FN:182,(anonymous_15)
FN:203,(anonymous_16)
FN:212,(anonymous_17)
FN:224,(anonymous_18)
FN:238,(anonymous_19)
FN:245,(anonymous_20)
FN:252,(anonymous_21)
FN:259,(anonymous_22)
FN:266,(anonymous_23)
FN:273,(anonymous_24)
FN:280,(anonymous_25)
FNF:25
FNH:21
FNDA:0,(anonymous_1)
FNDA:0,(anonymous_2)
FNDA:0,(anonymous_3)
FNDA:0,(anonymous_4)
FNDA:188,(anonymous_5)
FNDA:205,(anonymous_6)
FNDA:210,(anonymous_7)
FNDA:157,(anonymous_8)
FNDA:208,(anonymous_9)
FNDA:2,(anonymous_10)
FNDA:5,(anonymous_11)
FNDA:8,(anonymous_12)
FNDA:2,(anonymous_13)
FNDA:5,(anonymous_14)
FNDA:8,(anonymous_15)
FNDA:2,(anonymous_16)
FNDA:19,(anonymous_17)
FNDA:8,(anonymous_18)
FNDA:1,(anonymous_19)
FNDA:1,(anonymous_20)
FNDA:1,(anonymous_21)
FNDA:1,(anonymous_22)
FNDA:1,(anonymous_23)
FNDA:1,(anonymous_24)
FNDA:1,(anonymous_25)
DA:2,4
DA:3,4
DA:4,4
DA:5,4
DA:7,4
DA:16,4
DA:17,4
DA:38,188
DA:39,2
DA:40,2
DA:41,186
DA:42,20
DA:43,20
DA:44,20
DA:45,20
DA:49,166
DA:50,166
DA:51,166
DA:60,188
DA:67,188
DA:68,188
DA:71,205
DA:82,210
DA:83,210
DA:84,210
DA:85,210
DA:93,188
DA:96,157
DA:105,208
DA:115,2
DA:128,5
DA:129,5
DA:139,8
DA:140,8
DA:143,7
DA:147,2
DA:150,5
DA:160,2
DA:173,5
DA:174,5
DA:184,8
DA:185,8
DA:188,7
DA:192,2
DA:195,5
DA:204,2
DA:213,19
DA:226,8
DA:239,1
DA:246,1
DA:253,1
DA:260,1
DA:267,1
DA:274,1
DA:281,1
DA:288,4
DA:289,4
LF:57
LH:57
BRDA:38,0,0,2
BRDA:38,0,1,186
BRDA:41,1,0,20
BRDA:41,1,1,166
BRDA:43,2,0,20
BRDA:43,2,1,0
BRDA:44,3,0,20
BRDA:44,3,1,0
BRDA:49,4,0,166
BRDA:49,4,1,0
BRDA:50,5,0,166
BRDA:50,5,1,1
BRDA:140,6,0,1
BRDA:143,7,0,2
BRDA:185,8,0,1
BRDA:188,9,0,2
BRDA:204,10,0,2
BRDA:204,10,1,2
BRDA:238,11,0,1
BRDA:245,12,0,1
BRDA:252,13,0,0
BRDA:259,14,0,0
BRDA:266,15,0,0
BRDA:273,16,0,0
BRDA:280,17,0,0
BRF:25
BRH:17
end_of_record
TN:
SF:src\Note\noteConstants.ts
FNF:0
FNH:0
DA:4,6
DA:5,6
DA:6,6
DA:7,6
DA:8,6
DA:9,6
DA:10,6
DA:12,6
LF:8
LH:8
BRF:0
BRH:0
end_of_record
TN:
SF:src\Note\noteParser.ts
FN:25,(anonymous_7)
FN:59,(anonymous_8)
FN:60,(anonymous_9)
FN:103,(anonymous_10)
FN:143,(anonymous_11)
FN:162,(anonymous_12)
FN:163,(anonymous_13)
FN:176,(anonymous_14)
FNF:8
FNH:6
FNDA:28,(anonymous_7)
FNDA:6,(anonymous_8)
FNDA:3,(anonymous_9)
FNDA:0,(anonymous_10)
FNDA:28,(anonymous_11)
FNDA:5,(anonymous_12)
FNDA:5,(anonymous_13)
FNDA:0,(anonymous_14)
DA:2,5
DA:3,5
DA:4,5
DA:5,5
DA:6,5
DA:8,5
DA:16,5
DA:17,5
DA:18,5
DA:25,5
DA:29,28
DA:30,28
DA:31,28
DA:32,23
DA:35,5
DA:36,5
DA:40,0
DA:41,0
DA:46,5
DA:47,5
DA:48,5
DA:50,5
DA:51,5
DA:52,5
DA:55,5
DA:56,4
DA:58,3
DA:59,6
DA:60,3
DA:62,1
DA:66,5
DA:67,5
DA:68,5
DA:71,5
DA:72,5
DA:73,5
DA:75,5
DA:76,5
DA:78,5
DA:83,5
DA:85,5
DA:86,5
DA:87,5
DA:89,5
DA:95,0
DA:103,5
DA:104,0
DA:106,0
DA:107,0
DA:109,0
DA:110,0
DA:111,0
DA:112,0
DA:116,0
DA:117,0
DA:119,0
DA:120,0
DA:121,0
DA:122,0
DA:123,0
DA:127,0
DA:128,0
DA:133,0
DA:141,5
DA:143,5
DA:144,28
DA:145,0
DA:147,28
DA:154,5
DA:155,5
DA:157,0
DA:162,5
DA:164,5
DA:165,0
DA:166,0
DA:167,0
DA:172,0
DA:177,0
DA:180,5
LF:79
LH:52
BRDA:27,0,0,28
BRDA:31,1,0,23
BRDA:35,2,0,5
BRDA:40,3,0,0
BRDA:55,4,0,4
BRDA:56,5,0,3
BRDA:56,5,1,1
BRDA:66,6,0,5
BRDA:71,7,0,5
BRDA:76,8,0,4
BRDA:86,9,0,5
BRDA:144,10,0,0
BRDA:154,11,0,5
BRDA:154,11,1,0
BRDA:154,12,0,5
BRDA:154,12,1,5
BRDA:164,13,0,0
BRDA:164,14,0,5
BRDA:164,14,1,5
BRDA:166,15,0,0
BRF:20
BRH:15
end_of_record
TN:
SF:src\Note\stringTable.ts
FN:58,(anonymous_7)
FN:82,(anonymous_8)
FN:96,(anonymous_9)
FN:116,(anonymous_10)
FN:117,(anonymous_11)
FN:130,(anonymous_12)
FNF:6
FNH:3
FNDA:0,(anonymous_7)
FNDA:0,(anonymous_8)
FNDA:8,(anonymous_9)
FNDA:4,(anonymous_10)
FNDA:4,(anonymous_11)
FNDA:0,(anonymous_12)
DA:1,4
DA:9,4
DA:11,4
DA:13,4
DA:28,4
DA:43,4
DA:58,4
DA:59,0
DA:60,0
DA:61,0
DA:63,0
DA:64,0
DA:65,0
DA:67,0
DA:68,0
DA:70,0
DA:71,0
DA:75,0
DA:79,0
DA:82,4
DA:83,0
DA:85,0
DA:87,0
DA:90,0
DA:94,4
DA:96,4
DA:97,8
DA:98,0
DA:101,8
DA:108,4
DA:109,4
DA:111,0
DA:116,4
DA:118,4
DA:119,0
DA:120,0
DA:121,0
DA:126,0
DA:131,0
DA:134,4
LF:40
LH:17
BRDA:64,0,0,0
BRDA:67,1,0,0
BRDA:70,2,0,0
BRDA:83,3,0,0
BRDA:83,3,1,0
BRDA:83,3,2,0
BRDA:83,3,3,0
BRDA:97,4,0,0
BRDA:108,5,0,4
BRDA:108,5,1,0
BRDA:108,6,0,4
BRDA:108,6,1,4
BRDA:118,7,0,0
BRDA:118,8,0,4
BRDA:118,8,1,4
BRDA:120,9,0,0
BRF:16
BRH:5
end_of_record
TN:
SF:src\scale\Scale.ts
FN:155,(anonymous_7)
FN:197,(anonymous_8)
FN:215,(anonymous_9)
FN:236,(anonymous_10)
FN:251,(anonymous_11)
FN:270,(anonymous_12)
FN:282,(anonymous_13)
FN:298,(anonymous_14)
FN:400,(anonymous_15)
FN:421,(anonymous_16)
FN:433,(anonymous_17)
FN:486,(anonymous_18)
FN:503,(anonymous_19)
FN:524,(anonymous_20)
FN:543,(anonymous_21)
FN:569,(anonymous_22)
FN:592,(anonymous_23)
FN:610,(anonymous_24)
FN:637,(anonymous_25)
FN:657,(anonymous_26)
FN:673,(anonymous_27)
FN:688,(anonymous_28)
FN:703,(anonymous_29)
FN:718,(anonymous_30)
FN:733,(anonymous_31)
FN:748,(anonymous_32)
FN:763,(anonymous_33)
FN:778,(anonymous_34)
FN:792,(anonymous_35)
FN:810,(anonymous_36)
FN:814,(anonymous_37)
FN:888,(anonymous_38)
FN:917,(anonymous_39)
FN:926,(anonymous_40)
FN:927,(anonymous_41)
FN:941,(anonymous_42)
FNF:36
FNH:29
FNDA:82,(anonymous_7)
FNDA:2,(anonymous_8)
FNDA:10,(anonymous_9)
FNDA:69,(anonymous_10)
FNDA:83,(anonymous_11)
FNDA:267,(anonymous_12)
FNDA:209,(anonymous_13)
FNDA:21,(anonymous_14)
FNDA:91,(anonymous_15)
FNDA:51,(anonymous_16)
FNDA:19,(anonymous_17)
FNDA:0,(anonymous_18)
FNDA:18,(anonymous_19)
FNDA:1,(anonymous_20)
FNDA:1,(anonymous_21)
FNDA:6,(anonymous_22)
FNDA:1,(anonymous_23)
FNDA:2,(anonymous_24)
FNDA:1,(anonymous_25)
FNDA:0,(anonymous_26)
FNDA:1,(anonymous_27)
FNDA:1,(anonymous_28)
FNDA:1,(anonymous_29)
FNDA:1,(anonymous_30)
FNDA:1,(anonymous_31)
FNDA:1,(anonymous_32)
FNDA:1,(anonymous_33)
FNDA:2,(anonymous_34)
FNDA:0,(anonymous_35)
FNDA:0,(anonymous_36)
FNDA:0,(anonymous_37)
FNDA:0,(anonymous_38)
FNDA:2,(anonymous_39)
FNDA:2,(anonymous_40)
FNDA:2,(anonymous_41)
FNDA:0,(anonymous_42)
DA:1,2
DA:2,2
DA:3,2
DA:4,2
DA:12,2
DA:14,2
DA:15,2
DA:16,2
DA:19,2
DA:20,2
DA:21,2
DA:22,2
DA:23,2
DA:24,2
DA:156,82
DA:157,3
DA:158,3
DA:159,3
DA:160,79
DA:161,2
DA:162,2
DA:163,2
DA:164,2
DA:168,77
DA:169,77
DA:170,77
DA:173,82
DA:184,82
DA:198,2
DA:216,10
DA:221,10
DA:222,10
DA:228,82
DA:237,69
DA:252,83
DA:253,83
DA:254,83
DA:255,83
DA:261,82
DA:271,267
DA:283,209
DA:284,209
DA:290,82
DA:299,21
DA:401,91
DA:402,91
DA:403,91
DA:410,82
DA:411,82
DA:422,51
DA:423,19
DA:424,19
DA:426,51
DA:435,19
DA:443,19
DA:444,19
DA:445,19
DA:447,133
DA:451,133
DA:455,133
DA:459,19
DA:460,2
DA:465,2
DA:468,19
DA:469,1
DA:470,1
DA:473,19
DA:487,0
DA:488,0
DA:504,18
DA:509,18
DA:510,18
DA:511,18
DA:525,1
DA:530,1
DA:544,1
DA:549,1
DA:555,82
DA:556,82
DA:570,6
DA:571,6
DA:574,6
DA:575,6
DA:576,6
DA:578,6
DA:593,1
DA:594,1
DA:595,1
DA:611,2
DA:612,1
DA:613,1
DA:616,1
DA:617,1
DA:618,1
DA:621,2
DA:638,1
DA:639,1
DA:640,1
DA:641,1
DA:642,1
DA:658,0
DA:674,1
DA:675,1
DA:676,1
DA:689,1
DA:690,1
DA:691,1
DA:704,1
DA:705,1
DA:706,1
DA:719,1
DA:720,1
DA:721,1
DA:734,1
DA:735,1
DA:736,1
DA:749,1
DA:750,1
DA:751,1
DA:764,1
DA:765,1
DA:766,1
DA:779,2
DA:780,2
DA:781,2
DA:796,0
DA:797,0
DA:800,0
DA:801,0
DA:802,0
DA:808,0
DA:809,0
DA:810,0
DA:811,0
DA:814,0
DA:816,0
DA:818,0
DA:820,0
DA:822,0
DA:826,0
DA:827,0
DA:828,0
DA:832,0
DA:833,0
DA:836,0
DA:839,0
DA:840,0
DA:841,0
DA:844,0
DA:861,0
DA:862,0
DA:863,0
DA:865,0
DA:866,0
DA:867,0
DA:868,0
DA:871,0
DA:872,0
DA:877,0
DA:882,0
DA:889,0
DA:891,0
DA:892,0
DA:893,0
DA:894,0
DA:899,0
DA:905,0
DA:911,2
DA:918,2
DA:919,2
DA:921,0
DA:926,2
DA:928,2
DA:929,0
DA:930,0
DA:931,0
DA:932,0
DA:937,0
DA:942,0
DA:947,2
DA:949,2
LF:181
LH:129
BRDA:156,0,0,3
BRDA:156,0,1,79
BRDA:160,1,0,2
BRDA:160,1,1,77
BRDA:162,2,0,2
BRDA:162,2,1,0
BRDA:163,3,0,2
BRDA:163,3,1,1
BRDA:164,4,0,2
BRDA:164,4,1,0
BRDA:168,5,0,77
BRDA:168,5,1,42
BRDA:169,6,0,77
BRDA:169,6,1,60
BRDA:170,7,0,77
BRDA:170,7,1,0
BRDA:199,8,0,2
BRDA:199,8,1,2
BRDA:199,8,2,2
BRDA:221,9,0,1
BRDA:422,10,0,19
BRDA:447,11,0,19
BRDA:447,11,1,114
BRDA:459,12,0,2
BRDA:468,13,0,1
BRDA:486,14,0,0
BRDA:569,15,0,0
BRDA:570,16,0,6
BRDA:592,17,0,0
BRDA:611,18,0,1
BRDA:612,19,0,1
BRDA:639,20,0,1
BRDA:780,21,0,0
BRDA:794,22,0,0
BRDA:801,23,0,0
BRDA:826,24,0,0
BRDA:832,25,0,0
BRDA:834,26,0,0
BRDA:834,26,1,0
BRDA:839,27,0,0
BRDA:865,28,0,0
BRDA:867,29,0,0
BRDA:867,29,1,0
BRDA:873,30,0,0
BRDA:873,30,1,0
BRDA:918,31,0,2
BRDA:918,31,1,0
BRDA:918,32,0,2
BRDA:918,32,1,2
BRDA:928,33,0,0
BRDA:928,34,0,2
BRDA:928,34,1,2
BRDA:930,35,0,0
BRF:53
BRH:31
end_of_record
TN:
SF:src\scale\scaleConstants.ts
FNF:0
FNH:0
DA:1,2
DA:2,2
DA:4,2
LF:3
LH:3
BRF:0
BRH:0
end_of_record
TN:
SF:src\scale\scaleNameLookup.ts
FN:12,(anonymous_7)
FN:35,(anonymous_8)
FN:47,(anonymous_9)
FN:63,(anonymous_10)
FN:64,(anonymous_11)
FN:77,(anonymous_12)
FNF:6
FNH:4
FNDA:2,(anonymous_7)
FNDA:0,(anonymous_8)
FNDA:2,(anonymous_9)
FNDA:2,(anonymous_10)
FNDA:2,(anonymous_11)
FNDA:0,(anonymous_12)
DA:1,2
DA:2,2
DA:3,2
DA:12,2
DA:16,2
DA:17,2
DA:18,2
DA:20,0
DA:23,0
DA:24,0
DA:25,0
DA:26,0
DA:27,0
DA:28,0
DA:31,0
DA:32,0
DA:35,2
DA:36,0
DA:38,0
DA:39,0
DA:42,0
DA:45,2
DA:47,2
DA:48,2
DA:49,0
DA:52,2
DA:55,2
DA:56,2
DA:58,0
DA:63,2
DA:65,2
DA:66,0
DA:67,0
DA:68,0
DA:73,0
DA:78,0
DA:81,2
LF:37
LH:17
BRDA:14,0,0,2
BRDA:18,1,0,2
BRDA:20,2,0,0
BRDA:27,3,0,0
BRDA:48,4,0,0
BRDA:55,5,0,2
BRDA:55,5,1,0
BRDA:55,6,0,2
BRDA:55,6,1,2
BRDA:65,7,0,0
BRDA:65,8,0,2
BRDA:65,8,1,2
BRDA:67,9,0,0
BRF:13
BRH:7
end_of_record
TN:
SF:src\scale\scaleParser.ts
FN:29,(anonymous_7)
FN:65,(anonymous_8)
FN:66,(anonymous_9)
FN:106,(anonymous_10)
FN:136,(anonymous_11)
FN:177,(anonymous_12)
FN:193,(anonymous_13)
FN:194,(anonymous_14)
FN:207,(anonymous_15)
FNF:9
FNH:5
FNDA:9,(anonymous_7)
FNDA:0,(anonymous_8)
FNDA:0,(anonymous_9)
FNDA:225,(anonymous_10)
FNDA:0,(anonymous_11)
FNDA:9,(anonymous_12)
FNDA:3,(anonymous_13)
FNDA:3,(anonymous_14)
FNDA:0,(anonymous_15)
DA:2,3
DA:8,3
DA:9,3
DA:10,3
DA:11,3
DA:12,3
DA:13,3
DA:18,3
DA:19,3
DA:20,3
DA:21,3
DA:29,3
DA:33,9
DA:34,9
DA:35,9
DA:36,0
DA:39,9
DA:40,9
DA:44,0
DA:45,0
DA:50,9
DA:51,9
DA:52,9
DA:53,9
DA:55,9
DA:56,9
DA:57,9
DA:58,9
DA:61,9
DA:62,2
DA:64,0
DA:65,0
DA:66,0
DA:68,2
DA:72,9
DA:73,8
DA:74,8
DA:77,9
DA:78,7
DA:81,7
DA:84,9
DA:85,8
DA:86,8
DA:88,8
DA:89,8
DA:91,8
DA:97,8
DA:99,8
DA:100,8
DA:101,7
DA:103,8
DA:105,8
DA:106,7
DA:107,225
DA:114,8
DA:115,1
DA:116,1
DA:120,7
DA:122,7
DA:129,1
DA:136,3
DA:137,0
DA:139,0
DA:140,0
DA:141,0
DA:143,0
DA:144,0
DA:146,0
DA:148,0
DA:149,0
DA:151,0
DA:153,0
DA:154,0
DA:156,0
DA:158,0
DA:159,0
DA:161,0
DA:167,0
DA:175,3
DA:177,3
DA:178,9
DA:179,0
DA:182,9
DA:185,3
DA:186,3
DA:188,0
DA:193,3
DA:195,3
DA:196,0
DA:197,0
DA:198,0
DA:203,0
DA:208,0
DA:211,3
LF:94
LH:64
BRDA:31,0,0,9
BRDA:35,1,0,0
BRDA:39,2,0,9
BRDA:44,3,0,0
BRDA:61,4,0,2
BRDA:62,5,0,0
BRDA:62,5,1,2
BRDA:72,6,0,8
BRDA:77,7,0,7
BRDA:84,8,0,8
BRDA:89,9,0,2
BRDA:100,10,0,7
BRDA:105,11,0,7
BRDA:114,12,0,1
BRDA:178,13,0,0
BRDA:185,14,0,3
BRDA:185,14,1,0
BRDA:185,15,0,3
BRDA:185,15,1,3
BRDA:195,16,0,0
BRDA:195,17,0,3
BRDA:195,17,1,3
BRDA:197,18,0,0
BRF:23
BRH:16
end_of_record
TN:
SF:src\scale\scaleTemplates.ts
FN:121,(anonymous_0)
FNF:1
FNH:1
FNDA:219,(anonymous_0)
DA:4,3
DA:114,3
DA:115,3
DA:116,3
DA:117,3
DA:118,3
DA:119,3
DA:121,3
DA:122,219
DA:125,3
LF:10
LH:10
BRF:0
BRH:0
end_of_record
TN:
SF:src\utils\clamp.ts
FN:10,(anonymous_0)
FNF:1
FNH:1
FNDA:482,(anonymous_0)
DA:10,7
DA:11,482
DA:13,7
LF:3
LH:3
BRF:0
BRH:0
end_of_record
TN:
SF:src\utils\clone.ts
FN:6,(anonymous_0)
FNF:1
FNH:1
FNDA:128,(anonymous_0)
DA:6,2
DA:7,128
DA:10,2
LF:3
LH:3
BRF:0
BRH:0
end_of_record
TN:
SF:src\utils\isEqual.ts
FN:6,(anonymous_0)
FNF:1
FNH:1
FNDA:4,(anonymous_0)
DA:6,2
DA:7,4
DA:8,4
DA:9,4
DA:12,2
LF:5
LH:5
BRF:0
BRH:0
end_of_record
TN:
SF:src\utils\shift.ts
FN:8,(anonymous_0)
FNF:1
FNH:1
FNDA:31,(anonymous_0)
DA:8,3
DA:9,31
DA:10,31
DA:11,2
DA:12,29
DA:13,10
DA:15,10
DA:18,29
DA:19,3
DA:20,3
DA:23,29
DA:26,3
LF:12
LH:12
BRDA:8,0,0,1
BRDA:10,1,0,2
BRDA:10,2,0,31
BRDA:10,2,1,30
BRDA:12,3,0,10
BRDA:18,4,0,3
BRF:6
BRH:6
end_of_record
TN:
SF:src\utils\wrap.ts
FN:18,(anonymous_0)
FNF:1
FNH:1
FNDA:387,(anonymous_0)
DA:18,7
DA:20,387
DA:21,387
DA:22,387
DA:25,387
DA:26,1
DA:27,1
DA:31,387
DA:34,387
DA:35,387
DA:36,387
DA:39,387
DA:41,387
DA:43,387
DA:46,387
DA:47,387
DA:48,387
DA:51,387
DA:52,3
DA:53,3
DA:56,384
DA:57,6
DA:58,6
DA:62,387
DA:64,387
DA:70,7
LF:26
LH:26
BRDA:25,0,0,1
BRDA:41,1,0,2
BRDA:41,2,0,387
BRDA:41,2,1,343
BRDA:43,3,0,37
BRDA:43,4,0,387
BRDA:43,4,1,41
BRDA:48,5,0,384
BRDA:48,6,0,387
BRDA:48,6,1,386
BRDA:51,7,0,3
BRDA:51,7,1,384
BRDA:56,8,0,6
BRF:13
BRH:13
end_of_record
