TN:
SF:src\Modifier.ts
FN:1,(anonymous_0)
FN:7,(anonymous_1)
FNF:2
FNH:2
FNDA:4,(anonymous_0)
FNDA:646,(anonymous_1)
DA:1,4
DA:2,4
DA:3,4
DA:4,4
DA:7,4
DA:8,646
DA:11,216
DA:16,426
DA:19,4
DA:23,4
DA:24,4
LF:11
LH:11
BRDA:1,0,0,4
BRDA:1,0,1,4
BRDA:8,1,0,215
BRDA:8,1,1,216
BRDA:8,1,2,214
BRDA:8,1,3,425
BRDA:8,1,4,426
BRDA:8,1,5,4
BRF:8
BRH:8
end_of_record
TN:
SF:src\Semitone.ts
FN:6,(anonymous_0)
FN:36,(anonymous_1)
FNF:2
FNH:2
FNDA:4,(anonymous_0)
FNDA:854,(anonymous_1)
DA:6,4
DA:7,4
DA:8,4
DA:9,4
DA:10,4
DA:11,4
DA:12,4
DA:13,4
DA:14,4
DA:15,4
DA:16,4
DA:17,4
DA:18,4
DA:19,4
DA:20,4
DA:21,4
DA:22,4
DA:23,4
DA:24,4
DA:25,4
DA:26,4
DA:27,4
DA:36,4
DA:37,854
DA:38,852
DA:40,852
DA:43,4
DA:44,4
LF:28
LH:28
BRDA:6,0,0,4
BRDA:6,0,1,4
BRDA:37,1,0,2
BRDA:37,2,0,854
BRDA:37,2,1,853
BRDA:37,2,2,853
BRF:6
BRH:6
end_of_record
TN:
SF:src\Instrument\Instrument.ts
FN:21,(anonymous_2)
FN:31,(anonymous_3)
FN:40,(anonymous_4)
FN:49,(anonymous_5)
FNF:4
FNH:3
FNDA:4,(anonymous_2)
FNDA:0,(anonymous_3)
FNDA:1,(anonymous_4)
FNDA:1,(anonymous_5)
DA:1,1
DA:3,1
DA:13,1
DA:22,4
DA:32,0
DA:41,1
DA:50,1
DA:54,1
LF:8
LH:7
BRDA:21,0,0,3
BRF:1
BRH:1
end_of_record
TN:
SF:src\Instrument\Tuning.ts
FN:17,(anonymous_2)
FN:28,(anonymous_3)
FN:39,(anonymous_4)
FN:48,(anonymous_5)
FN:61,(anonymous_6)
FN:73,(anonymous_7)
FN:83,(anonymous_8)
FNF:7
FNH:6
FNDA:8,(anonymous_2)
FNDA:0,(anonymous_3)
FNDA:2,(anonymous_4)
FNDA:2,(anonymous_5)
FNDA:2,(anonymous_6)
FNDA:3,(anonymous_7)
FNDA:10,(anonymous_8)
DA:1,2
DA:2,2
DA:13,2
DA:18,8
DA:19,8
DA:29,0
DA:37,8
DA:40,2
DA:49,2
DA:50,2
DA:59,8
DA:62,2
DA:63,2
DA:71,8
DA:74,3
DA:75,3
DA:84,10
DA:85,10
DA:86,10
DA:90,2
LF:20
LH:19
BRDA:17,0,0,1
BRF:1
BRH:1
end_of_record
TN:
SF:src\Instrument\instrumentTables.ts
FN:15,(anonymous_0)
FN:23,(anonymous_1)
FN:40,(anonymous_2)
FNF:3
FNH:3
FNDA:1320,(anonymous_0)
FNDA:1320,(anonymous_1)
FNDA:11,(anonymous_2)
DA:6,3
DA:7,3
DA:8,3
DA:15,1320
DA:23,1320
DA:40,3
DA:47,11
DA:55,11
DA:57,11
DA:58,11
DA:60,11
DA:61,110
DA:62,1320
DA:63,1320
DA:64,1320
DA:65,1320
DA:66,1320
DA:70,11
DA:76,3
LF:19
LH:19
BRDA:40,0,0,1
BRF:1
BRH:1
end_of_record
TN:
SF:src\Note\Note.ts
FN:278,(anonymous_2)
FN:278,(anonymous_3)
FN:278,(anonymous_4)
FN:278,(anonymous_5)
FN:35,(anonymous_6)
FN:59,(anonymous_7)
FN:71,(anonymous_8)
FN:82,(anonymous_9)
FN:96,(anonymous_10)
FN:105,(anonymous_11)
FN:115,(anonymous_12)
FN:128,(anonymous_13)
FN:138,(anonymous_14)
FN:156,(anonymous_15)
FN:169,(anonymous_16)
FN:179,(anonymous_17)
FN:196,(anonymous_18)
FN:205,(anonymous_19)
FN:217,(anonymous_20)
FN:227,(anonymous_21)
FN:234,(anonymous_22)
FN:241,(anonymous_23)
FN:248,(anonymous_24)
FN:255,(anonymous_25)
FN:262,(anonymous_26)
FN:269,(anonymous_27)
FNF:26
FNH:21
FNDA:0,(anonymous_2)
FNDA:0,(anonymous_3)
FNDA:0,(anonymous_4)
FNDA:0,(anonymous_5)
FNDA:37,(anonymous_6)
FNDA:0,(anonymous_7)
FNDA:63,(anonymous_8)
FNDA:50,(anonymous_9)
FNDA:28,(anonymous_10)
FNDA:39,(anonymous_11)
FNDA:2,(anonymous_12)
FNDA:5,(anonymous_13)
FNDA:7,(anonymous_14)
FNDA:2,(anonymous_15)
FNDA:5,(anonymous_16)
FNDA:7,(anonymous_17)
FNDA:2,(anonymous_18)
FNDA:1,(anonymous_19)
FNDA:5,(anonymous_20)
FNDA:1,(anonymous_21)
FNDA:1,(anonymous_22)
FNDA:1,(anonymous_23)
FNDA:1,(anonymous_24)
FNDA:1,(anonymous_25)
FNDA:1,(anonymous_26)
FNDA:1,(anonymous_27)
DA:1,2
DA:2,2
DA:3,2
DA:4,2
DA:5,2
DA:7,2
DA:16,2
DA:29,2
DA:36,37
DA:37,2
DA:38,2
DA:39,35
DA:40,20
DA:41,20
DA:42,20
DA:43,20
DA:47,15
DA:48,15
DA:49,15
DA:60,0
DA:68,37
DA:69,37
DA:72,63
DA:83,50
DA:84,50
DA:85,50
DA:86,50
DA:94,37
DA:97,28
DA:106,39
DA:116,2
DA:129,5
DA:130,5
DA:140,7
DA:141,7
DA:144,7
DA:147,5
DA:157,2
DA:170,5
DA:171,5
DA:181,7
DA:182,7
DA:185,7
DA:188,5
DA:197,2
DA:206,1
DA:218,5
DA:228,1
DA:235,1
DA:242,1
DA:249,1
DA:256,1
DA:263,1
DA:270,1
DA:277,2
DA:278,2
LF:56
LH:55
BRDA:36,0,0,2
BRDA:36,0,1,35
BRDA:39,1,0,20
BRDA:39,1,1,15
BRDA:41,2,0,20
BRDA:41,2,1,0
BRDA:42,3,0,20
BRDA:42,3,1,0
BRDA:47,4,0,15
BRDA:47,4,1,0
BRDA:48,5,0,15
BRDA:48,5,1,1
BRDA:141,6,0,0
BRDA:144,7,0,2
BRDA:182,8,0,0
BRDA:185,9,0,2
BRDA:197,10,0,2
BRDA:197,10,1,2
BRDA:227,11,0,1
BRDA:234,12,0,1
BRDA:241,13,0,0
BRDA:248,14,0,0
BRDA:255,15,0,0
BRDA:262,16,0,0
BRDA:269,17,0,0
BRF:25
BRH:15
end_of_record
TN:
SF:src\Note\noteConstants.ts
FNF:0
FNH:0
DA:4,3
DA:5,3
DA:6,3
DA:7,3
DA:8,3
DA:9,3
DA:10,3
DA:12,3
LF:8
LH:8
BRF:0
BRH:0
end_of_record
TN:
SF:src\Note\noteParser.ts
FN:22,(anonymous_1)
FN:52,(anonymous_2)
FN:94,(anonymous_3)
FNF:3
FNH:3
FNDA:868,(anonymous_1)
FNDA:3,(anonymous_2)
FNDA:3,(anonymous_3)
DA:2,3
DA:3,3
DA:4,3
DA:5,3
DA:6,3
DA:13,3
DA:14,3
DA:15,3
DA:22,3
DA:23,868
DA:24,868
DA:25,28
DA:26,23
DA:29,5
DA:30,5
DA:34,840
DA:35,0
DA:40,845
DA:41,845
DA:42,845
DA:44,845
DA:45,845
DA:46,845
DA:49,845
DA:50,634
DA:52,3
DA:53,3
DA:54,3
DA:55,3
DA:58,631
DA:62,845
DA:63,845
DA:64,845
DA:67,845
DA:68,845
DA:69,845
DA:71,845
DA:72,845
DA:74,845
DA:75,845
DA:77,845
DA:78,845
DA:80,845
DA:86,0
DA:94,3
DA:95,3
DA:97,3
DA:98,3
DA:100,3
DA:101,21
DA:102,21
DA:103,63
DA:104,63
DA:106,21
DA:107,189
DA:108,189
DA:109,189
DA:110,567
DA:111,567
DA:116,3
DA:124,3
DA:126,3
LF:62
LH:60
BRDA:22,0,0,28
BRDA:25,1,0,23
BRDA:29,2,0,5
BRDA:34,3,0,0
BRDA:49,4,0,634
BRDA:50,5,0,3
BRDA:50,5,1,631
BRDA:53,6,0,3
BRDA:62,7,0,845
BRDA:67,8,0,845
BRDA:72,9,0,634
BRDA:78,10,0,761
BRF:12
BRH:11
end_of_record
TN:
SF:src\Note\stringTable.ts
FN:24,(anonymous_1)
FN:46,(anonymous_2)
FNF:2
FNH:2
FNDA:2,(anonymous_1)
FNDA:288,(anonymous_2)
DA:1,2
DA:3,2
DA:5,2
DA:20,2
DA:22,2
DA:24,2
DA:25,2
DA:26,2
DA:27,24
DA:29,288
DA:30,288
DA:31,144
DA:33,144
DA:35,144
DA:39,288
DA:43,2
DA:46,2
DA:47,288
DA:49,12
DA:51,12
DA:54,264
DA:60,2
DA:62,2
LF:23
LH:23
BRDA:30,0,0,144
BRDA:33,1,0,12
BRDA:35,2,0,12
BRDA:47,3,0,12
BRDA:47,3,1,12
BRDA:47,3,2,120
BRDA:47,3,3,264
BRF:7
BRH:7
end_of_record
TN:
SF:src\composables\Identifiable.ts
FN:3,(anonymous_0)
FN:4,(anonymous_1)
FN:5,(anonymous_2)
FNF:3
FNH:3
FNDA:6,(anonymous_0)
FNDA:6,(anonymous_1)
FNDA:11,(anonymous_2)
DA:1,4
DA:3,4
DA:4,6
DA:5,6
DA:6,11
DA:8,11
DA:9,1
DA:12,11
DA:17,4
LF:9
LH:9
BRDA:6,0,0,2
BRDA:8,1,0,1
BRF:2
BRH:2
end_of_record
TN:
SF:src\utils\clamp.ts
FN:1,(anonymous_0)
FNF:1
FNH:1
FNDA:810,(anonymous_0)
DA:1,4
DA:2,810
DA:4,4
LF:3
LH:3
BRF:0
BRH:0
end_of_record
TN:
SF:src\utils\wrap.ts
FN:12,(anonymous_0)
FNF:1
FNH:1
FNDA:1203,(anonymous_0)
DA:12,4
DA:14,1203
DA:15,1203
DA:16,1203
DA:19,1203
DA:20,1
DA:21,1
DA:25,1203
DA:28,1203
DA:29,1203
DA:30,1203
DA:33,1203
DA:35,1203
DA:37,1203
DA:40,1203
DA:41,1203
DA:42,1203
DA:45,1203
DA:46,33
DA:47,33
DA:50,1170
DA:51,64
DA:52,64
DA:56,1203
DA:58,1203
DA:64,4
LF:26
LH:26
BRDA:19,0,0,1
BRDA:35,1,0,32
BRDA:35,2,0,1203
BRDA:35,2,1,1079
BRDA:37,3,0,59
BRDA:37,4,0,1203
BRDA:37,4,1,121
BRDA:42,5,0,1200
BRDA:42,6,0,1203
BRDA:42,6,1,1202
BRDA:45,7,0,33
BRDA:45,7,1,1170
BRDA:50,8,0,64
BRF:13
BRH:13
end_of_record
